[ 2015-02-16T00:16:56+08:00 ] 142.59.92.191 
INFO: [ app_begin ] --START--
INFO: ReadHtmlCache Behavior ::run [ RunTime:0.000328s ]
INFO: [ app_begin ] --END-- [ RunTime:0.000395s ]
INFO: [ view_parse ] --START--
INFO: ParseTemplate Behavior ::run [ RunTime:0.000402s ]
INFO: [ view_parse ] --END-- [ RunTime:0.000449s ]
INFO: [ view_filter ] --START--
NOTIC: [8] Use of undefined constant APP_TMPL_PATH - assumed 'APP_TMPL_PATH' /mnt/b/ThinkPHP/Lib/Behavior/ContentReplaceBehavior.class.php 第 40 行.
NOTIC: [8] Use of undefined constant APP_TMPL_PATH - assumed 'APP_TMPL_PATH' /mnt/b/ThinkPHP/Lib/Behavior/ContentReplaceBehavior.class.php 第 47 行.
INFO: ContentReplace Behavior ::run [ RunTime:0.000248s ]
INFO: TokenBuild Behavior ::run [ RunTime:0.000190s ]
INFO: WriteHtmlCache Behavior ::run [ RunTime:0.000124s ]
INFO: ShowRuntime Behavior ::run [ RunTime:0.000240s ]
INFO: [ view_filter ] --END-- [ RunTime:0.000914s ]
INFO: [ view_end ] --START--
INFO: ShowPageTrace Behavior ::run [ RunTime:0.000379s ]
INFO: [ view_end ] --END-- [ RunTime:0.000417s ]

[ 2015-02-16T01:24:19+08:00 ] 111.251.50.238 mx3.mail2000.com.tw:25
INFO: [ app_begin ] --START--
INFO: ReadHtmlCache Behavior ::run [ RunTime:0.000307s ]
INFO: [ app_begin ] --END-- [ RunTime:0.000372s ]
INFO: [ view_parse ] --START--
INFO: ParseTemplate Behavior ::run [ RunTime:0.000407s ]
INFO: [ view_parse ] --END-- [ RunTime:0.000454s ]
INFO: [ view_filter ] --START--
NOTIC: [8] Use of undefined constant APP_TMPL_PATH - assumed 'APP_TMPL_PATH' /mnt/b/ThinkPHP/Lib/Behavior/ContentReplaceBehavior.class.php 第 40 行.
NOTIC: [8] Use of undefined constant APP_TMPL_PATH - assumed 'APP_TMPL_PATH' /mnt/b/ThinkPHP/Lib/Behavior/ContentReplaceBehavior.class.php 第 47 行.
INFO: ContentReplace Behavior ::run [ RunTime:0.000248s ]
INFO: TokenBuild Behavior ::run [ RunTime:0.000192s ]
INFO: WriteHtmlCache Behavior ::run [ RunTime:0.000124s ]
INFO: ShowRuntime Behavior ::run [ RunTime:0.000243s ]
INFO: [ view_filter ] --END-- [ RunTime:0.000921s ]
INFO: [ view_end ] --START--
INFO: ShowPageTrace Behavior ::run [ RunTime:0.000371s ]
INFO: [ view_end ] --END-- [ RunTime:0.000408s ]

[ 2015-02-16T01:34:52+08:00 ] 50.134.253.154 
INFO: [ app_begin ] --START--
INFO: ReadHtmlCache Behavior ::run [ RunTime:0.000322s ]
INFO: [ app_begin ] --END-- [ RunTime:0.000388s ]
INFO: [ view_parse ] --START--
INFO: ParseTemplate Behavior ::run [ RunTime:0.000436s ]
INFO: [ view_parse ] --END-- [ RunTime:0.000481s ]
INFO: [ view_filter ] --START--
NOTIC: [8] Use of undefined constant APP_TMPL_PATH - assumed 'APP_TMPL_PATH' /mnt/b/ThinkPHP/Lib/Behavior/ContentReplaceBehavior.class.php 第 40 行.
NOTIC: [8] Use of undefined constant APP_TMPL_PATH - assumed 'APP_TMPL_PATH' /mnt/b/ThinkPHP/Lib/Behavior/ContentReplaceBehavior.class.php 第 47 行.
INFO: ContentReplace Behavior ::run [ RunTime:0.000239s ]
INFO: TokenBuild Behavior ::run [ RunTime:0.000188s ]
INFO: WriteHtmlCache Behavior ::run [ RunTime:0.000123s ]
INFO: ShowRuntime Behavior ::run [ RunTime:0.000240s ]
INFO: [ view_filter ] --END-- [ RunTime:0.000899s ]
INFO: [ view_end ] --START--
INFO: ShowPageTrace Behavior ::run [ RunTime:0.000360s ]
INFO: [ view_end ] --END-- [ RunTime:0.000396s ]

[ 2015-02-16T01:41:47+08:00 ] 212.18.51.98 
INFO: [ app_begin ] --START--
INFO: ReadHtmlCache Behavior ::run [ RunTime:0.000308s ]
INFO: [ app_begin ] --END-- [ RunTime:0.000382s ]
INFO: [ view_parse ] --START--
INFO: ParseTemplate Behavior ::run [ RunTime:0.000429s ]
INFO: [ view_parse ] --END-- [ RunTime:0.000475s ]
INFO: [ view_filter ] --START--
NOTIC: [8] Use of undefined constant APP_TMPL_PATH - assumed 'APP_TMPL_PATH' /mnt/b/ThinkPHP/Lib/Behavior/ContentReplaceBehavior.class.php 第 40 行.
NOTIC: [8] Use of undefined constant APP_TMPL_PATH - assumed 'APP_TMPL_PATH' /mnt/b/ThinkPHP/Lib/Behavior/ContentReplaceBehavior.class.php 第 47 行.
INFO: ContentReplace Behavior ::run [ RunTime:0.000235s ]
INFO: TokenBuild Behavior ::run [ RunTime:0.000193s ]
INFO: WriteHtmlCache Behavior ::run [ RunTime:0.000147s ]
INFO: ShowRuntime Behavior ::run [ RunTime:0.000244s ]
INFO: [ view_filter ] --END-- [ RunTime:0.000930s ]
INFO: [ view_end ] --START--
INFO: ShowPageTrace Behavior ::run [ RunTime:0.000347s ]
INFO: [ view_end ] --END-- [ RunTime:0.000384s ]

[ 2015-02-16T07:08:16+08:00 ] 69.159.37.118 
INFO: [ app_begin ] --START--
INFO: ReadHtmlCache Behavior ::run [ RunTime:0.000314s ]
INFO: [ app_begin ] --END-- [ RunTime:0.000380s ]
INFO: [ view_parse ] --START--
INFO: ParseTemplate Behavior ::run [ RunTime:0.000422s ]
INFO: [ view_parse ] --END-- [ RunTime:0.000472s ]
INFO: [ view_filter ] --START--
NOTIC: [8] Use of undefined constant APP_TMPL_PATH - assumed 'APP_TMPL_PATH' /mnt/b/ThinkPHP/Lib/Behavior/ContentReplaceBehavior.class.php 第 40 行.
NOTIC: [8] Use of undefined constant APP_TMPL_PATH - assumed 'APP_TMPL_PATH' /mnt/b/ThinkPHP/Lib/Behavior/ContentReplaceBehavior.class.php 第 47 行.
INFO: ContentReplace Behavior ::run [ RunTime:0.000237s ]
INFO: TokenBuild Behavior ::run [ RunTime:0.000214s ]
INFO: WriteHtmlCache Behavior ::run [ RunTime:0.000135s ]
INFO: ShowRuntime Behavior ::run [ RunTime:0.000246s ]
INFO: [ view_filter ] --END-- [ RunTime:0.000942s ]
INFO: [ view_end ] --START--
INFO: ShowPageTrace Behavior ::run [ RunTime:0.000371s ]
INFO: [ view_end ] --END-- [ RunTime:0.000410s ]

[ 2015-02-16T07:40:09+08:00 ] 78.11.14.19 
INFO: [ app_begin ] --START--
INFO: ReadHtmlCache Behavior ::run [ RunTime:0.000327s ]
INFO: [ app_begin ] --END-- [ RunTime:0.000394s ]
INFO: [ view_parse ] --START--
INFO: ParseTemplate Behavior ::run [ RunTime:0.000406s ]
INFO: [ view_parse ] --END-- [ RunTime:0.000452s ]
INFO: [ view_filter ] --START--
NOTIC: [8] Use of undefined constant APP_TMPL_PATH - assumed 'APP_TMPL_PATH' /mnt/b/ThinkPHP/Lib/Behavior/ContentReplaceBehavior.class.php 第 40 行.
NOTIC: [8] Use of undefined constant APP_TMPL_PATH - assumed 'APP_TMPL_PATH' /mnt/b/ThinkPHP/Lib/Behavior/ContentReplaceBehavior.class.php 第 47 行.
INFO: ContentReplace Behavior ::run [ RunTime:0.000250s ]
INFO: TokenBuild Behavior ::run [ RunTime:0.000196s ]
INFO: WriteHtmlCache Behavior ::run [ RunTime:0.000127s ]
INFO: ShowRuntime Behavior ::run [ RunTime:0.000242s ]
INFO: [ view_filter ] --END-- [ RunTime:0.000926s ]
INFO: [ view_end ] --START--
INFO: ShowPageTrace Behavior ::run [ RunTime:0.000398s ]
INFO: [ view_end ] --END-- [ RunTime:0.000436s ]

[ 2015-02-16T09:15:10+08:00 ] 202.116.234.16 /
INFO: [ app_begin ] --START--
INFO: ReadHtmlCache Behavior ::run [ RunTime:0.000321s ]
INFO: [ app_begin ] --END-- [ RunTime:0.000387s ]
INFO: [ view_parse ] --START--
INFO: ParseTemplate Behavior ::run [ RunTime:0.000411s ]
INFO: [ view_parse ] --END-- [ RunTime:0.000457s ]
INFO: [ view_filter ] --START--
NOTIC: [8] Use of undefined constant APP_TMPL_PATH - assumed 'APP_TMPL_PATH' /mnt/b/ThinkPHP/Lib/Behavior/ContentReplaceBehavior.class.php 第 40 行.
NOTIC: [8] Use of undefined constant APP_TMPL_PATH - assumed 'APP_TMPL_PATH' /mnt/b/ThinkPHP/Lib/Behavior/ContentReplaceBehavior.class.php 第 47 行.
INFO: ContentReplace Behavior ::run [ RunTime:0.000267s ]
INFO: TokenBuild Behavior ::run [ RunTime:0.000192s ]
INFO: WriteHtmlCache Behavior ::run [ RunTime:0.000125s ]
INFO: ShowRuntime Behavior ::run [ RunTime:0.000254s ]
INFO: [ view_filter ] --END-- [ RunTime:0.000950s ]
INFO: [ view_end ] --START--
INFO: ShowPageTrace Behavior ::run [ RunTime:0.000362s ]
INFO: [ view_end ] --END-- [ RunTime:0.000400s ]

[ 2015-02-16T11:49:21+08:00 ] 82.227.225.8 
INFO: [ app_begin ] --START--
INFO: ReadHtmlCache Behavior ::run [ RunTime:0.000315s ]
INFO: [ app_begin ] --END-- [ RunTime:0.000381s ]
INFO: [ view_parse ] --START--
INFO: ParseTemplate Behavior ::run [ RunTime:0.000416s ]
INFO: [ view_parse ] --END-- [ RunTime:0.000464s ]
INFO: [ view_filter ] --START--
NOTIC: [8] Use of undefined constant APP_TMPL_PATH - assumed 'APP_TMPL_PATH' /mnt/b/ThinkPHP/Lib/Behavior/ContentReplaceBehavior.class.php 第 40 行.
NOTIC: [8] Use of undefined constant APP_TMPL_PATH - assumed 'APP_TMPL_PATH' /mnt/b/ThinkPHP/Lib/Behavior/ContentReplaceBehavior.class.php 第 47 行.
INFO: ContentReplace Behavior ::run [ RunTime:0.000248s ]
INFO: TokenBuild Behavior ::run [ RunTime:0.000196s ]
INFO: WriteHtmlCache Behavior ::run [ RunTime:0.000133s ]
INFO: ShowRuntime Behavior ::run [ RunTime:0.000243s ]
INFO: [ view_filter ] --END-- [ RunTime:0.000932s ]
INFO: [ view_end ] --START--
INFO: ShowPageTrace Behavior ::run [ RunTime:0.000368s ]
INFO: [ view_end ] --END-- [ RunTime:0.000405s ]

[ 2015-02-16T12:55:49+08:00 ] 23.124.108.220 
INFO: [ app_begin ] --START--
INFO: ReadHtmlCache Behavior ::run [ RunTime:0.000308s ]
INFO: [ app_begin ] --END-- [ RunTime:0.000373s ]
INFO: [ view_parse ] --START--
INFO: ParseTemplate Behavior ::run [ RunTime:0.000429s ]
INFO: [ view_parse ] --END-- [ RunTime:0.000474s ]
INFO: [ view_filter ] --START--
NOTIC: [8] Use of undefined constant APP_TMPL_PATH - assumed 'APP_TMPL_PATH' /mnt/b/ThinkPHP/Lib/Behavior/ContentReplaceBehavior.class.php 第 40 行.
NOTIC: [8] Use of undefined constant APP_TMPL_PATH - assumed 'APP_TMPL_PATH' /mnt/b/ThinkPHP/Lib/Behavior/ContentReplaceBehavior.class.php 第 47 行.
INFO: ContentReplace Behavior ::run [ RunTime:0.000220s ]
INFO: TokenBuild Behavior ::run [ RunTime:0.000189s ]
INFO: WriteHtmlCache Behavior ::run [ RunTime:0.000124s ]
INFO: ShowRuntime Behavior ::run [ RunTime:0.000261s ]
INFO: [ view_filter ] --END-- [ RunTime:0.000907s ]
INFO: [ view_end ] --START--
INFO: ShowPageTrace Behavior ::run [ RunTime:0.000337s ]
INFO: [ view_end ] --END-- [ RunTime:0.000374s ]

[ 2015-02-16T13:55:40+08:00 ] 42.156.250.116 /
INFO: [ app_begin ] --START--
INFO: ReadHtmlCache Behavior ::run [ RunTime:0.012345s ]
INFO: [ app_begin ] --END-- [ RunTime:0.012404s ]
INFO: [ view_parse ] --START--
INFO: ParseTemplate Behavior ::run [ RunTime:0.000420s ]
INFO: [ view_parse ] --END-- [ RunTime:0.000466s ]
INFO: [ view_filter ] --START--
NOTIC: [8] Use of undefined constant APP_TMPL_PATH - assumed 'APP_TMPL_PATH' /mnt/b/ThinkPHP/Lib/Behavior/ContentReplaceBehavior.class.php 第 40 行.
NOTIC: [8] Use of undefined constant APP_TMPL_PATH - assumed 'APP_TMPL_PATH' /mnt/b/ThinkPHP/Lib/Behavior/ContentReplaceBehavior.class.php 第 47 行.
INFO: ContentReplace Behavior ::run [ RunTime:0.000245s ]
INFO: TokenBuild Behavior ::run [ RunTime:0.000194s ]
INFO: WriteHtmlCache Behavior ::run [ RunTime:0.000128s ]
INFO: ShowRuntime Behavior ::run [ RunTime:0.000249s ]
INFO: [ view_filter ] --END-- [ RunTime:0.000929s ]
INFO: [ view_end ] --START--
INFO: ShowPageTrace Behavior ::run [ RunTime:0.000367s ]
INFO: [ view_end ] --END-- [ RunTime:0.000406s ]

[ 2015-02-16T13:56:25+08:00 ] 182.254.151.226 http://www.mafengwo.com/
INFO: [ app_begin ] --START--
INFO: ReadHtmlCache Behavior ::run [ RunTime:0.000306s ]
INFO: [ app_begin ] --END-- [ RunTime:0.000395s ]
INFO: [ view_parse ] --START--
INFO: ParseTemplate Behavior ::run [ RunTime:0.000403s ]
INFO: [ view_parse ] --END-- [ RunTime:0.000450s ]
INFO: [ view_filter ] --START--
NOTIC: [8] Use of undefined constant APP_TMPL_PATH - assumed 'APP_TMPL_PATH' /mnt/b/ThinkPHP/Lib/Behavior/ContentReplaceBehavior.class.php 第 40 行.
NOTIC: [8] Use of undefined constant APP_TMPL_PATH - assumed 'APP_TMPL_PATH' /mnt/b/ThinkPHP/Lib/Behavior/ContentReplaceBehavior.class.php 第 47 行.
INFO: ContentReplace Behavior ::run [ RunTime:0.000296s ]
INFO: TokenBuild Behavior ::run [ RunTime:0.000289s ]
INFO: WriteHtmlCache Behavior ::run [ RunTime:0.000181s ]
INFO: ShowRuntime Behavior ::run [ RunTime:0.000400s ]
INFO: [ view_filter ] --END-- [ RunTime:0.001335s ]
INFO: [ view_end ] --START--
INFO: ShowPageTrace Behavior ::run [ RunTime:0.000347s ]
INFO: [ view_end ] --END-- [ RunTime:0.000386s ]

[ 2015-02-16T15:04:21+08:00 ] 46.188.3.164 
INFO: [ app_begin ] --START--
INFO: ReadHtmlCache Behavior ::run [ RunTime:0.000344s ]
INFO: [ app_begin ] --END-- [ RunTime:0.000421s ]
INFO: [ view_parse ] --START--
INFO: ParseTemplate Behavior ::run [ RunTime:0.000435s ]
INFO: [ view_parse ] --END-- [ RunTime:0.000483s ]
INFO: [ view_filter ] --START--
NOTIC: [8] Use of undefined constant APP_TMPL_PATH - assumed 'APP_TMPL_PATH' /mnt/b/ThinkPHP/Lib/Behavior/ContentReplaceBehavior.class.php 第 40 行.
NOTIC: [8] Use of undefined constant APP_TMPL_PATH - assumed 'APP_TMPL_PATH' /mnt/b/ThinkPHP/Lib/Behavior/ContentReplaceBehavior.class.php 第 47 行.
INFO: ContentReplace Behavior ::run [ RunTime:0.000234s ]
INFO: TokenBuild Behavior ::run [ RunTime:0.000204s ]
INFO: WriteHtmlCache Behavior ::run [ RunTime:0.000128s ]
INFO: ShowRuntime Behavior ::run [ RunTime:0.000268s ]
INFO: [ view_filter ] --END-- [ RunTime:0.000947s ]
INFO: [ view_end ] --START--
INFO: ShowPageTrace Behavior ::run [ RunTime:0.000410s ]
INFO: [ view_end ] --END-- [ RunTime:0.000450s ]

[ 2015-02-16T15:44:49+08:00 ] 61.240.144.64 /
INFO: [ app_begin ] --START--
INFO: ReadHtmlCache Behavior ::run [ RunTime:0.000307s ]
INFO: [ app_begin ] --END-- [ RunTime:0.000374s ]
INFO: [ view_parse ] --START--
INFO: ParseTemplate Behavior ::run [ RunTime:0.000500s ]
INFO: [ view_parse ] --END-- [ RunTime:0.000546s ]
INFO: [ view_filter ] --START--
NOTIC: [8] Use of undefined constant APP_TMPL_PATH - assumed 'APP_TMPL_PATH' /mnt/b/ThinkPHP/Lib/Behavior/ContentReplaceBehavior.class.php 第 40 行.
NOTIC: [8] Use of undefined constant APP_TMPL_PATH - assumed 'APP_TMPL_PATH' /mnt/b/ThinkPHP/Lib/Behavior/ContentReplaceBehavior.class.php 第 47 行.
INFO: ContentReplace Behavior ::run [ RunTime:0.000247s ]
INFO: TokenBuild Behavior ::run [ RunTime:0.000203s ]
INFO: WriteHtmlCache Behavior ::run [ RunTime:0.000124s ]
INFO: ShowRuntime Behavior ::run [ RunTime:0.000244s ]
INFO: [ view_filter ] --END-- [ RunTime:0.000932s ]
INFO: [ view_end ] --START--
INFO: ShowPageTrace Behavior ::run [ RunTime:0.000360s ]
INFO: [ view_end ] --END-- [ RunTime:0.000397s ]

[ 2015-02-16T17:23:43+08:00 ] 71.6.135.131 /
INFO: [ app_begin ] --START--
INFO: ReadHtmlCache Behavior ::run [ RunTime:0.000512s ]
INFO: [ app_begin ] --END-- [ RunTime:0.000607s ]
INFO: [ view_parse ] --START--
INFO: ParseTemplate Behavior ::run [ RunTime:0.000590s ]
INFO: [ view_parse ] --END-- [ RunTime:0.000659s ]
INFO: [ view_filter ] --START--
NOTIC: [8] Use of undefined constant APP_TMPL_PATH - assumed 'APP_TMPL_PATH' /mnt/b/ThinkPHP/Lib/Behavior/ContentReplaceBehavior.class.php 第 40 行.
NOTIC: [8] Use of undefined constant APP_TMPL_PATH - assumed 'APP_TMPL_PATH' /mnt/b/ThinkPHP/Lib/Behavior/ContentReplaceBehavior.class.php 第 47 行.
INFO: ContentReplace Behavior ::run [ RunTime:0.000374s ]
INFO: TokenBuild Behavior ::run [ RunTime:0.000301s ]
INFO: WriteHtmlCache Behavior ::run [ RunTime:0.000191s ]
INFO: ShowRuntime Behavior ::run [ RunTime:0.000324s ]
INFO: [ view_filter ] --END-- [ RunTime:0.001356s ]
INFO: [ view_end ] --START--
INFO: ShowPageTrace Behavior ::run [ RunTime:0.000345s ]
INFO: [ view_end ] --END-- [ RunTime:0.000384s ]

[ 2015-02-16T18:46:25+08:00 ] 14.39.5.140 
INFO: [ app_begin ] --START--
INFO: ReadHtmlCache Behavior ::run [ RunTime:0.000308s ]
INFO: [ app_begin ] --END-- [ RunTime:0.000381s ]
INFO: [ view_parse ] --START--
INFO: ParseTemplate Behavior ::run [ RunTime:0.000431s ]
INFO: [ view_parse ] --END-- [ RunTime:0.000477s ]
INFO: [ view_filter ] --START--
NOTIC: [8] Use of undefined constant APP_TMPL_PATH - assumed 'APP_TMPL_PATH' /mnt/b/ThinkPHP/Lib/Behavior/ContentReplaceBehavior.class.php 第 40 行.
NOTIC: [8] Use of undefined constant APP_TMPL_PATH - assumed 'APP_TMPL_PATH' /mnt/b/ThinkPHP/Lib/Behavior/ContentReplaceBehavior.class.php 第 47 行.
INFO: ContentReplace Behavior ::run [ RunTime:0.000242s ]
INFO: TokenBuild Behavior ::run [ RunTime:0.000191s ]
INFO: WriteHtmlCache Behavior ::run [ RunTime:0.000140s ]
INFO: ShowRuntime Behavior ::run [ RunTime:0.000271s ]
INFO: [ view_filter ] --END-- [ RunTime:0.000956s ]
INFO: [ view_end ] --START--
INFO: ShowPageTrace Behavior ::run [ RunTime:0.000364s ]
INFO: [ view_end ] --END-- [ RunTime:0.000402s ]

