[ 2015-04-07T00:44:22+08:00 ] 222.186.128.53 http://www.baidu.com/
INFO: [ app_begin ] --START--
INFO: ReadHtmlCache Behavior ::run [ RunTime:0.000308s ]
INFO: [ app_begin ] --END-- [ RunTime:0.000375s ]
INFO: [ view_parse ] --START--
INFO: ParseTemplate Behavior ::run [ RunTime:0.000405s ]
INFO: [ view_parse ] --END-- [ RunTime:0.000452s ]
INFO: [ view_filter ] --START--
NOTIC: [8] Use of undefined constant APP_TMPL_PATH - assumed 'APP_TMPL_PATH' /mnt/b/ThinkPHP/Lib/Behavior/ContentReplaceBehavior.class.php 第 40 行.
NOTIC: [8] Use of undefined constant APP_TMPL_PATH - assumed 'APP_TMPL_PATH' /mnt/b/ThinkPHP/Lib/Behavior/ContentReplaceBehavior.class.php 第 47 行.
INFO: ContentReplace Behavior ::run [ RunTime:0.006299s ]
INFO: TokenBuild Behavior ::run [ RunTime:0.000212s ]
INFO: WriteHtmlCache Behavior ::run [ RunTime:0.000130s ]
INFO: ShowRuntime Behavior ::run [ RunTime:0.000246s ]
INFO: [ view_filter ] --END-- [ RunTime:0.007006s ]
INFO: [ view_end ] --START--
INFO: ShowPageTrace Behavior ::run [ RunTime:0.000372s ]
INFO: [ view_end ] --END-- [ RunTime:0.000411s ]

[ 2015-04-07T02:46:25+08:00 ] 222.186.58.71 http://www.baidu.com/
INFO: [ app_begin ] --START--
INFO: ReadHtmlCache Behavior ::run [ RunTime:0.000314s ]
INFO: [ app_begin ] --END-- [ RunTime:0.000380s ]
INFO: [ view_parse ] --START--
INFO: ParseTemplate Behavior ::run [ RunTime:0.000447s ]
INFO: [ view_parse ] --END-- [ RunTime:0.000501s ]
INFO: [ view_filter ] --START--
NOTIC: [8] Use of undefined constant APP_TMPL_PATH - assumed 'APP_TMPL_PATH' /mnt/b/ThinkPHP/Lib/Behavior/ContentReplaceBehavior.class.php 第 40 行.
NOTIC: [8] Use of undefined constant APP_TMPL_PATH - assumed 'APP_TMPL_PATH' /mnt/b/ThinkPHP/Lib/Behavior/ContentReplaceBehavior.class.php 第 47 行.
INFO: ContentReplace Behavior ::run [ RunTime:0.000231s ]
INFO: TokenBuild Behavior ::run [ RunTime:0.000217s ]
INFO: WriteHtmlCache Behavior ::run [ RunTime:0.000136s ]
INFO: ShowRuntime Behavior ::run [ RunTime:0.000251s ]
INFO: [ view_filter ] --END-- [ RunTime:0.000948s ]
INFO: [ view_end ] --START--
INFO: ShowPageTrace Behavior ::run [ RunTime:0.000365s ]
INFO: [ view_end ] --END-- [ RunTime:0.000403s ]

[ 2015-04-07T05:23:36+08:00 ] 222.186.128.54 http://www.baidu.com/
INFO: [ app_begin ] --START--
INFO: ReadHtmlCache Behavior ::run [ RunTime:0.000332s ]
INFO: [ app_begin ] --END-- [ RunTime:0.000398s ]
INFO: [ view_parse ] --START--
INFO: ParseTemplate Behavior ::run [ RunTime:0.000469s ]
INFO: [ view_parse ] --END-- [ RunTime:0.000526s ]
INFO: [ view_filter ] --START--
NOTIC: [8] Use of undefined constant APP_TMPL_PATH - assumed 'APP_TMPL_PATH' /mnt/b/ThinkPHP/Lib/Behavior/ContentReplaceBehavior.class.php 第 40 行.
NOTIC: [8] Use of undefined constant APP_TMPL_PATH - assumed 'APP_TMPL_PATH' /mnt/b/ThinkPHP/Lib/Behavior/ContentReplaceBehavior.class.php 第 47 行.
INFO: ContentReplace Behavior ::run [ RunTime:0.000229s ]
INFO: TokenBuild Behavior ::run [ RunTime:0.000208s ]
INFO: WriteHtmlCache Behavior ::run [ RunTime:0.000127s ]
INFO: ShowRuntime Behavior ::run [ RunTime:0.000273s ]
INFO: [ view_filter ] --END-- [ RunTime:0.000949s ]
INFO: [ view_end ] --START--
INFO: ShowPageTrace Behavior ::run [ RunTime:0.000345s ]
INFO: [ view_end ] --END-- [ RunTime:0.000383s ]

[ 2015-04-07T07:23:49+08:00 ] 222.186.128.53 http://www.baidu.com/
INFO: [ app_begin ] --START--
INFO: ReadHtmlCache Behavior ::run [ RunTime:0.000312s ]
INFO: [ app_begin ] --END-- [ RunTime:0.000376s ]
INFO: [ view_parse ] --START--
INFO: ParseTemplate Behavior ::run [ RunTime:0.000409s ]
INFO: [ view_parse ] --END-- [ RunTime:0.000456s ]
INFO: [ view_filter ] --START--
NOTIC: [8] Use of undefined constant APP_TMPL_PATH - assumed 'APP_TMPL_PATH' /mnt/b/ThinkPHP/Lib/Behavior/ContentReplaceBehavior.class.php 第 40 行.
NOTIC: [8] Use of undefined constant APP_TMPL_PATH - assumed 'APP_TMPL_PATH' /mnt/b/ThinkPHP/Lib/Behavior/ContentReplaceBehavior.class.php 第 47 行.
INFO: ContentReplace Behavior ::run [ RunTime:0.000256s ]
INFO: TokenBuild Behavior ::run [ RunTime:0.000193s ]
INFO: WriteHtmlCache Behavior ::run [ RunTime:0.000126s ]
INFO: ShowRuntime Behavior ::run [ RunTime:0.000243s ]
INFO: [ view_filter ] --END-- [ RunTime:0.000928s ]
INFO: [ view_end ] --START--
INFO: ShowPageTrace Behavior ::run [ RunTime:0.000392s ]
INFO: [ view_end ] --END-- [ RunTime:0.000429s ]

[ 2015-04-07T07:45:25+08:00 ] 1.169.92.167 vip163mx01.mxmail.netease.com:25
INFO: [ app_begin ] --START--
INFO: ReadHtmlCache Behavior ::run [ RunTime:0.000334s ]
INFO: [ app_begin ] --END-- [ RunTime:0.000406s ]
INFO: [ view_parse ] --START--
INFO: ParseTemplate Behavior ::run [ RunTime:0.000431s ]
INFO: [ view_parse ] --END-- [ RunTime:0.000477s ]
INFO: [ view_filter ] --START--
NOTIC: [8] Use of undefined constant APP_TMPL_PATH - assumed 'APP_TMPL_PATH' /mnt/b/ThinkPHP/Lib/Behavior/ContentReplaceBehavior.class.php 第 40 行.
NOTIC: [8] Use of undefined constant APP_TMPL_PATH - assumed 'APP_TMPL_PATH' /mnt/b/ThinkPHP/Lib/Behavior/ContentReplaceBehavior.class.php 第 47 行.
INFO: ContentReplace Behavior ::run [ RunTime:0.000232s ]
INFO: TokenBuild Behavior ::run [ RunTime:0.000193s ]
INFO: WriteHtmlCache Behavior ::run [ RunTime:0.000132s ]
INFO: ShowRuntime Behavior ::run [ RunTime:0.000263s ]
INFO: [ view_filter ] --END-- [ RunTime:0.000939s ]
INFO: [ view_end ] --START--
INFO: ShowPageTrace Behavior ::run [ RunTime:0.000350s ]
INFO: [ view_end ] --END-- [ RunTime:0.000388s ]

[ 2015-04-07T08:44:44+08:00 ] 222.186.128.55 http://www.baidu.com/
INFO: [ app_begin ] --START--
INFO: ReadHtmlCache Behavior ::run [ RunTime:0.000310s ]
INFO: [ app_begin ] --END-- [ RunTime:0.000376s ]
INFO: [ view_parse ] --START--
INFO: ParseTemplate Behavior ::run [ RunTime:0.000429s ]
INFO: [ view_parse ] --END-- [ RunTime:0.000476s ]
INFO: [ view_filter ] --START--
NOTIC: [8] Use of undefined constant APP_TMPL_PATH - assumed 'APP_TMPL_PATH' /mnt/b/ThinkPHP/Lib/Behavior/ContentReplaceBehavior.class.php 第 40 行.
NOTIC: [8] Use of undefined constant APP_TMPL_PATH - assumed 'APP_TMPL_PATH' /mnt/b/ThinkPHP/Lib/Behavior/ContentReplaceBehavior.class.php 第 47 行.
INFO: ContentReplace Behavior ::run [ RunTime:0.000249s ]
INFO: TokenBuild Behavior ::run [ RunTime:0.000216s ]
INFO: WriteHtmlCache Behavior ::run [ RunTime:0.000132s ]
INFO: ShowRuntime Behavior ::run [ RunTime:0.000246s ]
INFO: [ view_filter ] --END-- [ RunTime:0.000957s ]
INFO: [ view_end ] --START--
INFO: ShowPageTrace Behavior ::run [ RunTime:0.000383s ]
INFO: [ view_end ] --END-- [ RunTime:0.000421s ]

[ 2015-04-07T10:14:30+08:00 ] 222.186.128.53 http://www.baidu.com/
INFO: [ app_begin ] --START--
INFO: ReadHtmlCache Behavior ::run [ RunTime:0.000332s ]
INFO: [ app_begin ] --END-- [ RunTime:0.000403s ]
INFO: [ view_parse ] --START--
INFO: ParseTemplate Behavior ::run [ RunTime:0.000456s ]
INFO: [ view_parse ] --END-- [ RunTime:0.000550s ]
INFO: [ view_filter ] --START--
NOTIC: [8] Use of undefined constant APP_TMPL_PATH - assumed 'APP_TMPL_PATH' /mnt/b/ThinkPHP/Lib/Behavior/ContentReplaceBehavior.class.php 第 40 行.
NOTIC: [8] Use of undefined constant APP_TMPL_PATH - assumed 'APP_TMPL_PATH' /mnt/b/ThinkPHP/Lib/Behavior/ContentReplaceBehavior.class.php 第 47 行.
INFO: ContentReplace Behavior ::run [ RunTime:0.000236s ]
INFO: TokenBuild Behavior ::run [ RunTime:0.000199s ]
INFO: WriteHtmlCache Behavior ::run [ RunTime:0.000143s ]
INFO: ShowRuntime Behavior ::run [ RunTime:0.000247s ]
INFO: [ view_filter ] --END-- [ RunTime:0.000962s ]
INFO: [ view_end ] --START--
INFO: ShowPageTrace Behavior ::run [ RunTime:0.000372s ]
INFO: [ view_end ] --END-- [ RunTime:0.000416s ]

[ 2015-04-07T12:19:18+08:00 ] 222.186.128.56 http://www.baidu.com/
INFO: [ app_begin ] --START--
INFO: ReadHtmlCache Behavior ::run [ RunTime:0.000356s ]
INFO: [ app_begin ] --END-- [ RunTime:0.000425s ]
INFO: [ view_parse ] --START--
INFO: ParseTemplate Behavior ::run [ RunTime:0.000410s ]
INFO: [ view_parse ] --END-- [ RunTime:0.000456s ]
INFO: [ view_filter ] --START--
NOTIC: [8] Use of undefined constant APP_TMPL_PATH - assumed 'APP_TMPL_PATH' /mnt/b/ThinkPHP/Lib/Behavior/ContentReplaceBehavior.class.php 第 40 行.
NOTIC: [8] Use of undefined constant APP_TMPL_PATH - assumed 'APP_TMPL_PATH' /mnt/b/ThinkPHP/Lib/Behavior/ContentReplaceBehavior.class.php 第 47 行.
INFO: ContentReplace Behavior ::run [ RunTime:0.000227s ]
INFO: TokenBuild Behavior ::run [ RunTime:0.000218s ]
INFO: WriteHtmlCache Behavior ::run [ RunTime:0.000127s ]
INFO: ShowRuntime Behavior ::run [ RunTime:0.000243s ]
INFO: [ view_filter ] --END-- [ RunTime:0.000927s ]
INFO: [ view_end ] --START--
INFO: ShowPageTrace Behavior ::run [ RunTime:0.000361s ]
INFO: [ view_end ] --END-- [ RunTime:0.000401s ]

[ 2015-04-07T14:28:42+08:00 ] 222.186.128.50 http://www.baidu.com/
INFO: [ app_begin ] --START--
INFO: ReadHtmlCache Behavior ::run [ RunTime:0.000317s ]
INFO: [ app_begin ] --END-- [ RunTime:0.000383s ]
INFO: [ view_parse ] --START--
INFO: ParseTemplate Behavior ::run [ RunTime:0.000429s ]
INFO: [ view_parse ] --END-- [ RunTime:0.000477s ]
INFO: [ view_filter ] --START--
NOTIC: [8] Use of undefined constant APP_TMPL_PATH - assumed 'APP_TMPL_PATH' /mnt/b/ThinkPHP/Lib/Behavior/ContentReplaceBehavior.class.php 第 40 行.
NOTIC: [8] Use of undefined constant APP_TMPL_PATH - assumed 'APP_TMPL_PATH' /mnt/b/ThinkPHP/Lib/Behavior/ContentReplaceBehavior.class.php 第 47 行.
INFO: ContentReplace Behavior ::run [ RunTime:0.000230s ]
INFO: TokenBuild Behavior ::run [ RunTime:0.000194s ]
INFO: WriteHtmlCache Behavior ::run [ RunTime:0.000149s ]
INFO: ShowRuntime Behavior ::run [ RunTime:0.000245s ]
INFO: [ view_filter ] --END-- [ RunTime:0.000936s ]
INFO: [ view_end ] --START--
INFO: ShowPageTrace Behavior ::run [ RunTime:0.000343s ]
INFO: [ view_end ] --END-- [ RunTime:0.000387s ]

[ 2015-04-07T15:16:40+08:00 ] 121.73.252.104 
INFO: [ app_begin ] --START--
INFO: ReadHtmlCache Behavior ::run [ RunTime:0.000335s ]
INFO: [ app_begin ] --END-- [ RunTime:0.000402s ]
INFO: [ view_parse ] --START--
INFO: ParseTemplate Behavior ::run [ RunTime:0.000431s ]
INFO: [ view_parse ] --END-- [ RunTime:0.000477s ]
INFO: [ view_filter ] --START--
NOTIC: [8] Use of undefined constant APP_TMPL_PATH - assumed 'APP_TMPL_PATH' /mnt/b/ThinkPHP/Lib/Behavior/ContentReplaceBehavior.class.php 第 40 行.
NOTIC: [8] Use of undefined constant APP_TMPL_PATH - assumed 'APP_TMPL_PATH' /mnt/b/ThinkPHP/Lib/Behavior/ContentReplaceBehavior.class.php 第 47 行.
INFO: ContentReplace Behavior ::run [ RunTime:0.000239s ]
INFO: TokenBuild Behavior ::run [ RunTime:0.000195s ]
INFO: WriteHtmlCache Behavior ::run [ RunTime:0.000126s ]
INFO: ShowRuntime Behavior ::run [ RunTime:0.000263s ]
INFO: [ view_filter ] --END-- [ RunTime:0.000938s ]
INFO: [ view_end ] --START--
INFO: ShowPageTrace Behavior ::run [ RunTime:0.000368s ]
INFO: [ view_end ] --END-- [ RunTime:0.000407s ]

[ 2015-04-07T15:45:35+08:00 ] 66.240.192.138 /
INFO: [ app_begin ] --START--
INFO: ReadHtmlCache Behavior ::run [ RunTime:0.000309s ]
INFO: [ app_begin ] --END-- [ RunTime:0.000374s ]
INFO: [ view_parse ] --START--
INFO: ParseTemplate Behavior ::run [ RunTime:0.000429s ]
INFO: [ view_parse ] --END-- [ RunTime:0.000476s ]
INFO: [ view_filter ] --START--
NOTIC: [8] Use of undefined constant APP_TMPL_PATH - assumed 'APP_TMPL_PATH' /mnt/b/ThinkPHP/Lib/Behavior/ContentReplaceBehavior.class.php 第 40 行.
NOTIC: [8] Use of undefined constant APP_TMPL_PATH - assumed 'APP_TMPL_PATH' /mnt/b/ThinkPHP/Lib/Behavior/ContentReplaceBehavior.class.php 第 47 行.
INFO: ContentReplace Behavior ::run [ RunTime:0.000221s ]
INFO: TokenBuild Behavior ::run [ RunTime:0.000192s ]
INFO: WriteHtmlCache Behavior ::run [ RunTime:0.000125s ]
INFO: ShowRuntime Behavior ::run [ RunTime:0.000248s ]
INFO: [ view_filter ] --END-- [ RunTime:0.000919s ]
INFO: [ view_end ] --START--
INFO: ShowPageTrace Behavior ::run [ RunTime:0.000337s ]
INFO: [ view_end ] --END-- [ RunTime:0.000374s ]

[ 2015-04-07T15:55:56+08:00 ] 222.186.128.51 http://www.baidu.com/
INFO: [ app_begin ] --START--
INFO: ReadHtmlCache Behavior ::run [ RunTime:0.000308s ]
INFO: [ app_begin ] --END-- [ RunTime:0.000376s ]
INFO: [ view_parse ] --START--
INFO: ParseTemplate Behavior ::run [ RunTime:0.000411s ]
INFO: [ view_parse ] --END-- [ RunTime:0.000459s ]
INFO: [ view_filter ] --START--
NOTIC: [8] Use of undefined constant APP_TMPL_PATH - assumed 'APP_TMPL_PATH' /mnt/b/ThinkPHP/Lib/Behavior/ContentReplaceBehavior.class.php 第 40 行.
NOTIC: [8] Use of undefined constant APP_TMPL_PATH - assumed 'APP_TMPL_PATH' /mnt/b/ThinkPHP/Lib/Behavior/ContentReplaceBehavior.class.php 第 47 行.
INFO: ContentReplace Behavior ::run [ RunTime:0.000226s ]
INFO: TokenBuild Behavior ::run [ RunTime:0.000216s ]
INFO: WriteHtmlCache Behavior ::run [ RunTime:0.000126s ]
INFO: ShowRuntime Behavior ::run [ RunTime:0.000246s ]
INFO: [ view_filter ] --END-- [ RunTime:0.000927s ]
INFO: [ view_end ] --START--
INFO: ShowPageTrace Behavior ::run [ RunTime:0.000339s ]
INFO: [ view_end ] --END-- [ RunTime:0.000376s ]

[ 2015-04-07T16:43:18+08:00 ] 121.42.0.31 /index.php
INFO: [ app_begin ] --START--
INFO: ReadHtmlCache Behavior ::run [ RunTime:0.000315s ]
INFO: [ app_begin ] --END-- [ RunTime:0.000380s ]
INFO: [ view_parse ] --START--
INFO: ParseTemplate Behavior ::run [ RunTime:0.000421s ]
INFO: [ view_parse ] --END-- [ RunTime:0.000469s ]
INFO: [ view_filter ] --START--
NOTIC: [8] Use of undefined constant APP_TMPL_PATH - assumed 'APP_TMPL_PATH' /mnt/b/ThinkPHP/Lib/Behavior/ContentReplaceBehavior.class.php 第 40 行.
NOTIC: [8] Use of undefined constant APP_TMPL_PATH - assumed 'APP_TMPL_PATH' /mnt/b/ThinkPHP/Lib/Behavior/ContentReplaceBehavior.class.php 第 47 行.
INFO: ContentReplace Behavior ::run [ RunTime:0.000363s ]
INFO: TokenBuild Behavior ::run [ RunTime:0.000198s ]
INFO: WriteHtmlCache Behavior ::run [ RunTime:0.000152s ]
INFO: ShowRuntime Behavior ::run [ RunTime:0.000249s ]
INFO: [ view_filter ] --END-- [ RunTime:0.001084s ]
INFO: [ view_end ] --START--
INFO: ShowPageTrace Behavior ::run [ RunTime:0.000369s ]
INFO: [ view_end ] --END-- [ RunTime:0.000427s ]

[ 2015-04-07T16:50:16+08:00 ] 188.109.12.223 
INFO: [ app_begin ] --START--
INFO: ReadHtmlCache Behavior ::run [ RunTime:0.000311s ]
INFO: [ app_begin ] --END-- [ RunTime:0.000377s ]
INFO: [ view_parse ] --START--
INFO: ParseTemplate Behavior ::run [ RunTime:0.000417s ]
INFO: [ view_parse ] --END-- [ RunTime:0.000463s ]
INFO: [ view_filter ] --START--
NOTIC: [8] Use of undefined constant APP_TMPL_PATH - assumed 'APP_TMPL_PATH' /mnt/b/ThinkPHP/Lib/Behavior/ContentReplaceBehavior.class.php 第 40 行.
NOTIC: [8] Use of undefined constant APP_TMPL_PATH - assumed 'APP_TMPL_PATH' /mnt/b/ThinkPHP/Lib/Behavior/ContentReplaceBehavior.class.php 第 47 行.
INFO: ContentReplace Behavior ::run [ RunTime:0.000223s ]
INFO: TokenBuild Behavior ::run [ RunTime:0.000202s ]
INFO: WriteHtmlCache Behavior ::run [ RunTime:0.000125s ]
INFO: ShowRuntime Behavior ::run [ RunTime:0.000248s ]
INFO: [ view_filter ] --END-- [ RunTime:0.000932s ]
INFO: [ view_end ] --START--
INFO: ShowPageTrace Behavior ::run [ RunTime:0.000359s ]
INFO: [ view_end ] --END-- [ RunTime:0.000397s ]

[ 2015-04-07T17:46:34+08:00 ] 111.249.117.106 vip163mx01.mxmail.netease.com:25
INFO: [ app_begin ] --START--
INFO: ReadHtmlCache Behavior ::run [ RunTime:0.000340s ]
INFO: [ app_begin ] --END-- [ RunTime:0.000406s ]
INFO: [ view_parse ] --START--
INFO: ParseTemplate Behavior ::run [ RunTime:0.000409s ]
INFO: [ view_parse ] --END-- [ RunTime:0.000456s ]
INFO: [ view_filter ] --START--
NOTIC: [8] Use of undefined constant APP_TMPL_PATH - assumed 'APP_TMPL_PATH' /mnt/b/ThinkPHP/Lib/Behavior/ContentReplaceBehavior.class.php 第 40 行.
NOTIC: [8] Use of undefined constant APP_TMPL_PATH - assumed 'APP_TMPL_PATH' /mnt/b/ThinkPHP/Lib/Behavior/ContentReplaceBehavior.class.php 第 47 行.
INFO: ContentReplace Behavior ::run [ RunTime:0.000243s ]
INFO: TokenBuild Behavior ::run [ RunTime:0.000195s ]
INFO: WriteHtmlCache Behavior ::run [ RunTime:0.000127s ]
INFO: ShowRuntime Behavior ::run [ RunTime:0.000244s ]
INFO: [ view_filter ] --END-- [ RunTime:0.000922s ]
INFO: [ view_end ] --START--
INFO: ShowPageTrace Behavior ::run [ RunTime:0.000367s ]
INFO: [ view_end ] --END-- [ RunTime:0.000405s ]

[ 2015-04-07T21:31:10+08:00 ] 222.186.128.52 http://www.baidu.com/
INFO: [ app_begin ] --START--
INFO: ReadHtmlCache Behavior ::run [ RunTime:0.000322s ]
INFO: [ app_begin ] --END-- [ RunTime:0.000388s ]
INFO: [ view_parse ] --START--
INFO: ParseTemplate Behavior ::run [ RunTime:0.000441s ]
INFO: [ view_parse ] --END-- [ RunTime:0.000489s ]
INFO: [ view_filter ] --START--
NOTIC: [8] Use of undefined constant APP_TMPL_PATH - assumed 'APP_TMPL_PATH' /mnt/b/ThinkPHP/Lib/Behavior/ContentReplaceBehavior.class.php 第 40 行.
NOTIC: [8] Use of undefined constant APP_TMPL_PATH - assumed 'APP_TMPL_PATH' /mnt/b/ThinkPHP/Lib/Behavior/ContentReplaceBehavior.class.php 第 47 行.
INFO: ContentReplace Behavior ::run [ RunTime:0.000225s ]
INFO: TokenBuild Behavior ::run [ RunTime:0.000207s ]
INFO: WriteHtmlCache Behavior ::run [ RunTime:0.000149s ]
INFO: ShowRuntime Behavior ::run [ RunTime:0.000253s ]
INFO: [ view_filter ] --END-- [ RunTime:0.000948s ]
INFO: [ view_end ] --START--
INFO: ShowPageTrace Behavior ::run [ RunTime:0.000341s ]
INFO: [ view_end ] --END-- [ RunTime:0.000388s ]

[ 2015-04-07T23:41:06+08:00 ] 222.186.128.58 http://www.baidu.com/
INFO: [ app_begin ] --START--
INFO: ReadHtmlCache Behavior ::run [ RunTime:0.000338s ]
INFO: [ app_begin ] --END-- [ RunTime:0.000404s ]
INFO: [ view_parse ] --START--
INFO: ParseTemplate Behavior ::run [ RunTime:0.006153s ]
INFO: [ view_parse ] --END-- [ RunTime:0.006203s ]
INFO: [ view_filter ] --START--
NOTIC: [8] Use of undefined constant APP_TMPL_PATH - assumed 'APP_TMPL_PATH' /mnt/b/ThinkPHP/Lib/Behavior/ContentReplaceBehavior.class.php 第 40 行.
NOTIC: [8] Use of undefined constant APP_TMPL_PATH - assumed 'APP_TMPL_PATH' /mnt/b/ThinkPHP/Lib/Behavior/ContentReplaceBehavior.class.php 第 47 行.
INFO: ContentReplace Behavior ::run [ RunTime:0.000287s ]
INFO: TokenBuild Behavior ::run [ RunTime:0.000210s ]
INFO: WriteHtmlCache Behavior ::run [ RunTime:0.000131s ]
INFO: ShowRuntime Behavior ::run [ RunTime:0.000253s ]
INFO: [ view_filter ] --END-- [ RunTime:0.000996s ]
INFO: [ view_end ] --START--
INFO: ShowPageTrace Behavior ::run [ RunTime:0.000376s ]
INFO: [ view_end ] --END-- [ RunTime:0.000415s ]

