[ 2015-03-26T14:04:35+08:00 ] 1.169.94.80 vip163mx01.mxmail.netease.com:25
INFO: [ app_begin ] --START--
INFO: ReadHtmlCache Behavior ::run [ RunTime:0.000318s ]
INFO: [ app_begin ] --END-- [ RunTime:0.000385s ]
INFO: [ view_parse ] --START--
INFO: ParseTemplate Behavior ::run [ RunTime:0.000437s ]
INFO: [ view_parse ] --END-- [ RunTime:0.000483s ]
INFO: [ view_filter ] --START--
NOTIC: [8] Use of undefined constant APP_TMPL_PATH - assumed 'APP_TMPL_PATH' /mnt/b/ThinkPHP/Lib/Behavior/ContentReplaceBehavior.class.php 第 40 行.
NOTIC: [8] Use of undefined constant APP_TMPL_PATH - assumed 'APP_TMPL_PATH' /mnt/b/ThinkPHP/Lib/Behavior/ContentReplaceBehavior.class.php 第 47 行.
INFO: ContentReplace Behavior ::run [ RunTime:0.000245s ]
INFO: TokenBuild Behavior ::run [ RunTime:0.000198s ]
INFO: WriteHtmlCache Behavior ::run [ RunTime:0.000131s ]
INFO: ShowRuntime Behavior ::run [ RunTime:0.000252s ]
INFO: [ view_filter ] --END-- [ RunTime:0.000941s ]
INFO: [ view_end ] --START--
INFO: ShowPageTrace Behavior ::run [ RunTime:0.000365s ]
INFO: [ view_end ] --END-- [ RunTime:0.000405s ]

[ 2015-03-26T16:01:49+08:00 ] 222.186.128.56 http://www.baidu.com/
INFO: [ app_begin ] --START--
INFO: ReadHtmlCache Behavior ::run [ RunTime:0.000313s ]
INFO: [ app_begin ] --END-- [ RunTime:0.000381s ]
INFO: [ view_parse ] --START--
INFO: ParseTemplate Behavior ::run [ RunTime:0.000437s ]
INFO: [ view_parse ] --END-- [ RunTime:0.000492s ]
INFO: [ view_filter ] --START--
NOTIC: [8] Use of undefined constant APP_TMPL_PATH - assumed 'APP_TMPL_PATH' /mnt/b/ThinkPHP/Lib/Behavior/ContentReplaceBehavior.class.php 第 40 行.
NOTIC: [8] Use of undefined constant APP_TMPL_PATH - assumed 'APP_TMPL_PATH' /mnt/b/ThinkPHP/Lib/Behavior/ContentReplaceBehavior.class.php 第 47 行.
INFO: ContentReplace Behavior ::run [ RunTime:0.000231s ]
INFO: TokenBuild Behavior ::run [ RunTime:0.000192s ]
INFO: WriteHtmlCache Behavior ::run [ RunTime:0.000151s ]
INFO: ShowRuntime Behavior ::run [ RunTime:0.000595s ]
INFO: [ view_filter ] --END-- [ RunTime:0.001284s ]
INFO: [ view_end ] --START--
INFO: ShowPageTrace Behavior ::run [ RunTime:0.000376s ]
INFO: [ view_end ] --END-- [ RunTime:0.000416s ]

[ 2015-03-26T16:26:26+08:00 ] 61.240.144.67 /
INFO: [ app_begin ] --START--
INFO: ReadHtmlCache Behavior ::run [ RunTime:0.000310s ]
INFO: [ app_begin ] --END-- [ RunTime:0.000384s ]
INFO: [ view_parse ] --START--
INFO: ParseTemplate Behavior ::run [ RunTime:0.000402s ]
INFO: [ view_parse ] --END-- [ RunTime:0.000448s ]
INFO: [ view_filter ] --START--
NOTIC: [8] Use of undefined constant APP_TMPL_PATH - assumed 'APP_TMPL_PATH' /mnt/b/ThinkPHP/Lib/Behavior/ContentReplaceBehavior.class.php 第 40 行.
NOTIC: [8] Use of undefined constant APP_TMPL_PATH - assumed 'APP_TMPL_PATH' /mnt/b/ThinkPHP/Lib/Behavior/ContentReplaceBehavior.class.php 第 47 行.
INFO: ContentReplace Behavior ::run [ RunTime:0.000236s ]
INFO: TokenBuild Behavior ::run [ RunTime:0.000191s ]
INFO: WriteHtmlCache Behavior ::run [ RunTime:0.000122s ]
INFO: ShowRuntime Behavior ::run [ RunTime:0.000239s ]
INFO: [ view_filter ] --END-- [ RunTime:0.000900s ]
INFO: [ view_end ] --START--
INFO: ShowPageTrace Behavior ::run [ RunTime:0.000359s ]
INFO: [ view_end ] --END-- [ RunTime:0.000397s ]

[ 2015-03-26T16:44:39+08:00 ] 121.42.0.38 /index.php
INFO: [ app_begin ] --START--
INFO: ReadHtmlCache Behavior ::run [ RunTime:0.000309s ]
INFO: [ app_begin ] --END-- [ RunTime:0.000375s ]
INFO: [ view_parse ] --START--
INFO: ParseTemplate Behavior ::run [ RunTime:0.000411s ]
INFO: [ view_parse ] --END-- [ RunTime:0.000459s ]
INFO: [ view_filter ] --START--
NOTIC: [8] Use of undefined constant APP_TMPL_PATH - assumed 'APP_TMPL_PATH' /mnt/b/ThinkPHP/Lib/Behavior/ContentReplaceBehavior.class.php 第 40 行.
NOTIC: [8] Use of undefined constant APP_TMPL_PATH - assumed 'APP_TMPL_PATH' /mnt/b/ThinkPHP/Lib/Behavior/ContentReplaceBehavior.class.php 第 47 行.
INFO: ContentReplace Behavior ::run [ RunTime:0.000246s ]
INFO: TokenBuild Behavior ::run [ RunTime:0.000208s ]
INFO: WriteHtmlCache Behavior ::run [ RunTime:0.000143s ]
INFO: ShowRuntime Behavior ::run [ RunTime:0.000242s ]
INFO: [ view_filter ] --END-- [ RunTime:0.000950s ]
INFO: [ view_end ] --START--
INFO: ShowPageTrace Behavior ::run [ RunTime:0.000372s ]
INFO: [ view_end ] --END-- [ RunTime:0.000409s ]

[ 2015-03-26T17:10:18+08:00 ] 121.42.0.19 /
INFO: [ app_begin ] --START--
INFO: ReadHtmlCache Behavior ::run [ RunTime:0.000324s ]
INFO: [ app_begin ] --END-- [ RunTime:0.000396s ]
INFO: [ view_parse ] --START--
INFO: ParseTemplate Behavior ::run [ RunTime:0.000423s ]
INFO: [ view_parse ] --END-- [ RunTime:0.000472s ]
INFO: [ view_filter ] --START--
NOTIC: [8] Use of undefined constant APP_TMPL_PATH - assumed 'APP_TMPL_PATH' /mnt/b/ThinkPHP/Lib/Behavior/ContentReplaceBehavior.class.php 第 40 行.
NOTIC: [8] Use of undefined constant APP_TMPL_PATH - assumed 'APP_TMPL_PATH' /mnt/b/ThinkPHP/Lib/Behavior/ContentReplaceBehavior.class.php 第 47 行.
INFO: ContentReplace Behavior ::run [ RunTime:0.000245s ]
INFO: TokenBuild Behavior ::run [ RunTime:0.000201s ]
INFO: WriteHtmlCache Behavior ::run [ RunTime:0.000123s ]
INFO: ShowRuntime Behavior ::run [ RunTime:0.000244s ]
INFO: [ view_filter ] --END-- [ RunTime:0.000923s ]
INFO: [ view_end ] --START--
INFO: ShowPageTrace Behavior ::run [ RunTime:0.000361s ]
INFO: [ view_end ] --END-- [ RunTime:0.000399s ]

[ 2015-03-26T17:10:20+08:00 ] 0.0.0.0 /
INFO: [ app_begin ] --START--
INFO: ReadHtmlCache Behavior ::run [ RunTime:0.000308s ]
INFO: [ app_begin ] --END-- [ RunTime:0.000374s ]
INFO: [ view_parse ] --START--
INFO: ParseTemplate Behavior ::run [ RunTime:0.000408s ]
INFO: [ view_parse ] --END-- [ RunTime:0.000455s ]
INFO: [ view_filter ] --START--
NOTIC: [8] Use of undefined constant APP_TMPL_PATH - assumed 'APP_TMPL_PATH' /mnt/b/ThinkPHP/Lib/Behavior/ContentReplaceBehavior.class.php 第 40 行.
NOTIC: [8] Use of undefined constant APP_TMPL_PATH - assumed 'APP_TMPL_PATH' /mnt/b/ThinkPHP/Lib/Behavior/ContentReplaceBehavior.class.php 第 47 行.
INFO: ContentReplace Behavior ::run [ RunTime:0.000220s ]
INFO: TokenBuild Behavior ::run [ RunTime:0.000232s ]
INFO: WriteHtmlCache Behavior ::run [ RunTime:0.000127s ]
INFO: ShowRuntime Behavior ::run [ RunTime:0.000240s ]
INFO: [ view_filter ] --END-- [ RunTime:0.000930s ]
INFO: [ view_end ] --START--
INFO: ShowPageTrace Behavior ::run [ RunTime:0.000346s ]
INFO: [ view_end ] --END-- [ RunTime:0.000384s ]

[ 2015-03-26T17:10:22+08:00 ] 0.0.0.0 /
INFO: [ app_begin ] --START--
INFO: ReadHtmlCache Behavior ::run [ RunTime:0.000307s ]
INFO: [ app_begin ] --END-- [ RunTime:0.000372s ]
INFO: [ view_parse ] --START--
INFO: ParseTemplate Behavior ::run [ RunTime:0.000414s ]
INFO: [ view_parse ] --END-- [ RunTime:0.000461s ]
INFO: [ view_filter ] --START--
NOTIC: [8] Use of undefined constant APP_TMPL_PATH - assumed 'APP_TMPL_PATH' /mnt/b/ThinkPHP/Lib/Behavior/ContentReplaceBehavior.class.php 第 40 行.
NOTIC: [8] Use of undefined constant APP_TMPL_PATH - assumed 'APP_TMPL_PATH' /mnt/b/ThinkPHP/Lib/Behavior/ContentReplaceBehavior.class.php 第 47 行.
INFO: ContentReplace Behavior ::run [ RunTime:0.000218s ]
INFO: TokenBuild Behavior ::run [ RunTime:0.000214s ]
INFO: WriteHtmlCache Behavior ::run [ RunTime:0.000135s ]
INFO: ShowRuntime Behavior ::run [ RunTime:0.000239s ]
INFO: [ view_filter ] --END-- [ RunTime:0.000915s ]
INFO: [ view_end ] --START--
INFO: ShowPageTrace Behavior ::run [ RunTime:0.000354s ]
INFO: [ view_end ] --END-- [ RunTime:0.000392s ]

[ 2015-03-26T17:16:12+08:00 ] 121.42.0.19 /index.php
INFO: [ app_begin ] --START--
INFO: ReadHtmlCache Behavior ::run [ RunTime:0.000319s ]
INFO: [ app_begin ] --END-- [ RunTime:0.000414s ]
INFO: [ view_parse ] --START--
INFO: ParseTemplate Behavior ::run [ RunTime:0.000428s ]
INFO: [ view_parse ] --END-- [ RunTime:0.000476s ]
INFO: [ view_filter ] --START--
NOTIC: [8] Use of undefined constant APP_TMPL_PATH - assumed 'APP_TMPL_PATH' /mnt/b/ThinkPHP/Lib/Behavior/ContentReplaceBehavior.class.php 第 40 行.
NOTIC: [8] Use of undefined constant APP_TMPL_PATH - assumed 'APP_TMPL_PATH' /mnt/b/ThinkPHP/Lib/Behavior/ContentReplaceBehavior.class.php 第 47 行.
INFO: ContentReplace Behavior ::run [ RunTime:0.000221s ]
INFO: TokenBuild Behavior ::run [ RunTime:0.000193s ]
INFO: WriteHtmlCache Behavior ::run [ RunTime:0.000130s ]
INFO: ShowRuntime Behavior ::run [ RunTime:0.000260s ]
INFO: [ view_filter ] --END-- [ RunTime:0.000916s ]
INFO: [ view_end ] --START--
INFO: ShowPageTrace Behavior ::run [ RunTime:0.000340s ]
INFO: [ view_end ] --END-- [ RunTime:0.000377s ]

[ 2015-03-26T17:24:49+08:00 ] 121.42.0.19 /
INFO: [ app_begin ] --START--
INFO: ReadHtmlCache Behavior ::run [ RunTime:0.000331s ]
INFO: [ app_begin ] --END-- [ RunTime:0.000398s ]
INFO: [ view_parse ] --START--
INFO: ParseTemplate Behavior ::run [ RunTime:0.000434s ]
INFO: [ view_parse ] --END-- [ RunTime:0.000484s ]
INFO: [ view_filter ] --START--
NOTIC: [8] Use of undefined constant APP_TMPL_PATH - assumed 'APP_TMPL_PATH' /mnt/b/ThinkPHP/Lib/Behavior/ContentReplaceBehavior.class.php 第 40 行.
NOTIC: [8] Use of undefined constant APP_TMPL_PATH - assumed 'APP_TMPL_PATH' /mnt/b/ThinkPHP/Lib/Behavior/ContentReplaceBehavior.class.php 第 47 行.
INFO: ContentReplace Behavior ::run [ RunTime:0.000233s ]
INFO: TokenBuild Behavior ::run [ RunTime:0.000194s ]
INFO: WriteHtmlCache Behavior ::run [ RunTime:0.000125s ]
INFO: ShowRuntime Behavior ::run [ RunTime:0.000267s ]
INFO: [ view_filter ] --END-- [ RunTime:0.000930s ]
INFO: [ view_end ] --START--
INFO: ShowPageTrace Behavior ::run [ RunTime:0.000351s ]
INFO: [ view_end ] --END-- [ RunTime:0.000388s ]

[ 2015-03-26T17:24:51+08:00 ] 0.0.0.0 /
INFO: [ app_begin ] --START--
INFO: ReadHtmlCache Behavior ::run [ RunTime:0.000308s ]
INFO: [ app_begin ] --END-- [ RunTime:0.000374s ]
INFO: [ view_parse ] --START--
INFO: ParseTemplate Behavior ::run [ RunTime:0.000445s ]
INFO: [ view_parse ] --END-- [ RunTime:0.000493s ]
INFO: [ view_filter ] --START--
NOTIC: [8] Use of undefined constant APP_TMPL_PATH - assumed 'APP_TMPL_PATH' /mnt/b/ThinkPHP/Lib/Behavior/ContentReplaceBehavior.class.php 第 40 行.
NOTIC: [8] Use of undefined constant APP_TMPL_PATH - assumed 'APP_TMPL_PATH' /mnt/b/ThinkPHP/Lib/Behavior/ContentReplaceBehavior.class.php 第 47 行.
INFO: ContentReplace Behavior ::run [ RunTime:0.000234s ]
INFO: TokenBuild Behavior ::run [ RunTime:0.000194s ]
INFO: WriteHtmlCache Behavior ::run [ RunTime:0.000175s ]
INFO: ShowRuntime Behavior ::run [ RunTime:0.000244s ]
INFO: [ view_filter ] --END-- [ RunTime:0.000956s ]
INFO: [ view_end ] --START--
INFO: ShowPageTrace Behavior ::run [ RunTime:0.000353s ]
INFO: [ view_end ] --END-- [ RunTime:0.000390s ]

[ 2015-03-26T17:24:53+08:00 ] 0.0.0.0 /
INFO: [ app_begin ] --START--
INFO: ReadHtmlCache Behavior ::run [ RunTime:0.000315s ]
INFO: [ app_begin ] --END-- [ RunTime:0.000381s ]
INFO: [ view_parse ] --START--
INFO: ParseTemplate Behavior ::run [ RunTime:0.000431s ]
INFO: [ view_parse ] --END-- [ RunTime:0.000481s ]
INFO: [ view_filter ] --START--
NOTIC: [8] Use of undefined constant APP_TMPL_PATH - assumed 'APP_TMPL_PATH' /mnt/b/ThinkPHP/Lib/Behavior/ContentReplaceBehavior.class.php 第 40 行.
NOTIC: [8] Use of undefined constant APP_TMPL_PATH - assumed 'APP_TMPL_PATH' /mnt/b/ThinkPHP/Lib/Behavior/ContentReplaceBehavior.class.php 第 47 行.
INFO: ContentReplace Behavior ::run [ RunTime:0.000225s ]
INFO: TokenBuild Behavior ::run [ RunTime:0.000212s ]
INFO: WriteHtmlCache Behavior ::run [ RunTime:0.000135s ]
INFO: ShowRuntime Behavior ::run [ RunTime:0.000243s ]
INFO: [ view_filter ] --END-- [ RunTime:0.000932s ]
INFO: [ view_end ] --START--
INFO: ShowPageTrace Behavior ::run [ RunTime:0.000341s ]
INFO: [ view_end ] --END-- [ RunTime:0.000379s ]

[ 2015-03-26T17:31:42+08:00 ] 121.42.0.19 /index.php
INFO: [ app_begin ] --START--
INFO: ReadHtmlCache Behavior ::run [ RunTime:0.000344s ]
INFO: [ app_begin ] --END-- [ RunTime:0.000411s ]
INFO: [ view_parse ] --START--
INFO: ParseTemplate Behavior ::run [ RunTime:0.000439s ]
INFO: [ view_parse ] --END-- [ RunTime:0.000492s ]
INFO: [ view_filter ] --START--
NOTIC: [8] Use of undefined constant APP_TMPL_PATH - assumed 'APP_TMPL_PATH' /mnt/b/ThinkPHP/Lib/Behavior/ContentReplaceBehavior.class.php 第 40 行.
NOTIC: [8] Use of undefined constant APP_TMPL_PATH - assumed 'APP_TMPL_PATH' /mnt/b/ThinkPHP/Lib/Behavior/ContentReplaceBehavior.class.php 第 47 行.
INFO: ContentReplace Behavior ::run [ RunTime:0.000221s ]
INFO: TokenBuild Behavior ::run [ RunTime:0.000191s ]
INFO: WriteHtmlCache Behavior ::run [ RunTime:0.000134s ]
INFO: ShowRuntime Behavior ::run [ RunTime:0.000264s ]
INFO: [ view_filter ] --END-- [ RunTime:0.000930s ]
INFO: [ view_end ] --START--
INFO: ShowPageTrace Behavior ::run [ RunTime:0.000376s ]
INFO: [ view_end ] --END-- [ RunTime:0.000414s ]

[ 2015-03-26T20:45:35+08:00 ] 222.186.128.57 http://www.baidu.com/
INFO: [ app_begin ] --START--
INFO: ReadHtmlCache Behavior ::run [ RunTime:0.000333s ]
INFO: [ app_begin ] --END-- [ RunTime:0.000399s ]
INFO: [ view_parse ] --START--
INFO: ParseTemplate Behavior ::run [ RunTime:0.000433s ]
INFO: [ view_parse ] --END-- [ RunTime:0.000481s ]
INFO: [ view_filter ] --START--
NOTIC: [8] Use of undefined constant APP_TMPL_PATH - assumed 'APP_TMPL_PATH' /mnt/b/ThinkPHP/Lib/Behavior/ContentReplaceBehavior.class.php 第 40 行.
NOTIC: [8] Use of undefined constant APP_TMPL_PATH - assumed 'APP_TMPL_PATH' /mnt/b/ThinkPHP/Lib/Behavior/ContentReplaceBehavior.class.php 第 47 行.
INFO: ContentReplace Behavior ::run [ RunTime:0.000241s ]
INFO: TokenBuild Behavior ::run [ RunTime:0.000200s ]
INFO: WriteHtmlCache Behavior ::run [ RunTime:0.000129s ]
INFO: ShowRuntime Behavior ::run [ RunTime:0.000262s ]
INFO: [ view_filter ] --END-- [ RunTime:0.000944s ]
INFO: [ view_end ] --START--
INFO: ShowPageTrace Behavior ::run [ RunTime:0.000361s ]
INFO: [ view_end ] --END-- [ RunTime:0.000399s ]

