[ 2015-04-06T01:04:56+08:00 ] 222.186.128.54 http://www.baidu.com/
INFO: [ app_begin ] --START--
INFO: ReadHtmlCache Behavior ::run [ RunTime:0.000325s ]
INFO: [ app_begin ] --END-- [ RunTime:0.000390s ]
INFO: [ view_parse ] --START--
INFO: ParseTemplate Behavior ::run [ RunTime:0.000405s ]
INFO: [ view_parse ] --END-- [ RunTime:0.000453s ]
INFO: [ view_filter ] --START--
NOTIC: [8] Use of undefined constant APP_TMPL_PATH - assumed 'APP_TMPL_PATH' /mnt/b/ThinkPHP/Lib/Behavior/ContentReplaceBehavior.class.php 第 40 行.
NOTIC: [8] Use of undefined constant APP_TMPL_PATH - assumed 'APP_TMPL_PATH' /mnt/b/ThinkPHP/Lib/Behavior/ContentReplaceBehavior.class.php 第 47 行.
INFO: ContentReplace Behavior ::run [ RunTime:0.000255s ]
INFO: TokenBuild Behavior ::run [ RunTime:0.000194s ]
INFO: WriteHtmlCache Behavior ::run [ RunTime:0.000126s ]
INFO: ShowRuntime Behavior ::run [ RunTime:0.000241s ]
INFO: [ view_filter ] --END-- [ RunTime:0.000929s ]
INFO: [ view_end ] --START--
INFO: ShowPageTrace Behavior ::run [ RunTime:0.000360s ]
INFO: [ view_end ] --END-- [ RunTime:0.000398s ]

[ 2015-04-06T04:11:52+08:00 ] 222.186.128.57 http://www.baidu.com/
INFO: [ app_begin ] --START--
INFO: ReadHtmlCache Behavior ::run [ RunTime:0.000332s ]
INFO: [ app_begin ] --END-- [ RunTime:0.000399s ]
INFO: [ view_parse ] --START--
INFO: ParseTemplate Behavior ::run [ RunTime:0.000491s ]
INFO: [ view_parse ] --END-- [ RunTime:0.000547s ]
INFO: [ view_filter ] --START--
NOTIC: [8] Use of undefined constant APP_TMPL_PATH - assumed 'APP_TMPL_PATH' /mnt/b/ThinkPHP/Lib/Behavior/ContentReplaceBehavior.class.php 第 40 行.
NOTIC: [8] Use of undefined constant APP_TMPL_PATH - assumed 'APP_TMPL_PATH' /mnt/b/ThinkPHP/Lib/Behavior/ContentReplaceBehavior.class.php 第 47 行.
INFO: ContentReplace Behavior ::run [ RunTime:0.000228s ]
INFO: TokenBuild Behavior ::run [ RunTime:0.000193s ]
INFO: WriteHtmlCache Behavior ::run [ RunTime:0.000126s ]
INFO: ShowRuntime Behavior ::run [ RunTime:0.000265s ]
INFO: [ view_filter ] --END-- [ RunTime:0.000927s ]
INFO: [ view_end ] --START--
INFO: ShowPageTrace Behavior ::run [ RunTime:0.000403s ]
INFO: [ view_end ] --END-- [ RunTime:0.000442s ]

[ 2015-04-06T04:26:53+08:00 ] 218.28.39.147 http://www.baidu.com/
INFO: [ app_begin ] --START--
INFO: ReadHtmlCache Behavior ::run [ RunTime:0.000341s ]
INFO: [ app_begin ] --END-- [ RunTime:0.000408s ]
INFO: [ view_parse ] --START--
INFO: ParseTemplate Behavior ::run [ RunTime:0.000439s ]
INFO: [ view_parse ] --END-- [ RunTime:0.000487s ]
INFO: [ view_filter ] --START--
NOTIC: [8] Use of undefined constant APP_TMPL_PATH - assumed 'APP_TMPL_PATH' /mnt/b/ThinkPHP/Lib/Behavior/ContentReplaceBehavior.class.php 第 40 行.
NOTIC: [8] Use of undefined constant APP_TMPL_PATH - assumed 'APP_TMPL_PATH' /mnt/b/ThinkPHP/Lib/Behavior/ContentReplaceBehavior.class.php 第 47 行.
INFO: ContentReplace Behavior ::run [ RunTime:0.000237s ]
INFO: TokenBuild Behavior ::run [ RunTime:0.000196s ]
INFO: WriteHtmlCache Behavior ::run [ RunTime:0.000171s ]
INFO: ShowRuntime Behavior ::run [ RunTime:0.000273s ]
INFO: [ view_filter ] --END-- [ RunTime:0.000989s ]
INFO: [ view_end ] --START--
INFO: ShowPageTrace Behavior ::run [ RunTime:0.000345s ]
INFO: [ view_end ] --END-- [ RunTime:0.000384s ]

[ 2015-04-06T06:26:55+08:00 ] 222.186.128.52 http://www.baidu.com/
INFO: [ app_begin ] --START--
INFO: ReadHtmlCache Behavior ::run [ RunTime:0.000341s ]
INFO: [ app_begin ] --END-- [ RunTime:0.000432s ]
INFO: [ view_parse ] --START--
INFO: ParseTemplate Behavior ::run [ RunTime:0.000408s ]
INFO: [ view_parse ] --END-- [ RunTime:0.000476s ]
INFO: [ view_filter ] --START--
NOTIC: [8] Use of undefined constant APP_TMPL_PATH - assumed 'APP_TMPL_PATH' /mnt/b/ThinkPHP/Lib/Behavior/ContentReplaceBehavior.class.php 第 40 行.
NOTIC: [8] Use of undefined constant APP_TMPL_PATH - assumed 'APP_TMPL_PATH' /mnt/b/ThinkPHP/Lib/Behavior/ContentReplaceBehavior.class.php 第 47 行.
INFO: ContentReplace Behavior ::run [ RunTime:0.000227s ]
INFO: TokenBuild Behavior ::run [ RunTime:0.000191s ]
INFO: WriteHtmlCache Behavior ::run [ RunTime:0.000178s ]
INFO: ShowRuntime Behavior ::run [ RunTime:0.000358s ]
INFO: [ view_filter ] --END-- [ RunTime:0.001088s ]
INFO: [ view_end ] --START--
INFO: ShowPageTrace Behavior ::run [ RunTime:0.000577s ]
INFO: [ view_end ] --END-- [ RunTime:0.000641s ]

[ 2015-04-06T07:03:41+08:00 ] 222.186.128.54 http://www.baidu.com/
INFO: [ app_begin ] --START--
INFO: ReadHtmlCache Behavior ::run [ RunTime:0.000330s ]
INFO: [ app_begin ] --END-- [ RunTime:0.000396s ]
INFO: [ view_parse ] --START--
INFO: ParseTemplate Behavior ::run [ RunTime:0.000430s ]
INFO: [ view_parse ] --END-- [ RunTime:0.000477s ]
INFO: [ view_filter ] --START--
NOTIC: [8] Use of undefined constant APP_TMPL_PATH - assumed 'APP_TMPL_PATH' /mnt/b/ThinkPHP/Lib/Behavior/ContentReplaceBehavior.class.php 第 40 行.
NOTIC: [8] Use of undefined constant APP_TMPL_PATH - assumed 'APP_TMPL_PATH' /mnt/b/ThinkPHP/Lib/Behavior/ContentReplaceBehavior.class.php 第 47 行.
INFO: ContentReplace Behavior ::run [ RunTime:0.000228s ]
INFO: TokenBuild Behavior ::run [ RunTime:0.000193s ]
INFO: WriteHtmlCache Behavior ::run [ RunTime:0.000145s ]
INFO: ShowRuntime Behavior ::run [ RunTime:0.000242s ]
INFO: [ view_filter ] --END-- [ RunTime:0.000919s ]
INFO: [ view_end ] --START--
INFO: ShowPageTrace Behavior ::run [ RunTime:0.000556s ]
INFO: [ view_end ] --END-- [ RunTime:0.000624s ]

[ 2015-04-06T08:06:51+08:00 ] 222.186.128.53 http://www.baidu.com/
INFO: [ app_begin ] --START--
INFO: ReadHtmlCache Behavior ::run [ RunTime:0.000342s ]
INFO: [ app_begin ] --END-- [ RunTime:0.000408s ]
INFO: [ view_parse ] --START--
INFO: ParseTemplate Behavior ::run [ RunTime:0.000428s ]
INFO: [ view_parse ] --END-- [ RunTime:0.000476s ]
INFO: [ view_filter ] --START--
NOTIC: [8] Use of undefined constant APP_TMPL_PATH - assumed 'APP_TMPL_PATH' /mnt/b/ThinkPHP/Lib/Behavior/ContentReplaceBehavior.class.php 第 40 行.
NOTIC: [8] Use of undefined constant APP_TMPL_PATH - assumed 'APP_TMPL_PATH' /mnt/b/ThinkPHP/Lib/Behavior/ContentReplaceBehavior.class.php 第 47 行.
INFO: ContentReplace Behavior ::run [ RunTime:0.000229s ]
INFO: TokenBuild Behavior ::run [ RunTime:0.000192s ]
INFO: WriteHtmlCache Behavior ::run [ RunTime:0.000151s ]
INFO: ShowRuntime Behavior ::run [ RunTime:0.000318s ]
INFO: [ view_filter ] --END-- [ RunTime:0.001024s ]
INFO: [ view_end ] --START--
INFO: ShowPageTrace Behavior ::run [ RunTime:0.000342s ]
INFO: [ view_end ] --END-- [ RunTime:0.000380s ]

[ 2015-04-06T08:23:20+08:00 ] 1.172.135.237 /
INFO: [ app_begin ] --START--
INFO: ReadHtmlCache Behavior ::run [ RunTime:0.000337s ]
INFO: [ app_begin ] --END-- [ RunTime:0.000404s ]
INFO: [ view_parse ] --START--
INFO: ParseTemplate Behavior ::run [ RunTime:0.000454s ]
INFO: [ view_parse ] --END-- [ RunTime:0.000500s ]
INFO: [ view_filter ] --START--
NOTIC: [8] Use of undefined constant APP_TMPL_PATH - assumed 'APP_TMPL_PATH' /mnt/b/ThinkPHP/Lib/Behavior/ContentReplaceBehavior.class.php 第 40 行.
NOTIC: [8] Use of undefined constant APP_TMPL_PATH - assumed 'APP_TMPL_PATH' /mnt/b/ThinkPHP/Lib/Behavior/ContentReplaceBehavior.class.php 第 47 行.
INFO: ContentReplace Behavior ::run [ RunTime:0.000227s ]
INFO: TokenBuild Behavior ::run [ RunTime:0.000208s ]
INFO: WriteHtmlCache Behavior ::run [ RunTime:0.000131s ]
INFO: ShowRuntime Behavior ::run [ RunTime:0.000277s ]
INFO: [ view_filter ] --END-- [ RunTime:0.000953s ]
INFO: [ view_end ] --START--
INFO: ShowPageTrace Behavior ::run [ RunTime:0.000345s ]
INFO: [ view_end ] --END-- [ RunTime:0.000383s ]

[ 2015-04-06T10:05:53+08:00 ] 222.186.58.97 http://www.baidu.com/
INFO: [ app_begin ] --START--
INFO: ReadHtmlCache Behavior ::run [ RunTime:0.000318s ]
INFO: [ app_begin ] --END-- [ RunTime:0.000385s ]
INFO: [ view_parse ] --START--
INFO: ParseTemplate Behavior ::run [ RunTime:0.000435s ]
INFO: [ view_parse ] --END-- [ RunTime:0.000483s ]
INFO: [ view_filter ] --START--
NOTIC: [8] Use of undefined constant APP_TMPL_PATH - assumed 'APP_TMPL_PATH' /mnt/b/ThinkPHP/Lib/Behavior/ContentReplaceBehavior.class.php 第 40 行.
NOTIC: [8] Use of undefined constant APP_TMPL_PATH - assumed 'APP_TMPL_PATH' /mnt/b/ThinkPHP/Lib/Behavior/ContentReplaceBehavior.class.php 第 47 行.
INFO: ContentReplace Behavior ::run [ RunTime:0.000226s ]
INFO: TokenBuild Behavior ::run [ RunTime:0.000195s ]
INFO: WriteHtmlCache Behavior ::run [ RunTime:0.000148s ]
INFO: ShowRuntime Behavior ::run [ RunTime:0.000243s ]
INFO: [ view_filter ] --END-- [ RunTime:0.000926s ]
INFO: [ view_end ] --START--
INFO: ShowPageTrace Behavior ::run [ RunTime:0.000340s ]
INFO: [ view_end ] --END-- [ RunTime:0.000378s ]

[ 2015-04-06T10:47:11+08:00 ] 222.186.128.58 http://www.baidu.com/
INFO: [ app_begin ] --START--
INFO: ReadHtmlCache Behavior ::run [ RunTime:0.000307s ]
INFO: [ app_begin ] --END-- [ RunTime:0.000375s ]
INFO: [ view_parse ] --START--
INFO: ParseTemplate Behavior ::run [ RunTime:0.000406s ]
INFO: [ view_parse ] --END-- [ RunTime:0.000452s ]
INFO: [ view_filter ] --START--
NOTIC: [8] Use of undefined constant APP_TMPL_PATH - assumed 'APP_TMPL_PATH' /mnt/b/ThinkPHP/Lib/Behavior/ContentReplaceBehavior.class.php 第 40 行.
NOTIC: [8] Use of undefined constant APP_TMPL_PATH - assumed 'APP_TMPL_PATH' /mnt/b/ThinkPHP/Lib/Behavior/ContentReplaceBehavior.class.php 第 47 行.
INFO: ContentReplace Behavior ::run [ RunTime:0.000248s ]
INFO: TokenBuild Behavior ::run [ RunTime:0.000194s ]
INFO: WriteHtmlCache Behavior ::run [ RunTime:0.000126s ]
INFO: ShowRuntime Behavior ::run [ RunTime:0.000239s ]
INFO: [ view_filter ] --END-- [ RunTime:0.000923s ]
INFO: [ view_end ] --START--
INFO: ShowPageTrace Behavior ::run [ RunTime:0.000422s ]
INFO: [ view_end ] --END-- [ RunTime:0.000460s ]

[ 2015-04-06T12:04:36+08:00 ] 222.186.128.52 http://www.baidu.com/
INFO: [ app_begin ] --START--
INFO: ReadHtmlCache Behavior ::run [ RunTime:0.000334s ]
INFO: [ app_begin ] --END-- [ RunTime:0.000400s ]
INFO: [ view_parse ] --START--
INFO: ParseTemplate Behavior ::run [ RunTime:0.000424s ]
INFO: [ view_parse ] --END-- [ RunTime:0.000472s ]
INFO: [ view_filter ] --START--
NOTIC: [8] Use of undefined constant APP_TMPL_PATH - assumed 'APP_TMPL_PATH' /mnt/b/ThinkPHP/Lib/Behavior/ContentReplaceBehavior.class.php 第 40 行.
NOTIC: [8] Use of undefined constant APP_TMPL_PATH - assumed 'APP_TMPL_PATH' /mnt/b/ThinkPHP/Lib/Behavior/ContentReplaceBehavior.class.php 第 47 行.
INFO: ContentReplace Behavior ::run [ RunTime:0.000250s ]
INFO: TokenBuild Behavior ::run [ RunTime:0.000193s ]
INFO: WriteHtmlCache Behavior ::run [ RunTime:0.000139s ]
INFO: ShowRuntime Behavior ::run [ RunTime:0.000243s ]
INFO: [ view_filter ] --END-- [ RunTime:0.000936s ]
INFO: [ view_end ] --START--
INFO: ShowPageTrace Behavior ::run [ RunTime:0.000374s ]
INFO: [ view_end ] --END-- [ RunTime:0.000441s ]

[ 2015-04-06T14:37:18+08:00 ] 91.12.116.196 
INFO: [ app_begin ] --START--
INFO: ReadHtmlCache Behavior ::run [ RunTime:0.000311s ]
INFO: [ app_begin ] --END-- [ RunTime:0.000377s ]
INFO: [ view_parse ] --START--
INFO: ParseTemplate Behavior ::run [ RunTime:0.000441s ]
INFO: [ view_parse ] --END-- [ RunTime:0.000487s ]
INFO: [ view_filter ] --START--
NOTIC: [8] Use of undefined constant APP_TMPL_PATH - assumed 'APP_TMPL_PATH' /mnt/b/ThinkPHP/Lib/Behavior/ContentReplaceBehavior.class.php 第 40 行.
NOTIC: [8] Use of undefined constant APP_TMPL_PATH - assumed 'APP_TMPL_PATH' /mnt/b/ThinkPHP/Lib/Behavior/ContentReplaceBehavior.class.php 第 47 行.
INFO: ContentReplace Behavior ::run [ RunTime:0.000219s ]
INFO: TokenBuild Behavior ::run [ RunTime:0.000191s ]
INFO: WriteHtmlCache Behavior ::run [ RunTime:0.000125s ]
INFO: ShowRuntime Behavior ::run [ RunTime:0.000275s ]
INFO: [ view_filter ] --END-- [ RunTime:0.000921s ]
INFO: [ view_end ] --START--
INFO: ShowPageTrace Behavior ::run [ RunTime:0.000363s ]
INFO: [ view_end ] --END-- [ RunTime:0.000401s ]

[ 2015-04-06T18:50:23+08:00 ] 222.186.58.97 http://www.baidu.com/
INFO: [ app_begin ] --START--
INFO: ReadHtmlCache Behavior ::run [ RunTime:0.000331s ]
INFO: [ app_begin ] --END-- [ RunTime:0.000398s ]
INFO: [ view_parse ] --START--
INFO: ParseTemplate Behavior ::run [ RunTime:0.000406s ]
INFO: [ view_parse ] --END-- [ RunTime:0.000458s ]
INFO: [ view_filter ] --START--
NOTIC: [8] Use of undefined constant APP_TMPL_PATH - assumed 'APP_TMPL_PATH' /mnt/b/ThinkPHP/Lib/Behavior/ContentReplaceBehavior.class.php 第 40 行.
NOTIC: [8] Use of undefined constant APP_TMPL_PATH - assumed 'APP_TMPL_PATH' /mnt/b/ThinkPHP/Lib/Behavior/ContentReplaceBehavior.class.php 第 47 行.
INFO: ContentReplace Behavior ::run [ RunTime:0.000257s ]
INFO: TokenBuild Behavior ::run [ RunTime:0.000201s ]
INFO: WriteHtmlCache Behavior ::run [ RunTime:0.000125s ]
INFO: ShowRuntime Behavior ::run [ RunTime:0.000242s ]
INFO: [ view_filter ] --END-- [ RunTime:0.000942s ]
INFO: [ view_end ] --START--
INFO: ShowPageTrace Behavior ::run [ RunTime:0.000373s ]
INFO: [ view_end ] --END-- [ RunTime:0.000411s ]

[ 2015-04-06T19:54:24+08:00 ] 222.186.128.54 http://www.baidu.com/
INFO: [ app_begin ] --START--
INFO: ReadHtmlCache Behavior ::run [ RunTime:0.000330s ]
INFO: [ app_begin ] --END-- [ RunTime:0.000450s ]
INFO: [ view_parse ] --START--
INFO: ParseTemplate Behavior ::run [ RunTime:0.000433s ]
INFO: [ view_parse ] --END-- [ RunTime:0.000481s ]
INFO: [ view_filter ] --START--
NOTIC: [8] Use of undefined constant APP_TMPL_PATH - assumed 'APP_TMPL_PATH' /mnt/b/ThinkPHP/Lib/Behavior/ContentReplaceBehavior.class.php 第 40 行.
NOTIC: [8] Use of undefined constant APP_TMPL_PATH - assumed 'APP_TMPL_PATH' /mnt/b/ThinkPHP/Lib/Behavior/ContentReplaceBehavior.class.php 第 47 行.
INFO: ContentReplace Behavior ::run [ RunTime:0.000247s ]
INFO: TokenBuild Behavior ::run [ RunTime:0.000194s ]
INFO: WriteHtmlCache Behavior ::run [ RunTime:0.000127s ]
INFO: ShowRuntime Behavior ::run [ RunTime:0.000268s ]
INFO: [ view_filter ] --END-- [ RunTime:0.000950s ]
INFO: [ view_end ] --START--
INFO: ShowPageTrace Behavior ::run [ RunTime:0.000790s ]
INFO: [ view_end ] --END-- [ RunTime:0.000919s ]

[ 2015-04-06T20:42:09+08:00 ] 36.226.113.4 vip163mx01.mxmail.netease.com:25
INFO: [ app_begin ] --START--
INFO: ReadHtmlCache Behavior ::run [ RunTime:0.000309s ]
INFO: [ app_begin ] --END-- [ RunTime:0.000375s ]
INFO: [ view_parse ] --START--
INFO: ParseTemplate Behavior ::run [ RunTime:0.000407s ]
INFO: [ view_parse ] --END-- [ RunTime:0.000454s ]
INFO: [ view_filter ] --START--
NOTIC: [8] Use of undefined constant APP_TMPL_PATH - assumed 'APP_TMPL_PATH' /mnt/b/ThinkPHP/Lib/Behavior/ContentReplaceBehavior.class.php 第 40 行.
NOTIC: [8] Use of undefined constant APP_TMPL_PATH - assumed 'APP_TMPL_PATH' /mnt/b/ThinkPHP/Lib/Behavior/ContentReplaceBehavior.class.php 第 47 行.
INFO: ContentReplace Behavior ::run [ RunTime:0.000224s ]
INFO: TokenBuild Behavior ::run [ RunTime:0.000202s ]
INFO: WriteHtmlCache Behavior ::run [ RunTime:0.000146s ]
INFO: ShowRuntime Behavior ::run [ RunTime:0.000243s ]
INFO: [ view_filter ] --END-- [ RunTime:0.000925s ]
INFO: [ view_end ] --START--
INFO: ShowPageTrace Behavior ::run [ RunTime:0.000353s ]
INFO: [ view_end ] --END-- [ RunTime:0.000397s ]

[ 2015-04-06T21:13:27+08:00 ] 222.186.128.54 http://www.baidu.com/
INFO: [ app_begin ] --START--
INFO: ReadHtmlCache Behavior ::run [ RunTime:0.000329s ]
INFO: [ app_begin ] --END-- [ RunTime:0.000423s ]
INFO: [ view_parse ] --START--
INFO: ParseTemplate Behavior ::run [ RunTime:0.000419s ]
INFO: [ view_parse ] --END-- [ RunTime:0.000466s ]
INFO: [ view_filter ] --START--
NOTIC: [8] Use of undefined constant APP_TMPL_PATH - assumed 'APP_TMPL_PATH' /mnt/b/ThinkPHP/Lib/Behavior/ContentReplaceBehavior.class.php 第 40 行.
NOTIC: [8] Use of undefined constant APP_TMPL_PATH - assumed 'APP_TMPL_PATH' /mnt/b/ThinkPHP/Lib/Behavior/ContentReplaceBehavior.class.php 第 47 行.
INFO: ContentReplace Behavior ::run [ RunTime:0.000248s ]
INFO: TokenBuild Behavior ::run [ RunTime:0.000203s ]
INFO: WriteHtmlCache Behavior ::run [ RunTime:0.000125s ]
INFO: ShowRuntime Behavior ::run [ RunTime:0.000243s ]
INFO: [ view_filter ] --END-- [ RunTime:0.000939s ]
INFO: [ view_end ] --START--
INFO: ShowPageTrace Behavior ::run [ RunTime:0.000391s ]
INFO: [ view_end ] --END-- [ RunTime:0.000438s ]

[ 2015-04-06T22:23:24+08:00 ] 61.240.144.66 /
INFO: [ app_begin ] --START--
INFO: ReadHtmlCache Behavior ::run [ RunTime:0.000322s ]
INFO: [ app_begin ] --END-- [ RunTime:0.000388s ]
INFO: [ view_parse ] --START--
INFO: ParseTemplate Behavior ::run [ RunTime:0.000422s ]
INFO: [ view_parse ] --END-- [ RunTime:0.000469s ]
INFO: [ view_filter ] --START--
NOTIC: [8] Use of undefined constant APP_TMPL_PATH - assumed 'APP_TMPL_PATH' /mnt/b/ThinkPHP/Lib/Behavior/ContentReplaceBehavior.class.php 第 40 行.
NOTIC: [8] Use of undefined constant APP_TMPL_PATH - assumed 'APP_TMPL_PATH' /mnt/b/ThinkPHP/Lib/Behavior/ContentReplaceBehavior.class.php 第 47 行.
INFO: ContentReplace Behavior ::run [ RunTime:0.000225s ]
INFO: TokenBuild Behavior ::run [ RunTime:0.000220s ]
INFO: WriteHtmlCache Behavior ::run [ RunTime:0.000129s ]
INFO: ShowRuntime Behavior ::run [ RunTime:0.000255s ]
INFO: [ view_filter ] --END-- [ RunTime:0.000939s ]
INFO: [ view_end ] --START--
INFO: ShowPageTrace Behavior ::run [ RunTime:0.000380s ]
INFO: [ view_end ] --END-- [ RunTime:0.000417s ]

