[ 2015-02-23T00:17:41+08:00 ] 70.48.116.98 
INFO: [ app_begin ] --START--
INFO: ReadHtmlCache Behavior ::run [ RunTime:0.000329s ]
INFO: [ app_begin ] --END-- [ RunTime:0.000395s ]
INFO: [ view_parse ] --START--
INFO: ParseTemplate Behavior ::run [ RunTime:0.000426s ]
INFO: [ view_parse ] --END-- [ RunTime:0.000471s ]
INFO: [ view_filter ] --START--
NOTIC: [8] Use of undefined constant APP_TMPL_PATH - assumed 'APP_TMPL_PATH' /mnt/b/ThinkPHP/Lib/Behavior/ContentReplaceBehavior.class.php 第 40 行.
NOTIC: [8] Use of undefined constant APP_TMPL_PATH - assumed 'APP_TMPL_PATH' /mnt/b/ThinkPHP/Lib/Behavior/ContentReplaceBehavior.class.php 第 47 行.
INFO: ContentReplace Behavior ::run [ RunTime:0.000216s ]
INFO: TokenBuild Behavior ::run [ RunTime:0.000195s ]
INFO: WriteHtmlCache Behavior ::run [ RunTime:0.000123s ]
INFO: ShowRuntime Behavior ::run [ RunTime:0.000260s ]
INFO: [ view_filter ] --END-- [ RunTime:0.000912s ]
INFO: [ view_end ] --START--
INFO: ShowPageTrace Behavior ::run [ RunTime:0.000347s ]
INFO: [ view_end ] --END-- [ RunTime:0.000384s ]

[ 2015-02-23T00:37:12+08:00 ] 80.152.134.54 
INFO: [ app_begin ] --START--
INFO: ReadHtmlCache Behavior ::run [ RunTime:0.000309s ]
INFO: [ app_begin ] --END-- [ RunTime:0.000376s ]
INFO: [ view_parse ] --START--
INFO: ParseTemplate Behavior ::run [ RunTime:0.000408s ]
INFO: [ view_parse ] --END-- [ RunTime:0.000473s ]
INFO: [ view_filter ] --START--
NOTIC: [8] Use of undefined constant APP_TMPL_PATH - assumed 'APP_TMPL_PATH' /mnt/b/ThinkPHP/Lib/Behavior/ContentReplaceBehavior.class.php 第 40 行.
NOTIC: [8] Use of undefined constant APP_TMPL_PATH - assumed 'APP_TMPL_PATH' /mnt/b/ThinkPHP/Lib/Behavior/ContentReplaceBehavior.class.php 第 47 行.
INFO: ContentReplace Behavior ::run [ RunTime:0.000219s ]
INFO: TokenBuild Behavior ::run [ RunTime:0.000196s ]
INFO: WriteHtmlCache Behavior ::run [ RunTime:0.000145s ]
INFO: ShowRuntime Behavior ::run [ RunTime:0.000246s ]
INFO: [ view_filter ] --END-- [ RunTime:0.000918s ]
INFO: [ view_end ] --START--
INFO: ShowPageTrace Behavior ::run [ RunTime:0.000344s ]
INFO: [ view_end ] --END-- [ RunTime:0.000381s ]

[ 2015-02-23T10:09:15+08:00 ] 122.224.80.134 /
INFO: [ app_begin ] --START--
INFO: ReadHtmlCache Behavior ::run [ RunTime:0.000372s ]
INFO: [ app_begin ] --END-- [ RunTime:0.000446s ]
INFO: [ view_parse ] --START--
INFO: ParseTemplate Behavior ::run [ RunTime:0.000430s ]
INFO: [ view_parse ] --END-- [ RunTime:0.000482s ]
INFO: [ view_filter ] --START--
NOTIC: [8] Use of undefined constant APP_TMPL_PATH - assumed 'APP_TMPL_PATH' /mnt/b/ThinkPHP/Lib/Behavior/ContentReplaceBehavior.class.php 第 40 行.
NOTIC: [8] Use of undefined constant APP_TMPL_PATH - assumed 'APP_TMPL_PATH' /mnt/b/ThinkPHP/Lib/Behavior/ContentReplaceBehavior.class.php 第 47 行.
INFO: ContentReplace Behavior ::run [ RunTime:0.000220s ]
INFO: TokenBuild Behavior ::run [ RunTime:0.000188s ]
INFO: WriteHtmlCache Behavior ::run [ RunTime:0.000131s ]
INFO: ShowRuntime Behavior ::run [ RunTime:0.000263s ]
INFO: [ view_filter ] --END-- [ RunTime:0.000915s ]
INFO: [ view_end ] --START--
INFO: ShowPageTrace Behavior ::run [ RunTime:0.000339s ]
INFO: [ view_end ] --END-- [ RunTime:0.000376s ]

[ 2015-02-23T13:28:47+08:00 ] 93.231.169.89 
INFO: [ app_begin ] --START--
INFO: ReadHtmlCache Behavior ::run [ RunTime:0.000306s ]
INFO: [ app_begin ] --END-- [ RunTime:0.000371s ]
INFO: [ view_parse ] --START--
INFO: ParseTemplate Behavior ::run [ RunTime:0.000478s ]
INFO: [ view_parse ] --END-- [ RunTime:0.000524s ]
INFO: [ view_filter ] --START--
NOTIC: [8] Use of undefined constant APP_TMPL_PATH - assumed 'APP_TMPL_PATH' /mnt/b/ThinkPHP/Lib/Behavior/ContentReplaceBehavior.class.php 第 40 行.
NOTIC: [8] Use of undefined constant APP_TMPL_PATH - assumed 'APP_TMPL_PATH' /mnt/b/ThinkPHP/Lib/Behavior/ContentReplaceBehavior.class.php 第 47 行.
INFO: ContentReplace Behavior ::run [ RunTime:0.000241s ]
INFO: TokenBuild Behavior ::run [ RunTime:0.000191s ]
INFO: WriteHtmlCache Behavior ::run [ RunTime:0.000126s ]
INFO: ShowRuntime Behavior ::run [ RunTime:0.000241s ]
INFO: [ view_filter ] --END-- [ RunTime:0.000912s ]
INFO: [ view_end ] --START--
INFO: ShowPageTrace Behavior ::run [ RunTime:0.000548s ]
INFO: [ view_end ] --END-- [ RunTime:0.000621s ]

[ 2015-02-23T14:15:31+08:00 ] 59.127.143.241 
INFO: [ app_begin ] --START--
INFO: ReadHtmlCache Behavior ::run [ RunTime:0.000307s ]
INFO: [ app_begin ] --END-- [ RunTime:0.000373s ]
INFO: [ view_parse ] --START--
INFO: ParseTemplate Behavior ::run [ RunTime:0.000403s ]
INFO: [ view_parse ] --END-- [ RunTime:0.000447s ]
INFO: [ view_filter ] --START--
NOTIC: [8] Use of undefined constant APP_TMPL_PATH - assumed 'APP_TMPL_PATH' /mnt/b/ThinkPHP/Lib/Behavior/ContentReplaceBehavior.class.php 第 40 行.
NOTIC: [8] Use of undefined constant APP_TMPL_PATH - assumed 'APP_TMPL_PATH' /mnt/b/ThinkPHP/Lib/Behavior/ContentReplaceBehavior.class.php 第 47 行.
INFO: ContentReplace Behavior ::run [ RunTime:0.000221s ]
INFO: TokenBuild Behavior ::run [ RunTime:0.000213s ]
INFO: WriteHtmlCache Behavior ::run [ RunTime:0.000128s ]
INFO: ShowRuntime Behavior ::run [ RunTime:0.000283s ]
INFO: [ view_filter ] --END-- [ RunTime:0.000989s ]
INFO: [ view_end ] --START--
INFO: ShowPageTrace Behavior ::run [ RunTime:0.000361s ]
INFO: [ view_end ] --END-- [ RunTime:0.000399s ]

[ 2015-02-23T18:05:47+08:00 ] 220.210.144.25 
INFO: [ app_begin ] --START--
INFO: ReadHtmlCache Behavior ::run [ RunTime:0.000347s ]
INFO: [ app_begin ] --END-- [ RunTime:0.000421s ]
INFO: [ view_parse ] --START--
INFO: ParseTemplate Behavior ::run [ RunTime:0.000420s ]
INFO: [ view_parse ] --END-- [ RunTime:0.000466s ]
INFO: [ view_filter ] --START--
NOTIC: [8] Use of undefined constant APP_TMPL_PATH - assumed 'APP_TMPL_PATH' /mnt/b/ThinkPHP/Lib/Behavior/ContentReplaceBehavior.class.php 第 40 行.
NOTIC: [8] Use of undefined constant APP_TMPL_PATH - assumed 'APP_TMPL_PATH' /mnt/b/ThinkPHP/Lib/Behavior/ContentReplaceBehavior.class.php 第 47 行.
INFO: ContentReplace Behavior ::run [ RunTime:0.000248s ]
INFO: TokenBuild Behavior ::run [ RunTime:0.000196s ]
INFO: WriteHtmlCache Behavior ::run [ RunTime:0.000128s ]
INFO: ShowRuntime Behavior ::run [ RunTime:0.000248s ]
INFO: [ view_filter ] --END-- [ RunTime:0.000932s ]
INFO: [ view_end ] --START--
INFO: ShowPageTrace Behavior ::run [ RunTime:0.000367s ]
INFO: [ view_end ] --END-- [ RunTime:0.000405s ]

[ 2015-02-23T18:33:30+08:00 ] 91.39.224.100 
INFO: [ app_begin ] --START--
INFO: ReadHtmlCache Behavior ::run [ RunTime:0.000355s ]
INFO: [ app_begin ] --END-- [ RunTime:0.000428s ]
INFO: [ view_parse ] --START--
INFO: ParseTemplate Behavior ::run [ RunTime:0.000410s ]
INFO: [ view_parse ] --END-- [ RunTime:0.000460s ]
INFO: [ view_filter ] --START--
NOTIC: [8] Use of undefined constant APP_TMPL_PATH - assumed 'APP_TMPL_PATH' /mnt/b/ThinkPHP/Lib/Behavior/ContentReplaceBehavior.class.php 第 40 行.
NOTIC: [8] Use of undefined constant APP_TMPL_PATH - assumed 'APP_TMPL_PATH' /mnt/b/ThinkPHP/Lib/Behavior/ContentReplaceBehavior.class.php 第 47 行.
INFO: ContentReplace Behavior ::run [ RunTime:0.000221s ]
INFO: TokenBuild Behavior ::run [ RunTime:0.000209s ]
INFO: WriteHtmlCache Behavior ::run [ RunTime:0.000128s ]
INFO: ShowRuntime Behavior ::run [ RunTime:0.000280s ]
INFO: [ view_filter ] --END-- [ RunTime:0.000957s ]
INFO: [ view_end ] --START--
INFO: ShowPageTrace Behavior ::run [ RunTime:0.000339s ]
INFO: [ view_end ] --END-- [ RunTime:0.000377s ]

[ 2015-02-23T19:26:21+08:00 ] 118.165.131.240 mx3.mail2000.com.tw:25
INFO: [ app_begin ] --START--
INFO: ReadHtmlCache Behavior ::run [ RunTime:0.000368s ]
INFO: [ app_begin ] --END-- [ RunTime:0.000435s ]
INFO: [ view_parse ] --START--
INFO: ParseTemplate Behavior ::run [ RunTime:0.000427s ]
INFO: [ view_parse ] --END-- [ RunTime:0.000473s ]
INFO: [ view_filter ] --START--
NOTIC: [8] Use of undefined constant APP_TMPL_PATH - assumed 'APP_TMPL_PATH' /mnt/b/ThinkPHP/Lib/Behavior/ContentReplaceBehavior.class.php 第 40 行.
NOTIC: [8] Use of undefined constant APP_TMPL_PATH - assumed 'APP_TMPL_PATH' /mnt/b/ThinkPHP/Lib/Behavior/ContentReplaceBehavior.class.php 第 47 行.
INFO: ContentReplace Behavior ::run [ RunTime:0.000219s ]
INFO: TokenBuild Behavior ::run [ RunTime:0.000189s ]
INFO: WriteHtmlCache Behavior ::run [ RunTime:0.000125s ]
INFO: ShowRuntime Behavior ::run [ RunTime:0.000263s ]
INFO: [ view_filter ] --END-- [ RunTime:0.000907s ]
INFO: [ view_end ] --START--
INFO: ShowPageTrace Behavior ::run [ RunTime:0.000338s ]
INFO: [ view_end ] --END-- [ RunTime:0.000375s ]

[ 2015-02-23T20:50:28+08:00 ] 81.165.73.225 
INFO: [ app_begin ] --START--
INFO: ReadHtmlCache Behavior ::run [ RunTime:0.000334s ]
INFO: [ app_begin ] --END-- [ RunTime:0.000400s ]
INFO: [ view_parse ] --START--
INFO: ParseTemplate Behavior ::run [ RunTime:0.000406s ]
INFO: [ view_parse ] --END-- [ RunTime:0.000452s ]
INFO: [ view_filter ] --START--
NOTIC: [8] Use of undefined constant APP_TMPL_PATH - assumed 'APP_TMPL_PATH' /mnt/b/ThinkPHP/Lib/Behavior/ContentReplaceBehavior.class.php 第 40 行.
NOTIC: [8] Use of undefined constant APP_TMPL_PATH - assumed 'APP_TMPL_PATH' /mnt/b/ThinkPHP/Lib/Behavior/ContentReplaceBehavior.class.php 第 47 行.
INFO: ContentReplace Behavior ::run [ RunTime:0.000225s ]
INFO: TokenBuild Behavior ::run [ RunTime:0.000199s ]
INFO: WriteHtmlCache Behavior ::run [ RunTime:0.000125s ]
INFO: ShowRuntime Behavior ::run [ RunTime:0.000240s ]
INFO: [ view_filter ] --END-- [ RunTime:0.000905s ]
INFO: [ view_end ] --START--
INFO: ShowPageTrace Behavior ::run [ RunTime:0.000363s ]
INFO: [ view_end ] --END-- [ RunTime:0.000400s ]

[ 2015-02-23T21:16:49+08:00 ] 218.7.194.248 /
INFO: [ app_begin ] --START--
INFO: ReadHtmlCache Behavior ::run [ RunTime:0.000384s ]
INFO: [ app_begin ] --END-- [ RunTime:0.000451s ]
INFO: [ view_parse ] --START--
INFO: ParseTemplate Behavior ::run [ RunTime:0.000414s ]
INFO: [ view_parse ] --END-- [ RunTime:0.000461s ]
INFO: [ view_filter ] --START--
NOTIC: [8] Use of undefined constant APP_TMPL_PATH - assumed 'APP_TMPL_PATH' /mnt/b/ThinkPHP/Lib/Behavior/ContentReplaceBehavior.class.php 第 40 行.
NOTIC: [8] Use of undefined constant APP_TMPL_PATH - assumed 'APP_TMPL_PATH' /mnt/b/ThinkPHP/Lib/Behavior/ContentReplaceBehavior.class.php 第 47 行.
INFO: ContentReplace Behavior ::run [ RunTime:0.000220s ]
INFO: TokenBuild Behavior ::run [ RunTime:0.000216s ]
INFO: WriteHtmlCache Behavior ::run [ RunTime:0.000126s ]
INFO: ShowRuntime Behavior ::run [ RunTime:0.000243s ]
INFO: [ view_filter ] --END-- [ RunTime:0.000923s ]
INFO: [ view_end ] --START--
INFO: ShowPageTrace Behavior ::run [ RunTime:0.000338s ]
INFO: [ view_end ] --END-- [ RunTime:0.000375s ]

[ 2015-02-23T23:19:43+08:00 ] 219.76.178.220 
INFO: [ app_begin ] --START--
INFO: ReadHtmlCache Behavior ::run [ RunTime:0.000303s ]
INFO: [ app_begin ] --END-- [ RunTime:0.000388s ]
INFO: [ view_parse ] --START--
INFO: ParseTemplate Behavior ::run [ RunTime:0.000403s ]
INFO: [ view_parse ] --END-- [ RunTime:0.000448s ]
INFO: [ view_filter ] --START--
NOTIC: [8] Use of undefined constant APP_TMPL_PATH - assumed 'APP_TMPL_PATH' /mnt/b/ThinkPHP/Lib/Behavior/ContentReplaceBehavior.class.php 第 40 行.
NOTIC: [8] Use of undefined constant APP_TMPL_PATH - assumed 'APP_TMPL_PATH' /mnt/b/ThinkPHP/Lib/Behavior/ContentReplaceBehavior.class.php 第 47 行.
INFO: ContentReplace Behavior ::run [ RunTime:0.000239s ]
INFO: TokenBuild Behavior ::run [ RunTime:0.000189s ]
INFO: WriteHtmlCache Behavior ::run [ RunTime:0.000122s ]
INFO: ShowRuntime Behavior ::run [ RunTime:0.000238s ]
INFO: [ view_filter ] --END-- [ RunTime:0.000899s ]
INFO: [ view_end ] --START--
INFO: ShowPageTrace Behavior ::run [ RunTime:0.000388s ]
INFO: [ view_end ] --END-- [ RunTime:0.000425s ]

[ 2015-02-23T23:28:18+08:00 ] 58.152.79.39 
INFO: [ app_begin ] --START--
INFO: ReadHtmlCache Behavior ::run [ RunTime:0.000307s ]
INFO: [ app_begin ] --END-- [ RunTime:0.000374s ]
INFO: [ view_parse ] --START--
INFO: ParseTemplate Behavior ::run [ RunTime:0.000423s ]
INFO: [ view_parse ] --END-- [ RunTime:0.000492s ]
INFO: [ view_filter ] --START--
NOTIC: [8] Use of undefined constant APP_TMPL_PATH - assumed 'APP_TMPL_PATH' /mnt/b/ThinkPHP/Lib/Behavior/ContentReplaceBehavior.class.php 第 40 行.
NOTIC: [8] Use of undefined constant APP_TMPL_PATH - assumed 'APP_TMPL_PATH' /mnt/b/ThinkPHP/Lib/Behavior/ContentReplaceBehavior.class.php 第 47 行.
INFO: ContentReplace Behavior ::run [ RunTime:0.000218s ]
INFO: TokenBuild Behavior ::run [ RunTime:0.000189s ]
INFO: WriteHtmlCache Behavior ::run [ RunTime:0.000155s ]
INFO: ShowRuntime Behavior ::run [ RunTime:0.000243s ]
INFO: [ view_filter ] --END-- [ RunTime:0.000916s ]
INFO: [ view_end ] --START--
INFO: ShowPageTrace Behavior ::run [ RunTime:0.000371s ]
INFO: [ view_end ] --END-- [ RunTime:0.000408s ]

