[ 2015-03-03T01:01:22+08:00 ] 178.118.92.205 
INFO: [ app_begin ] --START--
INFO: ReadHtmlCache Behavior ::run [ RunTime:0.000308s ]
INFO: [ app_begin ] --END-- [ RunTime:0.000395s ]
INFO: [ view_parse ] --START--
INFO: ParseTemplate Behavior ::run [ RunTime:0.000426s ]
INFO: [ view_parse ] --END-- [ RunTime:0.000472s ]
INFO: [ view_filter ] --START--
NOTIC: [8] Use of undefined constant APP_TMPL_PATH - assumed 'APP_TMPL_PATH' /mnt/b/ThinkPHP/Lib/Behavior/ContentReplaceBehavior.class.php 第 40 行.
NOTIC: [8] Use of undefined constant APP_TMPL_PATH - assumed 'APP_TMPL_PATH' /mnt/b/ThinkPHP/Lib/Behavior/ContentReplaceBehavior.class.php 第 47 行.
INFO: ContentReplace Behavior ::run [ RunTime:0.000219s ]
INFO: TokenBuild Behavior ::run [ RunTime:0.000190s ]
INFO: WriteHtmlCache Behavior ::run [ RunTime:0.000125s ]
INFO: ShowRuntime Behavior ::run [ RunTime:0.000265s ]
INFO: [ view_filter ] --END-- [ RunTime:0.000910s ]
INFO: [ view_end ] --START--
INFO: ShowPageTrace Behavior ::run [ RunTime:0.000354s ]
INFO: [ view_end ] --END-- [ RunTime:0.000391s ]

[ 2015-03-03T01:55:51+08:00 ] 1.171.78.241 mx3.mail2000.com.tw:25
INFO: [ app_begin ] --START--
INFO: ReadHtmlCache Behavior ::run [ RunTime:0.000310s ]
INFO: [ app_begin ] --END-- [ RunTime:0.000376s ]
INFO: [ view_parse ] --START--
INFO: ParseTemplate Behavior ::run [ RunTime:0.000414s ]
INFO: [ view_parse ] --END-- [ RunTime:0.000460s ]
INFO: [ view_filter ] --START--
NOTIC: [8] Use of undefined constant APP_TMPL_PATH - assumed 'APP_TMPL_PATH' /mnt/b/ThinkPHP/Lib/Behavior/ContentReplaceBehavior.class.php 第 40 行.
NOTIC: [8] Use of undefined constant APP_TMPL_PATH - assumed 'APP_TMPL_PATH' /mnt/b/ThinkPHP/Lib/Behavior/ContentReplaceBehavior.class.php 第 47 行.
INFO: ContentReplace Behavior ::run [ RunTime:0.000220s ]
INFO: TokenBuild Behavior ::run [ RunTime:0.000207s ]
INFO: WriteHtmlCache Behavior ::run [ RunTime:0.000124s ]
INFO: ShowRuntime Behavior ::run [ RunTime:0.000244s ]
INFO: [ view_filter ] --END-- [ RunTime:0.000913s ]
INFO: [ view_end ] --START--
INFO: ShowPageTrace Behavior ::run [ RunTime:0.000344s ]
INFO: [ view_end ] --END-- [ RunTime:0.000382s ]

[ 2015-03-03T02:36:25+08:00 ] 160.79.129.68 
INFO: [ app_begin ] --START--
INFO: ReadHtmlCache Behavior ::run [ RunTime:0.000330s ]
INFO: [ app_begin ] --END-- [ RunTime:0.000398s ]
INFO: [ view_parse ] --START--
INFO: ParseTemplate Behavior ::run [ RunTime:0.000418s ]
INFO: [ view_parse ] --END-- [ RunTime:0.000465s ]
INFO: [ view_filter ] --START--
NOTIC: [8] Use of undefined constant APP_TMPL_PATH - assumed 'APP_TMPL_PATH' /mnt/b/ThinkPHP/Lib/Behavior/ContentReplaceBehavior.class.php 第 40 行.
NOTIC: [8] Use of undefined constant APP_TMPL_PATH - assumed 'APP_TMPL_PATH' /mnt/b/ThinkPHP/Lib/Behavior/ContentReplaceBehavior.class.php 第 47 行.
INFO: ContentReplace Behavior ::run [ RunTime:0.000224s ]
INFO: TokenBuild Behavior ::run [ RunTime:0.000190s ]
INFO: WriteHtmlCache Behavior ::run [ RunTime:0.000125s ]
INFO: ShowRuntime Behavior ::run [ RunTime:0.000243s ]
INFO: [ view_filter ] --END-- [ RunTime:0.000894s ]
INFO: [ view_end ] --START--
INFO: ShowPageTrace Behavior ::run [ RunTime:0.000355s ]
INFO: [ view_end ] --END-- [ RunTime:0.000394s ]

[ 2015-03-03T04:45:27+08:00 ] 217.208.27.51 
INFO: [ app_begin ] --START--
INFO: ReadHtmlCache Behavior ::run [ RunTime:0.000306s ]
INFO: [ app_begin ] --END-- [ RunTime:0.000376s ]
INFO: [ view_parse ] --START--
INFO: ParseTemplate Behavior ::run [ RunTime:0.000413s ]
INFO: [ view_parse ] --END-- [ RunTime:0.000458s ]
INFO: [ view_filter ] --START--
NOTIC: [8] Use of undefined constant APP_TMPL_PATH - assumed 'APP_TMPL_PATH' /mnt/b/ThinkPHP/Lib/Behavior/ContentReplaceBehavior.class.php 第 40 行.
NOTIC: [8] Use of undefined constant APP_TMPL_PATH - assumed 'APP_TMPL_PATH' /mnt/b/ThinkPHP/Lib/Behavior/ContentReplaceBehavior.class.php 第 47 行.
INFO: ContentReplace Behavior ::run [ RunTime:0.000228s ]
INFO: TokenBuild Behavior ::run [ RunTime:0.000210s ]
INFO: WriteHtmlCache Behavior ::run [ RunTime:0.000133s ]
INFO: ShowRuntime Behavior ::run [ RunTime:0.000250s ]
INFO: [ view_filter ] --END-- [ RunTime:0.000933s ]
INFO: [ view_end ] --START--
INFO: ShowPageTrace Behavior ::run [ RunTime:0.000365s ]
INFO: [ view_end ] --END-- [ RunTime:0.000403s ]

[ 2015-03-03T08:02:41+08:00 ] 149.135.117.104 
INFO: [ app_begin ] --START--
INFO: ReadHtmlCache Behavior ::run [ RunTime:0.000305s ]
INFO: [ app_begin ] --END-- [ RunTime:0.000371s ]
INFO: [ view_parse ] --START--
INFO: ParseTemplate Behavior ::run [ RunTime:0.000409s ]
INFO: [ view_parse ] --END-- [ RunTime:0.000456s ]
INFO: [ view_filter ] --START--
NOTIC: [8] Use of undefined constant APP_TMPL_PATH - assumed 'APP_TMPL_PATH' /mnt/b/ThinkPHP/Lib/Behavior/ContentReplaceBehavior.class.php 第 40 行.
NOTIC: [8] Use of undefined constant APP_TMPL_PATH - assumed 'APP_TMPL_PATH' /mnt/b/ThinkPHP/Lib/Behavior/ContentReplaceBehavior.class.php 第 47 行.
INFO: ContentReplace Behavior ::run [ RunTime:0.000220s ]
INFO: TokenBuild Behavior ::run [ RunTime:0.000241s ]
INFO: WriteHtmlCache Behavior ::run [ RunTime:0.000133s ]
INFO: ShowRuntime Behavior ::run [ RunTime:0.000248s ]
INFO: [ view_filter ] --END-- [ RunTime:0.000969s ]
INFO: [ view_end ] --START--
INFO: ShowPageTrace Behavior ::run [ RunTime:0.000363s ]
INFO: [ view_end ] --END-- [ RunTime:0.000401s ]

[ 2015-03-03T09:14:53+08:00 ] 124.150.43.147 
INFO: [ app_begin ] --START--
INFO: ReadHtmlCache Behavior ::run [ RunTime:0.000308s ]
INFO: [ app_begin ] --END-- [ RunTime:0.000374s ]
INFO: [ view_parse ] --START--
INFO: ParseTemplate Behavior ::run [ RunTime:0.000428s ]
INFO: [ view_parse ] --END-- [ RunTime:0.000475s ]
INFO: [ view_filter ] --START--
NOTIC: [8] Use of undefined constant APP_TMPL_PATH - assumed 'APP_TMPL_PATH' /mnt/b/ThinkPHP/Lib/Behavior/ContentReplaceBehavior.class.php 第 40 行.
NOTIC: [8] Use of undefined constant APP_TMPL_PATH - assumed 'APP_TMPL_PATH' /mnt/b/ThinkPHP/Lib/Behavior/ContentReplaceBehavior.class.php 第 47 行.
INFO: ContentReplace Behavior ::run [ RunTime:0.000221s ]
INFO: TokenBuild Behavior ::run [ RunTime:0.000190s ]
INFO: WriteHtmlCache Behavior ::run [ RunTime:0.000146s ]
INFO: ShowRuntime Behavior ::run [ RunTime:0.000245s ]
INFO: [ view_filter ] --END-- [ RunTime:0.000916s ]
INFO: [ view_end ] --START--
INFO: ShowPageTrace Behavior ::run [ RunTime:0.000341s ]
INFO: [ view_end ] --END-- [ RunTime:0.000378s ]

[ 2015-03-03T10:06:02+08:00 ] 177.139.176.188 
INFO: [ app_begin ] --START--
INFO: ReadHtmlCache Behavior ::run [ RunTime:0.000329s ]
INFO: [ app_begin ] --END-- [ RunTime:0.000444s ]
INFO: [ view_parse ] --START--
INFO: ParseTemplate Behavior ::run [ RunTime:0.000432s ]
INFO: [ view_parse ] --END-- [ RunTime:0.000507s ]
INFO: [ view_filter ] --START--
NOTIC: [8] Use of undefined constant APP_TMPL_PATH - assumed 'APP_TMPL_PATH' /mnt/b/ThinkPHP/Lib/Behavior/ContentReplaceBehavior.class.php 第 40 行.
NOTIC: [8] Use of undefined constant APP_TMPL_PATH - assumed 'APP_TMPL_PATH' /mnt/b/ThinkPHP/Lib/Behavior/ContentReplaceBehavior.class.php 第 47 行.
INFO: ContentReplace Behavior ::run [ RunTime:0.000225s ]
INFO: TokenBuild Behavior ::run [ RunTime:0.000197s ]
INFO: WriteHtmlCache Behavior ::run [ RunTime:0.000128s ]
INFO: ShowRuntime Behavior ::run [ RunTime:0.000254s ]
INFO: [ view_filter ] --END-- [ RunTime:0.000927s ]
INFO: [ view_end ] --START--
INFO: ShowPageTrace Behavior ::run [ RunTime:0.000362s ]
INFO: [ view_end ] --END-- [ RunTime:0.000405s ]

[ 2015-03-03T10:11:20+08:00 ] 103.226.93.58 
INFO: [ app_begin ] --START--
INFO: ReadHtmlCache Behavior ::run [ RunTime:0.000310s ]
INFO: [ app_begin ] --END-- [ RunTime:0.000376s ]
INFO: [ view_parse ] --START--
INFO: ParseTemplate Behavior ::run [ RunTime:0.000403s ]
INFO: [ view_parse ] --END-- [ RunTime:0.000447s ]
INFO: [ view_filter ] --START--
NOTIC: [8] Use of undefined constant APP_TMPL_PATH - assumed 'APP_TMPL_PATH' /mnt/b/ThinkPHP/Lib/Behavior/ContentReplaceBehavior.class.php 第 40 行.
NOTIC: [8] Use of undefined constant APP_TMPL_PATH - assumed 'APP_TMPL_PATH' /mnt/b/ThinkPHP/Lib/Behavior/ContentReplaceBehavior.class.php 第 47 行.
INFO: ContentReplace Behavior ::run [ RunTime:0.000260s ]
INFO: TokenBuild Behavior ::run [ RunTime:0.000191s ]
INFO: WriteHtmlCache Behavior ::run [ RunTime:0.000125s ]
INFO: ShowRuntime Behavior ::run [ RunTime:0.000242s ]
INFO: [ view_filter ] --END-- [ RunTime:0.000928s ]
INFO: [ view_end ] --START--
INFO: ShowPageTrace Behavior ::run [ RunTime:0.000361s ]
INFO: [ view_end ] --END-- [ RunTime:0.000398s ]

[ 2015-03-03T12:10:09+08:00 ] 222.186.128.53 http://www.baidu.com/
INFO: [ app_begin ] --START--
INFO: ReadHtmlCache Behavior ::run [ RunTime:0.000332s ]
INFO: [ app_begin ] --END-- [ RunTime:0.000404s ]
INFO: [ view_parse ] --START--
INFO: ParseTemplate Behavior ::run [ RunTime:0.000431s ]
INFO: [ view_parse ] --END-- [ RunTime:0.000480s ]
INFO: [ view_filter ] --START--
NOTIC: [8] Use of undefined constant APP_TMPL_PATH - assumed 'APP_TMPL_PATH' /mnt/b/ThinkPHP/Lib/Behavior/ContentReplaceBehavior.class.php 第 40 行.
NOTIC: [8] Use of undefined constant APP_TMPL_PATH - assumed 'APP_TMPL_PATH' /mnt/b/ThinkPHP/Lib/Behavior/ContentReplaceBehavior.class.php 第 47 行.
INFO: ContentReplace Behavior ::run [ RunTime:0.000278s ]
INFO: TokenBuild Behavior ::run [ RunTime:0.000194s ]
INFO: WriteHtmlCache Behavior ::run [ RunTime:0.000126s ]
INFO: ShowRuntime Behavior ::run [ RunTime:0.000243s ]
INFO: [ view_filter ] --END-- [ RunTime:0.000952s ]
INFO: [ view_end ] --START--
INFO: ShowPageTrace Behavior ::run [ RunTime:0.000393s ]
INFO: [ view_end ] --END-- [ RunTime:0.000431s ]

[ 2015-03-03T13:55:19+08:00 ] 42.120.84.27 /
INFO: [ app_begin ] --START--
INFO: ReadHtmlCache Behavior ::run [ RunTime:0.000312s ]
INFO: [ app_begin ] --END-- [ RunTime:0.000366s ]
INFO: [ view_parse ] --START--
INFO: ParseTemplate Behavior ::run [ RunTime:0.000411s ]
INFO: [ view_parse ] --END-- [ RunTime:0.000456s ]
INFO: [ view_filter ] --START--
NOTIC: [8] Use of undefined constant APP_TMPL_PATH - assumed 'APP_TMPL_PATH' /mnt/b/ThinkPHP/Lib/Behavior/ContentReplaceBehavior.class.php 第 40 行.
NOTIC: [8] Use of undefined constant APP_TMPL_PATH - assumed 'APP_TMPL_PATH' /mnt/b/ThinkPHP/Lib/Behavior/ContentReplaceBehavior.class.php 第 47 行.
INFO: ContentReplace Behavior ::run [ RunTime:0.000219s ]
INFO: TokenBuild Behavior ::run [ RunTime:0.013225s ]
INFO: WriteHtmlCache Behavior ::run [ RunTime:0.000138s ]
INFO: ShowRuntime Behavior ::run [ RunTime:0.000286s ]
INFO: [ view_filter ] --END-- [ RunTime:0.013986s ]
INFO: [ view_end ] --START--
INFO: ShowPageTrace Behavior ::run [ RunTime:0.000370s ]
INFO: [ view_end ] --END-- [ RunTime:0.000407s ]

[ 2015-03-03T14:58:51+08:00 ] 31.154.253.110 
INFO: [ app_begin ] --START--
INFO: ReadHtmlCache Behavior ::run [ RunTime:0.000303s ]
INFO: [ app_begin ] --END-- [ RunTime:0.000370s ]
INFO: [ view_parse ] --START--
INFO: ParseTemplate Behavior ::run [ RunTime:0.000408s ]
INFO: [ view_parse ] --END-- [ RunTime:0.000454s ]
INFO: [ view_filter ] --START--
NOTIC: [8] Use of undefined constant APP_TMPL_PATH - assumed 'APP_TMPL_PATH' /mnt/b/ThinkPHP/Lib/Behavior/ContentReplaceBehavior.class.php 第 40 行.
NOTIC: [8] Use of undefined constant APP_TMPL_PATH - assumed 'APP_TMPL_PATH' /mnt/b/ThinkPHP/Lib/Behavior/ContentReplaceBehavior.class.php 第 47 行.
INFO: ContentReplace Behavior ::run [ RunTime:0.000219s ]
INFO: TokenBuild Behavior ::run [ RunTime:0.000210s ]
INFO: WriteHtmlCache Behavior ::run [ RunTime:0.000126s ]
INFO: ShowRuntime Behavior ::run [ RunTime:0.000241s ]
INFO: [ view_filter ] --END-- [ RunTime:0.000910s ]
INFO: [ view_end ] --START--
INFO: ShowPageTrace Behavior ::run [ RunTime:0.000336s ]
INFO: [ view_end ] --END-- [ RunTime:0.000373s ]

[ 2015-03-03T15:16:26+08:00 ] 222.186.128.53 http://www.baidu.com/
INFO: [ app_begin ] --START--
INFO: ReadHtmlCache Behavior ::run [ RunTime:0.000332s ]
INFO: [ app_begin ] --END-- [ RunTime:0.000398s ]
INFO: [ view_parse ] --START--
INFO: ParseTemplate Behavior ::run [ RunTime:0.000405s ]
INFO: [ view_parse ] --END-- [ RunTime:0.000452s ]
INFO: [ view_filter ] --START--
NOTIC: [8] Use of undefined constant APP_TMPL_PATH - assumed 'APP_TMPL_PATH' /mnt/b/ThinkPHP/Lib/Behavior/ContentReplaceBehavior.class.php 第 40 行.
NOTIC: [8] Use of undefined constant APP_TMPL_PATH - assumed 'APP_TMPL_PATH' /mnt/b/ThinkPHP/Lib/Behavior/ContentReplaceBehavior.class.php 第 47 行.
INFO: ContentReplace Behavior ::run [ RunTime:0.000225s ]
INFO: TokenBuild Behavior ::run [ RunTime:0.000191s ]
INFO: WriteHtmlCache Behavior ::run [ RunTime:0.000124s ]
INFO: ShowRuntime Behavior ::run [ RunTime:0.000242s ]
INFO: [ view_filter ] --END-- [ RunTime:0.000891s ]
INFO: [ view_end ] --START--
INFO: ShowPageTrace Behavior ::run [ RunTime:0.000357s ]
INFO: [ view_end ] --END-- [ RunTime:0.000394s ]

[ 2015-03-03T20:22:10+08:00 ] 61.238.246.170 
INFO: [ app_begin ] --START--
INFO: ReadHtmlCache Behavior ::run [ RunTime:0.000306s ]
INFO: [ app_begin ] --END-- [ RunTime:0.000372s ]
INFO: [ view_parse ] --START--
INFO: ParseTemplate Behavior ::run [ RunTime:0.000401s ]
INFO: [ view_parse ] --END-- [ RunTime:0.000446s ]
INFO: [ view_filter ] --START--
NOTIC: [8] Use of undefined constant APP_TMPL_PATH - assumed 'APP_TMPL_PATH' /mnt/b/ThinkPHP/Lib/Behavior/ContentReplaceBehavior.class.php 第 40 行.
NOTIC: [8] Use of undefined constant APP_TMPL_PATH - assumed 'APP_TMPL_PATH' /mnt/b/ThinkPHP/Lib/Behavior/ContentReplaceBehavior.class.php 第 47 行.
INFO: ContentReplace Behavior ::run [ RunTime:0.000217s ]
INFO: TokenBuild Behavior ::run [ RunTime:0.000197s ]
INFO: WriteHtmlCache Behavior ::run [ RunTime:0.000126s ]
INFO: ShowRuntime Behavior ::run [ RunTime:0.000240s ]
INFO: [ view_filter ] --END-- [ RunTime:0.000916s ]
INFO: [ view_end ] --START--
INFO: ShowPageTrace Behavior ::run [ RunTime:0.000362s ]
INFO: [ view_end ] --END-- [ RunTime:0.000399s ]

[ 2015-03-03T20:40:38+08:00 ] 118.165.133.135 mx3.mail2000.com.tw:25
INFO: [ app_begin ] --START--
INFO: ReadHtmlCache Behavior ::run [ RunTime:0.000322s ]
INFO: [ app_begin ] --END-- [ RunTime:0.000387s ]
INFO: [ view_parse ] --START--
INFO: ParseTemplate Behavior ::run [ RunTime:0.000426s ]
INFO: [ view_parse ] --END-- [ RunTime:0.000473s ]
INFO: [ view_filter ] --START--
NOTIC: [8] Use of undefined constant APP_TMPL_PATH - assumed 'APP_TMPL_PATH' /mnt/b/ThinkPHP/Lib/Behavior/ContentReplaceBehavior.class.php 第 40 行.
NOTIC: [8] Use of undefined constant APP_TMPL_PATH - assumed 'APP_TMPL_PATH' /mnt/b/ThinkPHP/Lib/Behavior/ContentReplaceBehavior.class.php 第 47 行.
INFO: ContentReplace Behavior ::run [ RunTime:0.000220s ]
INFO: TokenBuild Behavior ::run [ RunTime:0.000210s ]
INFO: WriteHtmlCache Behavior ::run [ RunTime:0.000127s ]
INFO: ShowRuntime Behavior ::run [ RunTime:0.000255s ]
INFO: [ view_filter ] --END-- [ RunTime:0.000923s ]
INFO: [ view_end ] --START--
INFO: ShowPageTrace Behavior ::run [ RunTime:0.000341s ]
INFO: [ view_end ] --END-- [ RunTime:0.000378s ]

[ 2015-03-03T20:48:37+08:00 ] 84.55.107.14 
INFO: [ app_begin ] --START--
INFO: ReadHtmlCache Behavior ::run [ RunTime:0.000335s ]
INFO: [ app_begin ] --END-- [ RunTime:0.000403s ]
INFO: [ view_parse ] --START--
INFO: ParseTemplate Behavior ::run [ RunTime:0.000471s ]
INFO: [ view_parse ] --END-- [ RunTime:0.000517s ]
INFO: [ view_filter ] --START--
NOTIC: [8] Use of undefined constant APP_TMPL_PATH - assumed 'APP_TMPL_PATH' /mnt/b/ThinkPHP/Lib/Behavior/ContentReplaceBehavior.class.php 第 40 行.
NOTIC: [8] Use of undefined constant APP_TMPL_PATH - assumed 'APP_TMPL_PATH' /mnt/b/ThinkPHP/Lib/Behavior/ContentReplaceBehavior.class.php 第 47 行.
INFO: ContentReplace Behavior ::run [ RunTime:0.000219s ]
INFO: TokenBuild Behavior ::run [ RunTime:0.000199s ]
INFO: WriteHtmlCache Behavior ::run [ RunTime:0.000125s ]
INFO: ShowRuntime Behavior ::run [ RunTime:0.000278s ]
INFO: [ view_filter ] --END-- [ RunTime:0.000933s ]
INFO: [ view_end ] --START--
INFO: ShowPageTrace Behavior ::run [ RunTime:0.000343s ]
INFO: [ view_end ] --END-- [ RunTime:0.000382s ]

