[ 2015-03-25T10:07:42+08:00 ] 119.161.140.141 /manager.php/user/index
INFO: [ route_check ] --START--
INFO: CheckRoute Behavior ::run [ RunTime:0.000472s ]
INFO: [ route_check ] --END-- [ RunTime:0.000549s ]
INFO: [ app_begin ] --START--
INFO: ReadHtmlCache Behavior ::run [ RunTime:0.000338s ]
INFO: [ app_begin ] --END-- [ RunTime:0.000386s ]
ERR: 无法加载模块:user

[ 2015-03-25T10:07:43+08:00 ] 119.161.140.141 /manager.php/user/index
INFO: [ route_check ] --START--
INFO: CheckRoute Behavior ::run [ RunTime:0.000465s ]
INFO: [ route_check ] --END-- [ RunTime:0.000525s ]
INFO: [ app_begin ] --START--
INFO: ReadHtmlCache Behavior ::run [ RunTime:0.000314s ]
INFO: [ app_begin ] --END-- [ RunTime:0.000356s ]
ERR: 无法加载模块:user

[ 2015-03-25T23:23:20+08:00 ] 111.203.185.144 /manager.php/user/index
INFO: [ route_check ] --START--
INFO: CheckRoute Behavior ::run [ RunTime:0.000474s ]
INFO: [ route_check ] --END-- [ RunTime:0.000535s ]
INFO: [ app_begin ] --START--
INFO: ReadHtmlCache Behavior ::run [ RunTime:0.000300s ]
INFO: [ app_begin ] --END-- [ RunTime:0.000340s ]
ERR: 无法加载模块:user

[ 2015-03-25T23:23:20+08:00 ] 111.203.185.144 /manager.php/user/index
INFO: [ route_check ] --START--
INFO: CheckRoute Behavior ::run [ RunTime:0.000456s ]
INFO: [ route_check ] --END-- [ RunTime:0.000522s ]
INFO: [ app_begin ] --START--
INFO: ReadHtmlCache Behavior ::run [ RunTime:0.000322s ]
INFO: [ app_begin ] --END-- [ RunTime:0.000372s ]
ERR: 无法加载模块:user

