[ 2015-03-10T14:38:21+08:00 ] 119.161.140.141 /manager.php/user/index
INFO: [ route_check ] --START--
INFO: CheckRoute Behavior ::run [ RunTime:0.020051s ]
INFO: [ route_check ] --END-- [ RunTime:0.020110s ]
INFO: [ app_begin ] --START--
INFO: ReadHtmlCache Behavior ::run [ RunTime:0.000297s ]
INFO: [ app_begin ] --END-- [ RunTime:0.000337s ]
ERR: 无法加载模块:user

[ 2015-03-10T14:38:22+08:00 ] 119.161.140.141 /manager.php/user/index
INFO: [ route_check ] --START--
INFO: CheckRoute Behavior ::run [ RunTime:0.000449s ]
INFO: [ route_check ] --END-- [ RunTime:0.000508s ]
INFO: [ app_begin ] --START--
INFO: ReadHtmlCache Behavior ::run [ RunTime:0.000323s ]
INFO: [ app_begin ] --END-- [ RunTime:0.000364s ]
ERR: 无法加载模块:user

[ 2015-03-10T14:53:18+08:00 ] 123.118.109.153 /manager.php/
INFO: [ route_check ] --START--
INFO: CheckRoute Behavior ::run [ RunTime:0.000496s ]
INFO: [ route_check ] --END-- [ RunTime:0.000557s ]
INFO: [ app_begin ] --START--
INFO: ReadHtmlCache Behavior ::run [ RunTime:0.000295s ]
INFO: [ app_begin ] --END-- [ RunTime:0.000337s ]

[ 2015-03-10T14:53:18+08:00 ] 123.118.109.153 /manager.php/Index/login.html
INFO: [ route_check ] --START--
INFO: CheckRoute Behavior ::run [ RunTime:0.000430s ]
INFO: [ route_check ] --END-- [ RunTime:0.000483s ]
INFO: [ app_begin ] --START--
INFO: ReadHtmlCache Behavior ::run [ RunTime:0.000283s ]
INFO: [ app_begin ] --END-- [ RunTime:0.000328s ]
INFO: [ view_parse ] --START--
INFO: ParseTemplate Behavior ::run [ RunTime:0.041530s ]
INFO: [ view_parse ] --END-- [ RunTime:0.041615s ]
INFO: [ view_filter ] --START--
INFO: ContentReplace Behavior ::run [ RunTime:0.000215s ]
INFO: TokenBuild Behavior ::run [ RunTime:0.000243s ]
INFO: WriteHtmlCache Behavior ::run [ RunTime:0.000128s ]
INFO: ShowRuntime Behavior ::run [ RunTime:0.000277s ]
INFO: [ view_filter ] --END-- [ RunTime:0.000978s ]
INFO: [ view_end ] --START--
INFO: ShowPageTrace Behavior ::run [ RunTime:0.000363s ]
INFO: [ view_end ] --END-- [ RunTime:0.000403s ]

[ 2015-03-10T14:53:18+08:00 ] 123.118.109.153 /manager.php/Index/verify_code.html
INFO: [ route_check ] --START--
INFO: CheckRoute Behavior ::run [ RunTime:0.000479s ]
INFO: [ route_check ] --END-- [ RunTime:0.000537s ]
INFO: [ app_begin ] --START--
INFO: ReadHtmlCache Behavior ::run [ RunTime:0.000308s ]
INFO: [ app_begin ] --END-- [ RunTime:0.000349s ]

[ 2015-03-10T14:53:25+08:00 ] 123.118.109.153 /manager.php/Index/check_code.html
INFO: [ route_check ] --START--
INFO: CheckRoute Behavior ::run [ RunTime:0.000447s ]
INFO: [ route_check ] --END-- [ RunTime:0.000506s ]
INFO: [ app_begin ] --START--
INFO: ReadHtmlCache Behavior ::run [ RunTime:0.000318s ]
INFO: [ app_begin ] --END-- [ RunTime:0.000356s ]

[ 2015-03-10T14:53:26+08:00 ] 123.118.109.153 /manager.php/Index/check_code.html
INFO: [ route_check ] --START--
INFO: CheckRoute Behavior ::run [ RunTime:0.000476s ]
INFO: [ route_check ] --END-- [ RunTime:0.000535s ]
INFO: [ app_begin ] --START--
INFO: ReadHtmlCache Behavior ::run [ RunTime:0.000295s ]
INFO: [ app_begin ] --END-- [ RunTime:0.000334s ]

[ 2015-03-10T14:53:26+08:00 ] 123.118.109.153 /manager.php/Index/check_code.html
INFO: [ route_check ] --START--
INFO: CheckRoute Behavior ::run [ RunTime:0.000471s ]
INFO: [ route_check ] --END-- [ RunTime:0.000529s ]
INFO: [ app_begin ] --START--
INFO: ReadHtmlCache Behavior ::run [ RunTime:0.000344s ]
INFO: [ app_begin ] --END-- [ RunTime:0.000382s ]

[ 2015-03-10T14:53:26+08:00 ] 123.118.109.153 /manager.php/Index/check_code.html
INFO: [ route_check ] --START--
INFO: CheckRoute Behavior ::run [ RunTime:0.000456s ]
INFO: [ route_check ] --END-- [ RunTime:0.000516s ]
INFO: [ app_begin ] --START--
INFO: ReadHtmlCache Behavior ::run [ RunTime:0.000313s ]
INFO: [ app_begin ] --END-- [ RunTime:0.000353s ]

[ 2015-03-10T14:53:27+08:00 ] 123.118.109.153 /manager.php/Index/check_code.html
INFO: [ route_check ] --START--
INFO: CheckRoute Behavior ::run [ RunTime:0.000718s ]
INFO: [ route_check ] --END-- [ RunTime:0.000795s ]
INFO: [ app_begin ] --START--
INFO: ReadHtmlCache Behavior ::run [ RunTime:0.000445s ]
INFO: [ app_begin ] --END-- [ RunTime:0.000494s ]

[ 2015-03-10T14:53:28+08:00 ] 123.118.109.153 /manager.php/Index/login.html
INFO: [ route_check ] --START--
INFO: CheckRoute Behavior ::run [ RunTime:0.000450s ]
INFO: [ route_check ] --END-- [ RunTime:0.000509s ]
INFO: [ app_begin ] --START--
INFO: ReadHtmlCache Behavior ::run [ RunTime:0.000322s ]
INFO: [ app_begin ] --END-- [ RunTime:0.000372s ]
SQL: SHOW COLUMNS FROM `t_public` [ RunTime:0.000545s ]
ERR: 1146:Table 'tangliangdbs.t_public' doesn't exist
 [ SQL语句 ] : SHOW COLUMNS FROM `t_public`
NOTIC: [2] Missing argument 1 for PublicModel::auth(), called in /mnt/b/Admin/Lib/Action/IndexAction.class.php on line 52 and defined /mnt/b/Admin/Lib/Model/PublicModel.class.php 第 5 行.
SQL: SHOW COLUMNS FROM `t_admin` [ RunTime:0.000573s ]
SQL: SELECT COUNT(*) AS tp_count FROM `t_admin` WHERE ( `a_name`='admin' ) LIMIT 1   [ RunTime:0.000188s ]
SQL: SELECT * FROM `t_admin` WHERE ( `a_name`='admin' ) LIMIT 1   [ RunTime:0.000167s ]
NOTIC: [8] Undefined index: op_type /mnt/b/Admin/Lib/Model/PublicModel.class.php 第 21 行.
SQL: UPDATE `t_admin` SET `last_login`=1425970407,`last_ip`='123.118.109.153' WHERE ( a_id=3 ) [ RunTime:0.000245s ]
NOTIC: 建议使用I方法替代_post
SQL: SELECT * FROM `t_admin` WHERE ( `a_name` = 'admin' ) LIMIT 1   [ RunTime:0.000197s ]
SQL: SHOW COLUMNS FROM `t_log` [ RunTime:0.000380s ]
SQL: INSERT INTO `t_log` (`a_id`,`l_content`) VALUES (3,'管理员[admin]于[2015-03-10 14:53:27]登录了[唐亮工长俱乐部]后台管理系统！') [ RunTime:0.000181s ]
INFO: [ view_parse ] --START--
INFO: ParseTemplate Behavior ::run [ RunTime:0.005435s ]
INFO: [ view_parse ] --END-- [ RunTime:0.005491s ]
INFO: [ view_filter ] --START--
INFO: ContentReplace Behavior ::run [ RunTime:0.000218s ]
INFO: TokenBuild Behavior ::run [ RunTime:0.000213s ]
INFO: WriteHtmlCache Behavior ::run [ RunTime:0.000129s ]
INFO: ShowRuntime Behavior ::run [ RunTime:0.000242s ]
INFO: [ view_filter ] --END-- [ RunTime:0.000915s ]
INFO: [ view_end ] --START--
INFO: ShowPageTrace Behavior ::run [ RunTime:0.000385s ]
INFO: [ view_end ] --END-- [ RunTime:0.000425s ]

[ 2015-03-10T14:53:28+08:00 ] 123.118.109.153 /manager.php/Index/check_code.html
INFO: [ route_check ] --START--
INFO: CheckRoute Behavior ::run [ RunTime:0.000447s ]
INFO: [ route_check ] --END-- [ RunTime:0.000509s ]
INFO: [ app_begin ] --START--
INFO: ReadHtmlCache Behavior ::run [ RunTime:0.000296s ]
INFO: [ app_begin ] --END-- [ RunTime:0.000334s ]

[ 2015-03-10T14:53:29+08:00 ] 123.118.109.153 /manager.php/Index/index.html
INFO: [ route_check ] --START--
INFO: CheckRoute Behavior ::run [ RunTime:0.000451s ]
INFO: [ route_check ] --END-- [ RunTime:0.000515s ]
INFO: [ app_begin ] --START--
INFO: ReadHtmlCache Behavior ::run [ RunTime:0.000317s ]
INFO: [ app_begin ] --END-- [ RunTime:0.000358s ]
SQL: SHOW COLUMNS FROM `t_node` [ RunTime:0.000913s ]
SQL: SELECT * FROM `t_node` WHERE ( pid=1 and  status=1 and is_menu=1 ) ORDER BY sort asc  [ RunTime:0.000338s ]
SQL: SHOW COLUMNS FROM `t_node` [ RunTime:0.000456s ]
SQL: SELECT `id` FROM `t_node` WHERE ( name='Index' ) LIMIT 1   [ RunTime:0.000161s ]
SQL: SHOW COLUMNS FROM `t_node` [ RunTime:0.000468s ]
SQL: SELECT * FROM `t_node` WHERE ( pid=2 and  status=1 and is_menu=1 ) ORDER BY sort asc  [ RunTime:0.000190s ]
INFO: [ view_parse ] --START--
NOTIC: [8] Use of undefined constant name - assumed 'name' /mnt/b/temp/Admin/Cache/20eabf8d43f497715f3e1a7ec1a2f00f.php 第 45 行.
NOTIC: [8] Use of undefined constant name - assumed 'name' /mnt/b/temp/Admin/Cache/20eabf8d43f497715f3e1a7ec1a2f00f.php 第 45 行.
NOTIC: [8] Use of undefined constant name - assumed 'name' /mnt/b/temp/Admin/Cache/20eabf8d43f497715f3e1a7ec1a2f00f.php 第 45 行.
NOTIC: [8] Use of undefined constant name - assumed 'name' /mnt/b/temp/Admin/Cache/20eabf8d43f497715f3e1a7ec1a2f00f.php 第 45 行.
NOTIC: [8] Use of undefined constant name - assumed 'name' /mnt/b/temp/Admin/Cache/20eabf8d43f497715f3e1a7ec1a2f00f.php 第 101 行.
NOTIC: [8] Use of undefined constant name - assumed 'name' /mnt/b/temp/Admin/Cache/20eabf8d43f497715f3e1a7ec1a2f00f.php 第 101 行.
NOTIC: [8] Undefined variable: caches /mnt/b/temp/Admin/Cache/20eabf8d43f497715f3e1a7ec1a2f00f.php 第 124 行.
INFO: ParseTemplate Behavior ::run [ RunTime:0.015025s ]
INFO: [ view_parse ] --END-- [ RunTime:0.015070s ]
INFO: [ view_filter ] --START--
INFO: ContentReplace Behavior ::run [ RunTime:0.000216s ]
INFO: TokenBuild Behavior ::run [ RunTime:0.000261s ]
INFO: WriteHtmlCache Behavior ::run [ RunTime:0.000135s ]
INFO: ShowRuntime Behavior ::run [ RunTime:0.000248s ]
INFO: [ view_filter ] --END-- [ RunTime:0.000973s ]
INFO: [ view_end ] --START--
INFO: ShowPageTrace Behavior ::run [ RunTime:0.000385s ]
INFO: [ view_end ] --END-- [ RunTime:0.000427s ]

[ 2015-03-10T14:53:33+08:00 ] 123.118.109.153 /manager.php/Member/index.html
INFO: [ route_check ] --START--
INFO: CheckRoute Behavior ::run [ RunTime:0.000453s ]
INFO: [ route_check ] --END-- [ RunTime:0.000516s ]
INFO: [ app_begin ] --START--
INFO: ReadHtmlCache Behavior ::run [ RunTime:0.000292s ]
INFO: [ app_begin ] --END-- [ RunTime:0.000334s ]
SQL: SHOW COLUMNS FROM `t_node` [ RunTime:0.000716s ]
SQL: SELECT * FROM `t_node` WHERE ( pid=1 and  status=1 and is_menu=1 ) ORDER BY sort asc  [ RunTime:0.000299s ]
SQL: SHOW COLUMNS FROM `t_node` [ RunTime:0.000480s ]
SQL: SELECT `id` FROM `t_node` WHERE ( name='Member' ) LIMIT 1   [ RunTime:0.000161s ]
SQL: SHOW COLUMNS FROM `t_node` [ RunTime:0.000448s ]
SQL: SELECT * FROM `t_node` WHERE ( pid=3 and  status=1 and is_menu=1 ) ORDER BY sort asc  [ RunTime:0.000193s ]
SQL: SHOW COLUMNS FROM `t_city` [ RunTime:0.000340s ]
ERR: 1146:Table 'tangliangdbs.t_city' doesn't exist
 [ SQL语句 ] : SHOW COLUMNS FROM `t_city`
SQL: SHOW COLUMNS FROM `t_area` [ RunTime:0.000398s ]
SQL: SELECT * FROM `t_area` WHERE ( parent_id=1 )  [ RunTime:0.000209s ]
SQL: SHOW COLUMNS FROM `t_member` [ RunTime:0.000472s ]
NOTIC: [8] Undefined index: keys /mnt/b/Admin/Lib/Action/MemberAction.class.php 第 36 行.
NOTIC: [8] Undefined index: start_date /mnt/b/Admin/Lib/Action/MemberAction.class.php 第 38 行.
NOTIC: [8] Undefined index: end_date /mnt/b/Admin/Lib/Action/MemberAction.class.php 第 39 行.
NOTIC: [8] Undefined index: province /mnt/b/Admin/Lib/Action/MemberAction.class.php 第 40 行.
NOTIC: [8] Undefined index: city /mnt/b/Admin/Lib/Action/MemberAction.class.php 第 41 行.
SQL: SELECT `region_name` FROM `t_area` WHERE ( region_id= and agency_id=1 ) LIMIT 1   [ RunTime:0.000084s ]
ERR: 1064:You have an error in your SQL syntax; check the manual that corresponds to your MySQL server version for the right syntax to use near 'and agency_id=1 ) LIMIT 1' at line 1
 [ SQL语句 ] : SELECT `region_name` FROM `t_area` WHERE ( region_id= and agency_id=1 ) LIMIT 1  
SQL: SHOW COLUMNS FROM `t_putongmember` [ RunTime:0.001060s ]
SQL: SELECT COUNT(*) AS tp_count FROM `t_putongmember` WHERE ( 1  ) LIMIT 1   [ RunTime:0.000234s ]
SQL: SELECT * FROM `t_putongmember` WHERE ( 1  ) ORDER BY a_id desc  [ RunTime:0.000263s ]
NOTIC: [8] Undefined variable: vo /mnt/b/Admin/Lib/Action/MemberAction.class.php 第 83 行.
INFO: [ view_parse ] --START--
NOTIC: [8] Use of undefined constant name - assumed 'name' /mnt/b/temp/Admin/Cache/c77ddeafb610cdb50d34d5549e86fe03.php 第 85 行.
NOTIC: [8] Use of undefined constant name - assumed 'name' /mnt/b/temp/Admin/Cache/c77ddeafb610cdb50d34d5549e86fe03.php 第 85 行.
NOTIC: [8] Use of undefined constant name - assumed 'name' /mnt/b/temp/Admin/Cache/c77ddeafb610cdb50d34d5549e86fe03.php 第 85 行.
NOTIC: [8] Use of undefined constant name - assumed 'name' /mnt/b/temp/Admin/Cache/c77ddeafb610cdb50d34d5549e86fe03.php 第 85 行.
NOTIC: [8] Use of undefined constant name - assumed 'name' /mnt/b/temp/Admin/Cache/c77ddeafb610cdb50d34d5549e86fe03.php 第 141 行.
NOTIC: [8] Use of undefined constant name - assumed 'name' /mnt/b/temp/Admin/Cache/c77ddeafb610cdb50d34d5549e86fe03.php 第 141 行.
NOTIC: [8] Use of undefined constant region_id - assumed 'region_id' /mnt/b/temp/Admin/Cache/c77ddeafb610cdb50d34d5549e86fe03.php 第 168 行.
NOTIC: [8] Use of undefined constant region_id - assumed 'region_id' /mnt/b/temp/Admin/Cache/c77ddeafb610cdb50d34d5549e86fe03.php 第 168 行.
NOTIC: [8] Use of undefined constant region_id - assumed 'region_id' /mnt/b/temp/Admin/Cache/c77ddeafb610cdb50d34d5549e86fe03.php 第 168 行.
NOTIC: [8] Use of undefined constant region_id - assumed 'region_id' /mnt/b/temp/Admin/Cache/c77ddeafb610cdb50d34d5549e86fe03.php 第 168 行.
NOTIC: [8] Use of undefined constant region_id - assumed 'region_id' /mnt/b/temp/Admin/Cache/c77ddeafb610cdb50d34d5549e86fe03.php 第 168 行.
NOTIC: [8] Use of undefined constant region_id - assumed 'region_id' /mnt/b/temp/Admin/Cache/c77ddeafb610cdb50d34d5549e86fe03.php 第 168 行.
NOTIC: [8] Use of undefined constant region_id - assumed 'region_id' /mnt/b/temp/Admin/Cache/c77ddeafb610cdb50d34d5549e86fe03.php 第 168 行.
NOTIC: [8] Use of undefined constant region_id - assumed 'region_id' /mnt/b/temp/Admin/Cache/c77ddeafb610cdb50d34d5549e86fe03.php 第 168 行.
NOTIC: [8] Use of undefined constant region_id - assumed 'region_id' /mnt/b/temp/Admin/Cache/c77ddeafb610cdb50d34d5549e86fe03.php 第 168 行.
NOTIC: [8] Use of undefined constant region_id - assumed 'region_id' /mnt/b/temp/Admin/Cache/c77ddeafb610cdb50d34d5549e86fe03.php 第 168 行.
NOTIC: [8] Use of undefined constant region_id - assumed 'region_id' /mnt/b/temp/Admin/Cache/c77ddeafb610cdb50d34d5549e86fe03.php 第 168 行.
NOTIC: [8] Use of undefined constant region_id - assumed 'region_id' /mnt/b/temp/Admin/Cache/c77ddeafb610cdb50d34d5549e86fe03.php 第 168 行.
NOTIC: [8] Use of undefined constant region_id - assumed 'region_id' /mnt/b/temp/Admin/Cache/c77ddeafb610cdb50d34d5549e86fe03.php 第 168 行.
NOTIC: [8] Use of undefined constant region_id - assumed 'region_id' /mnt/b/temp/Admin/Cache/c77ddeafb610cdb50d34d5549e86fe03.php 第 168 行.
NOTIC: [8] Use of undefined constant region_id - assumed 'region_id' /mnt/b/temp/Admin/Cache/c77ddeafb610cdb50d34d5549e86fe03.php 第 168 行.
NOTIC: [8] Use of undefined constant region_id - assumed 'region_id' /mnt/b/temp/Admin/Cache/c77ddeafb610cdb50d34d5549e86fe03.php 第 168 行.
NOTIC: [8] Use of undefined constant region_id - assumed 'region_id' /mnt/b/temp/Admin/Cache/c77ddeafb610cdb50d34d5549e86fe03.php 第 168 行.
NOTIC: [8] Use of undefined constant region_id - assumed 'region_id' /mnt/b/temp/Admin/Cache/c77ddeafb610cdb50d34d5549e86fe03.php 第 168 行.
NOTIC: [8] Use of undefined constant region_id - assumed 'region_id' /mnt/b/temp/Admin/Cache/c77ddeafb610cdb50d34d5549e86fe03.php 第 168 行.
NOTIC: [8] Use of undefined constant region_id - assumed 'region_id' /mnt/b/temp/Admin/Cache/c77ddeafb610cdb50d34d5549e86fe03.php 第 168 行.
NOTIC: [8] Use of undefined constant region_id - assumed 'region_id' /mnt/b/temp/Admin/Cache/c77ddeafb610cdb50d34d5549e86fe03.php 第 168 行.
NOTIC: [8] Use of undefined constant region_id - assumed 'region_id' /mnt/b/temp/Admin/Cache/c77ddeafb610cdb50d34d5549e86fe03.php 第 168 行.
NOTIC: [8] Use of undefined constant region_id - assumed 'region_id' /mnt/b/temp/Admin/Cache/c77ddeafb610cdb50d34d5549e86fe03.php 第 168 行.
NOTIC: [8] Use of undefined constant region_id - assumed 'region_id' /mnt/b/temp/Admin/Cache/c77ddeafb610cdb50d34d5549e86fe03.php 第 168 行.
NOTIC: [8] Use of undefined constant region_id - assumed 'region_id' /mnt/b/temp/Admin/Cache/c77ddeafb610cdb50d34d5549e86fe03.php 第 168 行.
NOTIC: [8] Use of undefined constant region_id - assumed 'region_id' /mnt/b/temp/Admin/Cache/c77ddeafb610cdb50d34d5549e86fe03.php 第 168 行.
NOTIC: [8] Use of undefined constant region_id - assumed 'region_id' /mnt/b/temp/Admin/Cache/c77ddeafb610cdb50d34d5549e86fe03.php 第 168 行.
NOTIC: [8] Use of undefined constant region_id - assumed 'region_id' /mnt/b/temp/Admin/Cache/c77ddeafb610cdb50d34d5549e86fe03.php 第 168 行.
NOTIC: [8] Use of undefined constant region_id - assumed 'region_id' /mnt/b/temp/Admin/Cache/c77ddeafb610cdb50d34d5549e86fe03.php 第 168 行.
NOTIC: [8] Use of undefined constant region_id - assumed 'region_id' /mnt/b/temp/Admin/Cache/c77ddeafb610cdb50d34d5549e86fe03.php 第 168 行.
NOTIC: [8] Use of undefined constant region_id - assumed 'region_id' /mnt/b/temp/Admin/Cache/c77ddeafb610cdb50d34d5549e86fe03.php 第 168 行.
NOTIC: [8] Use of undefined constant region_id - assumed 'region_id' /mnt/b/temp/Admin/Cache/c77ddeafb610cdb50d34d5549e86fe03.php 第 168 行.
NOTIC: [8] Use of undefined constant region_id - assumed 'region_id' /mnt/b/temp/Admin/Cache/c77ddeafb610cdb50d34d5549e86fe03.php 第 168 行.
NOTIC: [8] Use of undefined constant region_id - assumed 'region_id' /mnt/b/temp/Admin/Cache/c77ddeafb610cdb50d34d5549e86fe03.php 第 168 行.
NOTIC: [8] Use of undefined constant a_id - assumed 'a_id' /mnt/b/temp/Admin/Cache/c77ddeafb610cdb50d34d5549e86fe03.php 第 205 行.
INFO: ParseTemplate Behavior ::run [ RunTime:0.020943s ]
INFO: [ view_parse ] --END-- [ RunTime:0.020988s ]
INFO: [ view_filter ] --START--
INFO: ContentReplace Behavior ::run [ RunTime:0.000326s ]
INFO: TokenBuild Behavior ::run [ RunTime:0.000313s ]
INFO: WriteHtmlCache Behavior ::run [ RunTime:0.000154s ]
INFO: ShowRuntime Behavior ::run [ RunTime:0.000264s ]
INFO: [ view_filter ] --END-- [ RunTime:0.001175s ]
INFO: [ view_end ] --START--
INFO: ShowPageTrace Behavior ::run [ RunTime:0.000348s ]
INFO: [ view_end ] --END-- [ RunTime:0.000389s ]

[ 2015-03-10T14:59:46+08:00 ] 123.118.109.153 /manager.php/Access/index.html
INFO: [ route_check ] --START--
INFO: CheckRoute Behavior ::run [ RunTime:0.000472s ]
INFO: [ route_check ] --END-- [ RunTime:0.000533s ]
INFO: [ app_begin ] --START--
INFO: ReadHtmlCache Behavior ::run [ RunTime:0.000294s ]
INFO: [ app_begin ] --END-- [ RunTime:0.000335s ]
SQL: SHOW COLUMNS FROM `t_node` [ RunTime:0.001180s ]
SQL: SELECT * FROM `t_node` WHERE ( pid=1 and  status=1 and is_menu=1 ) ORDER BY sort asc  [ RunTime:0.000401s ]
SQL: SHOW COLUMNS FROM `t_node` [ RunTime:0.000722s ]
SQL: SELECT `id` FROM `t_node` WHERE ( name='Access' ) LIMIT 1   [ RunTime:0.000168s ]
SQL: SHOW COLUMNS FROM `t_node` [ RunTime:0.000468s ]
SQL: SELECT * FROM `t_node` WHERE ( pid=14 and  status=1 and is_menu=1 ) ORDER BY sort asc  [ RunTime:0.000212s ]
SQL: SHOW COLUMNS FROM `t_access` [ RunTime:0.000409s ]
SQL: SHOW COLUMNS FROM `t_admin` [ RunTime:0.000467s ]
SQL: SELECT * FROM `t_admin`  [ RunTime:0.000164s ]
INFO: [ view_parse ] --START--
NOTIC: [8] Use of undefined constant name - assumed 'name' /mnt/b/temp/Admin/Cache/e4cb68fd27fba17230f88efa6a7f1013.php 第 45 行.
NOTIC: [8] Use of undefined constant name - assumed 'name' /mnt/b/temp/Admin/Cache/e4cb68fd27fba17230f88efa6a7f1013.php 第 45 行.
NOTIC: [8] Use of undefined constant name - assumed 'name' /mnt/b/temp/Admin/Cache/e4cb68fd27fba17230f88efa6a7f1013.php 第 45 行.
NOTIC: [8] Use of undefined constant name - assumed 'name' /mnt/b/temp/Admin/Cache/e4cb68fd27fba17230f88efa6a7f1013.php 第 45 行.
NOTIC: [8] Use of undefined constant name - assumed 'name' /mnt/b/temp/Admin/Cache/e4cb68fd27fba17230f88efa6a7f1013.php 第 101 行.
NOTIC: [8] Use of undefined constant name - assumed 'name' /mnt/b/temp/Admin/Cache/e4cb68fd27fba17230f88efa6a7f1013.php 第 101 行.
NOTIC: [8] Use of undefined constant name - assumed 'name' /mnt/b/temp/Admin/Cache/e4cb68fd27fba17230f88efa6a7f1013.php 第 101 行.
NOTIC: [8] Use of undefined constant name - assumed 'name' /mnt/b/temp/Admin/Cache/e4cb68fd27fba17230f88efa6a7f1013.php 第 101 行.
NOTIC: [8] Use of undefined constant name - assumed 'name' /mnt/b/temp/Admin/Cache/e4cb68fd27fba17230f88efa6a7f1013.php 第 101 行.
NOTIC: [8] Use of undefined constant name - assumed 'name' /mnt/b/temp/Admin/Cache/e4cb68fd27fba17230f88efa6a7f1013.php 第 101 行.
NOTIC: [8] Use of undefined constant a_id - assumed 'a_id' /mnt/b/temp/Admin/Cache/e4cb68fd27fba17230f88efa6a7f1013.php 第 137 行.
NOTIC: [8] Use of undefined constant a_id - assumed 'a_id' /mnt/b/temp/Admin/Cache/e4cb68fd27fba17230f88efa6a7f1013.php 第 137 行.
NOTIC: [8] Use of undefined constant a_id - assumed 'a_id' /mnt/b/temp/Admin/Cache/e4cb68fd27fba17230f88efa6a7f1013.php 第 137 行.
INFO: ParseTemplate Behavior ::run [ RunTime:0.017383s ]
INFO: [ view_parse ] --END-- [ RunTime:0.017424s ]
INFO: [ view_filter ] --START--
INFO: ContentReplace Behavior ::run [ RunTime:0.000210s ]
INFO: TokenBuild Behavior ::run [ RunTime:0.000252s ]
INFO: WriteHtmlCache Behavior ::run [ RunTime:0.000166s ]
INFO: ShowRuntime Behavior ::run [ RunTime:0.000240s ]
INFO: [ view_filter ] --END-- [ RunTime:0.000990s ]
INFO: [ view_end ] --START--
INFO: ShowPageTrace Behavior ::run [ RunTime:0.000344s ]
INFO: [ view_end ] --END-- [ RunTime:0.000387s ]

[ 2015-03-10T14:59:50+08:00 ] 123.118.109.153 /manager.php/Access/addnode.html
INFO: [ route_check ] --START--
INFO: CheckRoute Behavior ::run [ RunTime:0.000490s ]
INFO: [ route_check ] --END-- [ RunTime:0.000551s ]
INFO: [ app_begin ] --START--
INFO: ReadHtmlCache Behavior ::run [ RunTime:0.000294s ]
INFO: [ app_begin ] --END-- [ RunTime:0.000335s ]
SQL: SHOW COLUMNS FROM `t_node` [ RunTime:0.000891s ]
SQL: SELECT * FROM `t_node` WHERE ( pid=1 and  status=1 and is_menu=1 ) ORDER BY sort asc  [ RunTime:0.000357s ]
SQL: SHOW COLUMNS FROM `t_node` [ RunTime:0.000473s ]
SQL: SELECT `id` FROM `t_node` WHERE ( name='Access' ) LIMIT 1   [ RunTime:0.000181s ]
SQL: SHOW COLUMNS FROM `t_node` [ RunTime:0.000449s ]
SQL: SELECT * FROM `t_node` WHERE ( pid=14 and  status=1 and is_menu=1 ) ORDER BY sort asc  [ RunTime:0.000216s ]
NOTIC: [8] Undefined index: levelOption /mnt/b/Admin/Lib/Action/AccessAction.class.php 第 332 行.
SQL: SHOW COLUMNS FROM `t_node` [ RunTime:0.000611s ]
SQL: SELECT * FROM `t_node`  [ RunTime:0.000185s ]
NOTIC: [8] Undefined index: pid /mnt/b/Admin/Lib/Action/AccessAction.class.php 第 341 行.
NOTIC: [8] Undefined index: pid /mnt/b/Admin/Lib/Action/AccessAction.class.php 第 341 行.
NOTIC: [8] Undefined index: pid /mnt/b/Admin/Lib/Action/AccessAction.class.php 第 341 行.
NOTIC: [8] Undefined index: pid /mnt/b/Admin/Lib/Action/AccessAction.class.php 第 341 行.
NOTIC: [8] Undefined index: pid /mnt/b/Admin/Lib/Action/AccessAction.class.php 第 341 行.
NOTIC: [8] Undefined index: pid /mnt/b/Admin/Lib/Action/AccessAction.class.php 第 341 行.
NOTIC: [8] Undefined index: pid /mnt/b/Admin/Lib/Action/AccessAction.class.php 第 341 行.
NOTIC: [8] Undefined index: pid /mnt/b/Admin/Lib/Action/AccessAction.class.php 第 341 行.
NOTIC: [8] Undefined index: pid /mnt/b/Admin/Lib/Action/AccessAction.class.php 第 341 行.
NOTIC: [8] Undefined index: pid /mnt/b/Admin/Lib/Action/AccessAction.class.php 第 341 行.
NOTIC: [8] Undefined index: pid /mnt/b/Admin/Lib/Action/AccessAction.class.php 第 341 行.
NOTIC: [8] Undefined index: pid /mnt/b/Admin/Lib/Action/AccessAction.class.php 第 341 行.
NOTIC: [8] Undefined index: pid /mnt/b/Admin/Lib/Action/AccessAction.class.php 第 341 行.
NOTIC: [8] Undefined index: pid /mnt/b/Admin/Lib/Action/AccessAction.class.php 第 341 行.
NOTIC: [8] Undefined index: pid /mnt/b/Admin/Lib/Action/AccessAction.class.php 第 341 行.
NOTIC: [8] Undefined index: pid /mnt/b/Admin/Lib/Action/AccessAction.class.php 第 341 行.
NOTIC: [8] Undefined index: pid /mnt/b/Admin/Lib/Action/AccessAction.class.php 第 341 行.
NOTIC: [8] Undefined index: pid /mnt/b/Admin/Lib/Action/AccessAction.class.php 第 341 行.
NOTIC: [8] Undefined index: pid /mnt/b/Admin/Lib/Action/AccessAction.class.php 第 341 行.
NOTIC: [8] Undefined index: pid /mnt/b/Admin/Lib/Action/AccessAction.class.php 第 341 行.
NOTIC: [8] Undefined index: pid /mnt/b/Admin/Lib/Action/AccessAction.class.php 第 341 行.
NOTIC: [8] Undefined index: pid /mnt/b/Admin/Lib/Action/AccessAction.class.php 第 341 行.
NOTIC: [8] Undefined index: pid /mnt/b/Admin/Lib/Action/AccessAction.class.php 第 341 行.
NOTIC: [8] Undefined index: pid /mnt/b/Admin/Lib/Action/AccessAction.class.php 第 341 行.
INFO: [ view_parse ] --START--
NOTIC: [8] Undefined variable: site /mnt/b/temp/Admin/Cache/72251130238df81779543db342ca1221.php 第 5 行.
NOTIC: [8] Use of undefined constant name - assumed 'name' /mnt/b/temp/Admin/Cache/72251130238df81779543db342ca1221.php 第 40 行.
NOTIC: [8] Use of undefined constant name - assumed 'name' /mnt/b/temp/Admin/Cache/72251130238df81779543db342ca1221.php 第 40 行.
NOTIC: [8] Use of undefined constant name - assumed 'name' /mnt/b/temp/Admin/Cache/72251130238df81779543db342ca1221.php 第 40 行.
NOTIC: [8] Use of undefined constant name - assumed 'name' /mnt/b/temp/Admin/Cache/72251130238df81779543db342ca1221.php 第 40 行.
NOTIC: [8] Use of undefined constant name - assumed 'name' /mnt/b/temp/Admin/Cache/72251130238df81779543db342ca1221.php 第 94 行.
NOTIC: [8] Use of undefined constant name - assumed 'name' /mnt/b/temp/Admin/Cache/72251130238df81779543db342ca1221.php 第 94 行.
NOTIC: [8] Use of undefined constant name - assumed 'name' /mnt/b/temp/Admin/Cache/72251130238df81779543db342ca1221.php 第 94 行.
NOTIC: [8] Use of undefined constant name - assumed 'name' /mnt/b/temp/Admin/Cache/72251130238df81779543db342ca1221.php 第 94 行.
NOTIC: [8] Use of undefined constant name - assumed 'name' /mnt/b/temp/Admin/Cache/72251130238df81779543db342ca1221.php 第 94 行.
NOTIC: [8] Use of undefined constant name - assumed 'name' /mnt/b/temp/Admin/Cache/72251130238df81779543db342ca1221.php 第 94 行.
NOTIC: [8] Undefined index: name /mnt/b/temp/Admin/Cache/72251130238df81779543db342ca1221.php 第 112 行.
NOTIC: [8] Undefined index: title /mnt/b/temp/Admin/Cache/72251130238df81779543db342ca1221.php 第 118 行.
NOTIC: [8] Undefined index: status /mnt/b/temp/Admin/Cache/72251130238df81779543db342ca1221.php 第 125 行.
NOTIC: [8] Undefined index: is_menu /mnt/b/temp/Admin/Cache/72251130238df81779543db342ca1221.php 第 137 行.
NOTIC: [8] Undefined index: is_menu /mnt/b/temp/Admin/Cache/72251130238df81779543db342ca1221.php 第 140 行.
NOTIC: [8] Undefined index: sort /mnt/b/temp/Admin/Cache/72251130238df81779543db342ca1221.php 第 159 行.
NOTIC: [8] Undefined index: remark /mnt/b/temp/Admin/Cache/72251130238df81779543db342ca1221.php 第 163 行.
NOTIC: [8] Undefined index: id /mnt/b/temp/Admin/Cache/72251130238df81779543db342ca1221.php 第 169 行.
INFO: ParseTemplate Behavior ::run [ RunTime:0.020206s ]
INFO: [ view_parse ] --END-- [ RunTime:0.020263s ]
INFO: [ view_filter ] --START--
INFO: ContentReplace Behavior ::run [ RunTime:0.000219s ]
INFO: TokenBuild Behavior ::run [ RunTime:0.000291s ]
INFO: WriteHtmlCache Behavior ::run [ RunTime:0.000129s ]
INFO: ShowRuntime Behavior ::run [ RunTime:0.000295s ]
INFO: [ view_filter ] --END-- [ RunTime:0.001054s ]
INFO: [ view_end ] --START--
INFO: ShowPageTrace Behavior ::run [ RunTime:0.000371s ]
INFO: [ view_end ] --END-- [ RunTime:0.000413s ]

[ 2015-03-10T15:00:02+08:00 ] 123.118.109.153 /manager.php/Access/nodelist.html
INFO: [ route_check ] --START--
INFO: CheckRoute Behavior ::run [ RunTime:0.000448s ]
INFO: [ route_check ] --END-- [ RunTime:0.000508s ]
INFO: [ app_begin ] --START--
INFO: ReadHtmlCache Behavior ::run [ RunTime:0.000318s ]
INFO: [ app_begin ] --END-- [ RunTime:0.000359s ]
SQL: SHOW COLUMNS FROM `t_node` [ RunTime:0.000948s ]
SQL: SELECT * FROM `t_node` WHERE ( pid=1 and  status=1 and is_menu=1 ) ORDER BY sort asc  [ RunTime:0.000295s ]
SQL: SHOW COLUMNS FROM `t_node` [ RunTime:0.000453s ]
SQL: SELECT `id` FROM `t_node` WHERE ( name='Access' ) LIMIT 1   [ RunTime:0.000159s ]
SQL: SHOW COLUMNS FROM `t_node` [ RunTime:0.000437s ]
SQL: SELECT * FROM `t_node` WHERE ( pid=14 and  status=1 and is_menu=1 ) ORDER BY sort asc  [ RunTime:0.000209s ]
SQL: SHOW COLUMNS FROM `t_access` [ RunTime:0.000432s ]
SQL: SHOW COLUMNS FROM `t_node` [ RunTime:0.000480s ]
SQL: SELECT * FROM `t_node`  [ RunTime:0.000171s ]
INFO: [ view_parse ] --START--
NOTIC: [8] Use of undefined constant name - assumed 'name' /mnt/b/temp/Admin/Cache/dbf44f2091c4ffebd2e1103c11fe3e3b.php 第 42 行.
NOTIC: [8] Use of undefined constant name - assumed 'name' /mnt/b/temp/Admin/Cache/dbf44f2091c4ffebd2e1103c11fe3e3b.php 第 42 行.
NOTIC: [8] Use of undefined constant name - assumed 'name' /mnt/b/temp/Admin/Cache/dbf44f2091c4ffebd2e1103c11fe3e3b.php 第 42 行.
NOTIC: [8] Use of undefined constant name - assumed 'name' /mnt/b/temp/Admin/Cache/dbf44f2091c4ffebd2e1103c11fe3e3b.php 第 42 行.
NOTIC: [8] Use of undefined constant name - assumed 'name' /mnt/b/temp/Admin/Cache/dbf44f2091c4ffebd2e1103c11fe3e3b.php 第 96 行.
NOTIC: [8] Use of undefined constant name - assumed 'name' /mnt/b/temp/Admin/Cache/dbf44f2091c4ffebd2e1103c11fe3e3b.php 第 96 行.
NOTIC: [8] Use of undefined constant name - assumed 'name' /mnt/b/temp/Admin/Cache/dbf44f2091c4ffebd2e1103c11fe3e3b.php 第 96 行.
NOTIC: [8] Use of undefined constant name - assumed 'name' /mnt/b/temp/Admin/Cache/dbf44f2091c4ffebd2e1103c11fe3e3b.php 第 96 行.
NOTIC: [8] Use of undefined constant name - assumed 'name' /mnt/b/temp/Admin/Cache/dbf44f2091c4ffebd2e1103c11fe3e3b.php 第 96 行.
NOTIC: [8] Use of undefined constant name - assumed 'name' /mnt/b/temp/Admin/Cache/dbf44f2091c4ffebd2e1103c11fe3e3b.php 第 96 行.
INFO: ParseTemplate Behavior ::run [ RunTime:0.012664s ]
INFO: [ view_parse ] --END-- [ RunTime:0.012713s ]
INFO: [ view_filter ] --START--
INFO: ContentReplace Behavior ::run [ RunTime:0.000293s ]
INFO: TokenBuild Behavior ::run [ RunTime:0.000275s ]
INFO: WriteHtmlCache Behavior ::run [ RunTime:0.000145s ]
INFO: ShowRuntime Behavior ::run [ RunTime:0.000271s ]
INFO: [ view_filter ] --END-- [ RunTime:0.001104s ]
INFO: [ view_end ] --START--
INFO: ShowPageTrace Behavior ::run [ RunTime:0.000342s ]
INFO: [ view_end ] --END-- [ RunTime:0.000384s ]

[ 2015-03-10T15:00:29+08:00 ] 123.118.109.153 /manager.php/Index/index.html
INFO: [ route_check ] --START--
INFO: CheckRoute Behavior ::run [ RunTime:0.000457s ]
INFO: [ route_check ] --END-- [ RunTime:0.000542s ]
INFO: [ app_begin ] --START--
INFO: ReadHtmlCache Behavior ::run [ RunTime:0.000306s ]
INFO: [ app_begin ] --END-- [ RunTime:0.000347s ]
SQL: SHOW COLUMNS FROM `t_node` [ RunTime:0.000742s ]
SQL: SELECT * FROM `t_node` WHERE ( pid=1 and  status=1 and is_menu=1 ) ORDER BY sort asc  [ RunTime:0.000316s ]
SQL: SHOW COLUMNS FROM `t_node` [ RunTime:0.000454s ]
SQL: SELECT `id` FROM `t_node` WHERE ( name='Index' ) LIMIT 1   [ RunTime:0.000187s ]
SQL: SHOW COLUMNS FROM `t_node` [ RunTime:0.000437s ]
SQL: SELECT * FROM `t_node` WHERE ( pid=2 and  status=1 and is_menu=1 ) ORDER BY sort asc  [ RunTime:0.000213s ]
INFO: [ view_parse ] --START--
NOTIC: [8] Use of undefined constant name - assumed 'name' /mnt/b/temp/Admin/Cache/20eabf8d43f497715f3e1a7ec1a2f00f.php 第 45 行.
NOTIC: [8] Use of undefined constant name - assumed 'name' /mnt/b/temp/Admin/Cache/20eabf8d43f497715f3e1a7ec1a2f00f.php 第 45 行.
NOTIC: [8] Use of undefined constant name - assumed 'name' /mnt/b/temp/Admin/Cache/20eabf8d43f497715f3e1a7ec1a2f00f.php 第 45 行.
NOTIC: [8] Use of undefined constant name - assumed 'name' /mnt/b/temp/Admin/Cache/20eabf8d43f497715f3e1a7ec1a2f00f.php 第 45 行.
NOTIC: [8] Use of undefined constant name - assumed 'name' /mnt/b/temp/Admin/Cache/20eabf8d43f497715f3e1a7ec1a2f00f.php 第 101 行.
NOTIC: [8] Use of undefined constant name - assumed 'name' /mnt/b/temp/Admin/Cache/20eabf8d43f497715f3e1a7ec1a2f00f.php 第 101 行.
NOTIC: [8] Undefined variable: caches /mnt/b/temp/Admin/Cache/20eabf8d43f497715f3e1a7ec1a2f00f.php 第 124 行.
INFO: ParseTemplate Behavior ::run [ RunTime:0.008783s ]
INFO: [ view_parse ] --END-- [ RunTime:0.008831s ]
INFO: [ view_filter ] --START--
INFO: ContentReplace Behavior ::run [ RunTime:0.000216s ]
INFO: TokenBuild Behavior ::run [ RunTime:0.000227s ]
INFO: WriteHtmlCache Behavior ::run [ RunTime:0.000134s ]
INFO: ShowRuntime Behavior ::run [ RunTime:0.000268s ]
INFO: [ view_filter ] --END-- [ RunTime:0.000962s ]
INFO: [ view_end ] --START--
INFO: ShowPageTrace Behavior ::run [ RunTime:0.000343s ]
INFO: [ view_end ] --END-- [ RunTime:0.000384s ]

[ 2015-03-10T15:00:54+08:00 ] 123.118.109.153 /manager.php/Access/index.html
INFO: [ route_check ] --START--
INFO: CheckRoute Behavior ::run [ RunTime:0.000467s ]
INFO: [ route_check ] --END-- [ RunTime:0.000526s ]
INFO: [ app_begin ] --START--
INFO: ReadHtmlCache Behavior ::run [ RunTime:0.000313s ]
INFO: [ app_begin ] --END-- [ RunTime:0.000355s ]
SQL: SHOW COLUMNS FROM `t_node` [ RunTime:0.000748s ]
SQL: SELECT * FROM `t_node` WHERE ( pid=1 and  status=1 and is_menu=1 ) ORDER BY sort asc  [ RunTime:0.000288s ]
SQL: SHOW COLUMNS FROM `t_node` [ RunTime:0.000453s ]
SQL: SELECT `id` FROM `t_node` WHERE ( name='Access' ) LIMIT 1   [ RunTime:0.000155s ]
SQL: SHOW COLUMNS FROM `t_node` [ RunTime:0.000472s ]
SQL: SELECT * FROM `t_node` WHERE ( pid=14 and  status=1 and is_menu=1 ) ORDER BY sort asc  [ RunTime:0.000210s ]
SQL: SHOW COLUMNS FROM `t_access` [ RunTime:0.000433s ]
SQL: SHOW COLUMNS FROM `t_admin` [ RunTime:0.000467s ]
SQL: SELECT * FROM `t_admin`  [ RunTime:0.000152s ]
INFO: [ view_parse ] --START--
NOTIC: [8] Use of undefined constant name - assumed 'name' /mnt/b/temp/Admin/Cache/e4cb68fd27fba17230f88efa6a7f1013.php 第 45 行.
NOTIC: [8] Use of undefined constant name - assumed 'name' /mnt/b/temp/Admin/Cache/e4cb68fd27fba17230f88efa6a7f1013.php 第 45 行.
NOTIC: [8] Use of undefined constant name - assumed 'name' /mnt/b/temp/Admin/Cache/e4cb68fd27fba17230f88efa6a7f1013.php 第 45 行.
NOTIC: [8] Use of undefined constant name - assumed 'name' /mnt/b/temp/Admin/Cache/e4cb68fd27fba17230f88efa6a7f1013.php 第 45 行.
NOTIC: [8] Use of undefined constant name - assumed 'name' /mnt/b/temp/Admin/Cache/e4cb68fd27fba17230f88efa6a7f1013.php 第 101 行.
NOTIC: [8] Use of undefined constant name - assumed 'name' /mnt/b/temp/Admin/Cache/e4cb68fd27fba17230f88efa6a7f1013.php 第 101 行.
NOTIC: [8] Use of undefined constant name - assumed 'name' /mnt/b/temp/Admin/Cache/e4cb68fd27fba17230f88efa6a7f1013.php 第 101 行.
NOTIC: [8] Use of undefined constant name - assumed 'name' /mnt/b/temp/Admin/Cache/e4cb68fd27fba17230f88efa6a7f1013.php 第 101 行.
NOTIC: [8] Use of undefined constant name - assumed 'name' /mnt/b/temp/Admin/Cache/e4cb68fd27fba17230f88efa6a7f1013.php 第 101 行.
NOTIC: [8] Use of undefined constant name - assumed 'name' /mnt/b/temp/Admin/Cache/e4cb68fd27fba17230f88efa6a7f1013.php 第 101 行.
NOTIC: [8] Use of undefined constant a_id - assumed 'a_id' /mnt/b/temp/Admin/Cache/e4cb68fd27fba17230f88efa6a7f1013.php 第 137 行.
NOTIC: [8] Use of undefined constant a_id - assumed 'a_id' /mnt/b/temp/Admin/Cache/e4cb68fd27fba17230f88efa6a7f1013.php 第 137 行.
NOTIC: [8] Use of undefined constant a_id - assumed 'a_id' /mnt/b/temp/Admin/Cache/e4cb68fd27fba17230f88efa6a7f1013.php 第 137 行.
INFO: ParseTemplate Behavior ::run [ RunTime:0.009512s ]
INFO: [ view_parse ] --END-- [ RunTime:0.009556s ]
INFO: [ view_filter ] --START--
INFO: ContentReplace Behavior ::run [ RunTime:0.000282s ]
INFO: TokenBuild Behavior ::run [ RunTime:0.000246s ]
INFO: WriteHtmlCache Behavior ::run [ RunTime:0.000125s ]
INFO: ShowRuntime Behavior ::run [ RunTime:0.000238s ]
INFO: [ view_filter ] --END-- [ RunTime:0.001005s ]
INFO: [ view_end ] --START--
INFO: ShowPageTrace Behavior ::run [ RunTime:0.000362s ]
INFO: [ view_end ] --END-- [ RunTime:0.000403s ]

[ 2015-03-10T15:00:56+08:00 ] 123.118.109.153 /manager.php/Member/index.html
INFO: [ route_check ] --START--
INFO: CheckRoute Behavior ::run [ RunTime:0.000445s ]
INFO: [ route_check ] --END-- [ RunTime:0.000506s ]
INFO: [ app_begin ] --START--
INFO: ReadHtmlCache Behavior ::run [ RunTime:0.000315s ]
INFO: [ app_begin ] --END-- [ RunTime:0.000358s ]
SQL: SHOW COLUMNS FROM `t_node` [ RunTime:0.000883s ]
SQL: SELECT * FROM `t_node` WHERE ( pid=1 and  status=1 and is_menu=1 ) ORDER BY sort asc  [ RunTime:0.000295s ]
SQL: SHOW COLUMNS FROM `t_node` [ RunTime:0.000479s ]
SQL: SELECT `id` FROM `t_node` WHERE ( name='Member' ) LIMIT 1   [ RunTime:0.000160s ]
SQL: SHOW COLUMNS FROM `t_node` [ RunTime:0.000447s ]
SQL: SELECT * FROM `t_node` WHERE ( pid=3 and  status=1 and is_menu=1 ) ORDER BY sort asc  [ RunTime:0.000192s ]
SQL: SHOW COLUMNS FROM `t_city` [ RunTime:0.000326s ]
ERR: 1146:Table 'tangliangdbs.t_city' doesn't exist
 [ SQL语句 ] : SHOW COLUMNS FROM `t_city`
SQL: SHOW COLUMNS FROM `t_area` [ RunTime:0.000395s ]
SQL: SELECT * FROM `t_area` WHERE ( parent_id=1 )  [ RunTime:0.000203s ]
SQL: SHOW COLUMNS FROM `t_member` [ RunTime:0.000481s ]
NOTIC: [8] Undefined index: keys /mnt/b/Admin/Lib/Action/MemberAction.class.php 第 36 行.
NOTIC: [8] Undefined index: start_date /mnt/b/Admin/Lib/Action/MemberAction.class.php 第 38 行.
NOTIC: [8] Undefined index: end_date /mnt/b/Admin/Lib/Action/MemberAction.class.php 第 39 行.
NOTIC: [8] Undefined index: province /mnt/b/Admin/Lib/Action/MemberAction.class.php 第 40 行.
NOTIC: [8] Undefined index: city /mnt/b/Admin/Lib/Action/MemberAction.class.php 第 41 行.
SQL: SELECT `region_name` FROM `t_area` WHERE ( region_id= and agency_id=1 ) LIMIT 1   [ RunTime:0.000083s ]
ERR: 1064:You have an error in your SQL syntax; check the manual that corresponds to your MySQL server version for the right syntax to use near 'and agency_id=1 ) LIMIT 1' at line 1
 [ SQL语句 ] : SELECT `region_name` FROM `t_area` WHERE ( region_id= and agency_id=1 ) LIMIT 1  
SQL: SHOW COLUMNS FROM `t_putongmember` [ RunTime:0.000997s ]
SQL: SELECT COUNT(*) AS tp_count FROM `t_putongmember` WHERE ( 1  ) LIMIT 1   [ RunTime:0.000242s ]
SQL: SELECT * FROM `t_putongmember` WHERE ( 1  ) ORDER BY a_id desc  [ RunTime:0.000246s ]
NOTIC: [8] Undefined variable: vo /mnt/b/Admin/Lib/Action/MemberAction.class.php 第 83 行.
INFO: [ view_parse ] --START--
NOTIC: [8] Use of undefined constant name - assumed 'name' /mnt/b/temp/Admin/Cache/c77ddeafb610cdb50d34d5549e86fe03.php 第 85 行.
NOTIC: [8] Use of undefined constant name - assumed 'name' /mnt/b/temp/Admin/Cache/c77ddeafb610cdb50d34d5549e86fe03.php 第 85 行.
NOTIC: [8] Use of undefined constant name - assumed 'name' /mnt/b/temp/Admin/Cache/c77ddeafb610cdb50d34d5549e86fe03.php 第 85 行.
NOTIC: [8] Use of undefined constant name - assumed 'name' /mnt/b/temp/Admin/Cache/c77ddeafb610cdb50d34d5549e86fe03.php 第 85 行.
NOTIC: [8] Use of undefined constant name - assumed 'name' /mnt/b/temp/Admin/Cache/c77ddeafb610cdb50d34d5549e86fe03.php 第 141 行.
NOTIC: [8] Use of undefined constant name - assumed 'name' /mnt/b/temp/Admin/Cache/c77ddeafb610cdb50d34d5549e86fe03.php 第 141 行.
NOTIC: [8] Use of undefined constant region_id - assumed 'region_id' /mnt/b/temp/Admin/Cache/c77ddeafb610cdb50d34d5549e86fe03.php 第 168 行.
NOTIC: [8] Use of undefined constant region_id - assumed 'region_id' /mnt/b/temp/Admin/Cache/c77ddeafb610cdb50d34d5549e86fe03.php 第 168 行.
NOTIC: [8] Use of undefined constant region_id - assumed 'region_id' /mnt/b/temp/Admin/Cache/c77ddeafb610cdb50d34d5549e86fe03.php 第 168 行.
NOTIC: [8] Use of undefined constant region_id - assumed 'region_id' /mnt/b/temp/Admin/Cache/c77ddeafb610cdb50d34d5549e86fe03.php 第 168 行.
NOTIC: [8] Use of undefined constant region_id - assumed 'region_id' /mnt/b/temp/Admin/Cache/c77ddeafb610cdb50d34d5549e86fe03.php 第 168 行.
NOTIC: [8] Use of undefined constant region_id - assumed 'region_id' /mnt/b/temp/Admin/Cache/c77ddeafb610cdb50d34d5549e86fe03.php 第 168 行.
NOTIC: [8] Use of undefined constant region_id - assumed 'region_id' /mnt/b/temp/Admin/Cache/c77ddeafb610cdb50d34d5549e86fe03.php 第 168 行.
NOTIC: [8] Use of undefined constant region_id - assumed 'region_id' /mnt/b/temp/Admin/Cache/c77ddeafb610cdb50d34d5549e86fe03.php 第 168 行.
NOTIC: [8] Use of undefined constant region_id - assumed 'region_id' /mnt/b/temp/Admin/Cache/c77ddeafb610cdb50d34d5549e86fe03.php 第 168 行.
NOTIC: [8] Use of undefined constant region_id - assumed 'region_id' /mnt/b/temp/Admin/Cache/c77ddeafb610cdb50d34d5549e86fe03.php 第 168 行.
NOTIC: [8] Use of undefined constant region_id - assumed 'region_id' /mnt/b/temp/Admin/Cache/c77ddeafb610cdb50d34d5549e86fe03.php 第 168 行.
NOTIC: [8] Use of undefined constant region_id - assumed 'region_id' /mnt/b/temp/Admin/Cache/c77ddeafb610cdb50d34d5549e86fe03.php 第 168 行.
NOTIC: [8] Use of undefined constant region_id - assumed 'region_id' /mnt/b/temp/Admin/Cache/c77ddeafb610cdb50d34d5549e86fe03.php 第 168 行.
NOTIC: [8] Use of undefined constant region_id - assumed 'region_id' /mnt/b/temp/Admin/Cache/c77ddeafb610cdb50d34d5549e86fe03.php 第 168 行.
NOTIC: [8] Use of undefined constant region_id - assumed 'region_id' /mnt/b/temp/Admin/Cache/c77ddeafb610cdb50d34d5549e86fe03.php 第 168 行.
NOTIC: [8] Use of undefined constant region_id - assumed 'region_id' /mnt/b/temp/Admin/Cache/c77ddeafb610cdb50d34d5549e86fe03.php 第 168 行.
NOTIC: [8] Use of undefined constant region_id - assumed 'region_id' /mnt/b/temp/Admin/Cache/c77ddeafb610cdb50d34d5549e86fe03.php 第 168 行.
NOTIC: [8] Use of undefined constant region_id - assumed 'region_id' /mnt/b/temp/Admin/Cache/c77ddeafb610cdb50d34d5549e86fe03.php 第 168 行.
NOTIC: [8] Use of undefined constant region_id - assumed 'region_id' /mnt/b/temp/Admin/Cache/c77ddeafb610cdb50d34d5549e86fe03.php 第 168 行.
NOTIC: [8] Use of undefined constant region_id - assumed 'region_id' /mnt/b/temp/Admin/Cache/c77ddeafb610cdb50d34d5549e86fe03.php 第 168 行.
NOTIC: [8] Use of undefined constant region_id - assumed 'region_id' /mnt/b/temp/Admin/Cache/c77ddeafb610cdb50d34d5549e86fe03.php 第 168 行.
NOTIC: [8] Use of undefined constant region_id - assumed 'region_id' /mnt/b/temp/Admin/Cache/c77ddeafb610cdb50d34d5549e86fe03.php 第 168 行.
NOTIC: [8] Use of undefined constant region_id - assumed 'region_id' /mnt/b/temp/Admin/Cache/c77ddeafb610cdb50d34d5549e86fe03.php 第 168 行.
NOTIC: [8] Use of undefined constant region_id - assumed 'region_id' /mnt/b/temp/Admin/Cache/c77ddeafb610cdb50d34d5549e86fe03.php 第 168 行.
NOTIC: [8] Use of undefined constant region_id - assumed 'region_id' /mnt/b/temp/Admin/Cache/c77ddeafb610cdb50d34d5549e86fe03.php 第 168 行.
NOTIC: [8] Use of undefined constant region_id - assumed 'region_id' /mnt/b/temp/Admin/Cache/c77ddeafb610cdb50d34d5549e86fe03.php 第 168 行.
NOTIC: [8] Use of undefined constant region_id - assumed 'region_id' /mnt/b/temp/Admin/Cache/c77ddeafb610cdb50d34d5549e86fe03.php 第 168 行.
NOTIC: [8] Use of undefined constant region_id - assumed 'region_id' /mnt/b/temp/Admin/Cache/c77ddeafb610cdb50d34d5549e86fe03.php 第 168 行.
NOTIC: [8] Use of undefined constant region_id - assumed 'region_id' /mnt/b/temp/Admin/Cache/c77ddeafb610cdb50d34d5549e86fe03.php 第 168 行.
NOTIC: [8] Use of undefined constant region_id - assumed 'region_id' /mnt/b/temp/Admin/Cache/c77ddeafb610cdb50d34d5549e86fe03.php 第 168 行.
NOTIC: [8] Use of undefined constant region_id - assumed 'region_id' /mnt/b/temp/Admin/Cache/c77ddeafb610cdb50d34d5549e86fe03.php 第 168 行.
NOTIC: [8] Use of undefined constant region_id - assumed 'region_id' /mnt/b/temp/Admin/Cache/c77ddeafb610cdb50d34d5549e86fe03.php 第 168 行.
NOTIC: [8] Use of undefined constant region_id - assumed 'region_id' /mnt/b/temp/Admin/Cache/c77ddeafb610cdb50d34d5549e86fe03.php 第 168 行.
NOTIC: [8] Use of undefined constant region_id - assumed 'region_id' /mnt/b/temp/Admin/Cache/c77ddeafb610cdb50d34d5549e86fe03.php 第 168 行.
NOTIC: [8] Use of undefined constant a_id - assumed 'a_id' /mnt/b/temp/Admin/Cache/c77ddeafb610cdb50d34d5549e86fe03.php 第 205 行.
INFO: ParseTemplate Behavior ::run [ RunTime:0.020988s ]
INFO: [ view_parse ] --END-- [ RunTime:0.021030s ]
INFO: [ view_filter ] --START--
INFO: ContentReplace Behavior ::run [ RunTime:0.000362s ]
INFO: TokenBuild Behavior ::run [ RunTime:0.000300s ]
INFO: WriteHtmlCache Behavior ::run [ RunTime:0.000127s ]
INFO: ShowRuntime Behavior ::run [ RunTime:0.000319s ]
INFO: [ view_filter ] --END-- [ RunTime:0.001236s ]
INFO: [ view_end ] --START--
INFO: ShowPageTrace Behavior ::run [ RunTime:0.000338s ]
INFO: [ view_end ] --END-- [ RunTime:0.000382s ]

[ 2015-03-10T15:03:09+08:00 ] 123.118.109.153 /manager.php/Access/index.html
INFO: [ route_check ] --START--
INFO: CheckRoute Behavior ::run [ RunTime:0.000467s ]
INFO: [ route_check ] --END-- [ RunTime:0.000527s ]
INFO: [ app_begin ] --START--
INFO: ReadHtmlCache Behavior ::run [ RunTime:0.000294s ]
INFO: [ app_begin ] --END-- [ RunTime:0.000339s ]
SQL: SHOW COLUMNS FROM `t_node` [ RunTime:0.000699s ]
SQL: SELECT * FROM `t_node` WHERE ( pid=1 and  status=1 and is_menu=1 ) ORDER BY sort asc  [ RunTime:0.000304s ]
SQL: SHOW COLUMNS FROM `t_node` [ RunTime:0.000486s ]
SQL: SELECT `id` FROM `t_node` WHERE ( name='Access' ) LIMIT 1   [ RunTime:0.000157s ]
SQL: SHOW COLUMNS FROM `t_node` [ RunTime:0.000451s ]
SQL: SELECT * FROM `t_node` WHERE ( pid=14 and  status=1 and is_menu=1 ) ORDER BY sort asc  [ RunTime:0.000219s ]
SQL: SHOW COLUMNS FROM `t_access` [ RunTime:0.000451s ]
SQL: SHOW COLUMNS FROM `t_admin` [ RunTime:0.000510s ]
SQL: SELECT * FROM `t_admin`  [ RunTime:0.000153s ]
INFO: [ view_parse ] --START--
NOTIC: [8] Use of undefined constant name - assumed 'name' /mnt/b/temp/Admin/Cache/e4cb68fd27fba17230f88efa6a7f1013.php 第 45 行.
NOTIC: [8] Use of undefined constant name - assumed 'name' /mnt/b/temp/Admin/Cache/e4cb68fd27fba17230f88efa6a7f1013.php 第 45 行.
NOTIC: [8] Use of undefined constant name - assumed 'name' /mnt/b/temp/Admin/Cache/e4cb68fd27fba17230f88efa6a7f1013.php 第 45 行.
NOTIC: [8] Use of undefined constant name - assumed 'name' /mnt/b/temp/Admin/Cache/e4cb68fd27fba17230f88efa6a7f1013.php 第 45 行.
NOTIC: [8] Use of undefined constant name - assumed 'name' /mnt/b/temp/Admin/Cache/e4cb68fd27fba17230f88efa6a7f1013.php 第 101 行.
NOTIC: [8] Use of undefined constant name - assumed 'name' /mnt/b/temp/Admin/Cache/e4cb68fd27fba17230f88efa6a7f1013.php 第 101 行.
NOTIC: [8] Use of undefined constant name - assumed 'name' /mnt/b/temp/Admin/Cache/e4cb68fd27fba17230f88efa6a7f1013.php 第 101 行.
NOTIC: [8] Use of undefined constant name - assumed 'name' /mnt/b/temp/Admin/Cache/e4cb68fd27fba17230f88efa6a7f1013.php 第 101 行.
NOTIC: [8] Use of undefined constant name - assumed 'name' /mnt/b/temp/Admin/Cache/e4cb68fd27fba17230f88efa6a7f1013.php 第 101 行.
NOTIC: [8] Use of undefined constant name - assumed 'name' /mnt/b/temp/Admin/Cache/e4cb68fd27fba17230f88efa6a7f1013.php 第 101 行.
NOTIC: [8] Use of undefined constant a_id - assumed 'a_id' /mnt/b/temp/Admin/Cache/e4cb68fd27fba17230f88efa6a7f1013.php 第 137 行.
NOTIC: [8] Use of undefined constant a_id - assumed 'a_id' /mnt/b/temp/Admin/Cache/e4cb68fd27fba17230f88efa6a7f1013.php 第 137 行.
NOTIC: [8] Use of undefined constant a_id - assumed 'a_id' /mnt/b/temp/Admin/Cache/e4cb68fd27fba17230f88efa6a7f1013.php 第 137 行.
INFO: ParseTemplate Behavior ::run [ RunTime:0.009426s ]
INFO: [ view_parse ] --END-- [ RunTime:0.009465s ]
INFO: [ view_filter ] --START--
INFO: ContentReplace Behavior ::run [ RunTime:0.000208s ]
INFO: TokenBuild Behavior ::run [ RunTime:0.000224s ]
INFO: WriteHtmlCache Behavior ::run [ RunTime:0.000123s ]
INFO: ShowRuntime Behavior ::run [ RunTime:0.000256s ]
INFO: [ view_filter ] --END-- [ RunTime:0.000923s ]
INFO: [ view_end ] --START--
INFO: ShowPageTrace Behavior ::run [ RunTime:0.000344s ]
INFO: [ view_end ] --END-- [ RunTime:0.000387s ]

[ 2015-03-10T15:03:12+08:00 ] 123.118.109.153 /manager.php/Access/addnode.html
INFO: [ route_check ] --START--
INFO: CheckRoute Behavior ::run [ RunTime:0.000468s ]
INFO: [ route_check ] --END-- [ RunTime:0.000531s ]
INFO: [ app_begin ] --START--
INFO: ReadHtmlCache Behavior ::run [ RunTime:0.000291s ]
INFO: [ app_begin ] --END-- [ RunTime:0.000333s ]
SQL: SHOW COLUMNS FROM `t_node` [ RunTime:0.000869s ]
SQL: SELECT * FROM `t_node` WHERE ( pid=1 and  status=1 and is_menu=1 ) ORDER BY sort asc  [ RunTime:0.000322s ]
SQL: SHOW COLUMNS FROM `t_node` [ RunTime:0.000463s ]
SQL: SELECT `id` FROM `t_node` WHERE ( name='Access' ) LIMIT 1   [ RunTime:0.000157s ]
SQL: SHOW COLUMNS FROM `t_node` [ RunTime:0.000447s ]
SQL: SELECT * FROM `t_node` WHERE ( pid=14 and  status=1 and is_menu=1 ) ORDER BY sort asc  [ RunTime:0.000239s ]
NOTIC: [8] Undefined index: levelOption /mnt/b/Admin/Lib/Action/AccessAction.class.php 第 332 行.
SQL: SHOW COLUMNS FROM `t_node` [ RunTime:0.000501s ]
SQL: SELECT * FROM `t_node`  [ RunTime:0.000174s ]
NOTIC: [8] Undefined index: pid /mnt/b/Admin/Lib/Action/AccessAction.class.php 第 341 行.
NOTIC: [8] Undefined index: pid /mnt/b/Admin/Lib/Action/AccessAction.class.php 第 341 行.
NOTIC: [8] Undefined index: pid /mnt/b/Admin/Lib/Action/AccessAction.class.php 第 341 行.
NOTIC: [8] Undefined index: pid /mnt/b/Admin/Lib/Action/AccessAction.class.php 第 341 行.
NOTIC: [8] Undefined index: pid /mnt/b/Admin/Lib/Action/AccessAction.class.php 第 341 行.
NOTIC: [8] Undefined index: pid /mnt/b/Admin/Lib/Action/AccessAction.class.php 第 341 行.
NOTIC: [8] Undefined index: pid /mnt/b/Admin/Lib/Action/AccessAction.class.php 第 341 行.
NOTIC: [8] Undefined index: pid /mnt/b/Admin/Lib/Action/AccessAction.class.php 第 341 行.
NOTIC: [8] Undefined index: pid /mnt/b/Admin/Lib/Action/AccessAction.class.php 第 341 行.
NOTIC: [8] Undefined index: pid /mnt/b/Admin/Lib/Action/AccessAction.class.php 第 341 行.
NOTIC: [8] Undefined index: pid /mnt/b/Admin/Lib/Action/AccessAction.class.php 第 341 行.
NOTIC: [8] Undefined index: pid /mnt/b/Admin/Lib/Action/AccessAction.class.php 第 341 行.
NOTIC: [8] Undefined index: pid /mnt/b/Admin/Lib/Action/AccessAction.class.php 第 341 行.
NOTIC: [8] Undefined index: pid /mnt/b/Admin/Lib/Action/AccessAction.class.php 第 341 行.
NOTIC: [8] Undefined index: pid /mnt/b/Admin/Lib/Action/AccessAction.class.php 第 341 行.
NOTIC: [8] Undefined index: pid /mnt/b/Admin/Lib/Action/AccessAction.class.php 第 341 行.
NOTIC: [8] Undefined index: pid /mnt/b/Admin/Lib/Action/AccessAction.class.php 第 341 行.
NOTIC: [8] Undefined index: pid /mnt/b/Admin/Lib/Action/AccessAction.class.php 第 341 行.
NOTIC: [8] Undefined index: pid /mnt/b/Admin/Lib/Action/AccessAction.class.php 第 341 行.
NOTIC: [8] Undefined index: pid /mnt/b/Admin/Lib/Action/AccessAction.class.php 第 341 行.
NOTIC: [8] Undefined index: pid /mnt/b/Admin/Lib/Action/AccessAction.class.php 第 341 行.
NOTIC: [8] Undefined index: pid /mnt/b/Admin/Lib/Action/AccessAction.class.php 第 341 行.
NOTIC: [8] Undefined index: pid /mnt/b/Admin/Lib/Action/AccessAction.class.php 第 341 行.
NOTIC: [8] Undefined index: pid /mnt/b/Admin/Lib/Action/AccessAction.class.php 第 341 行.
INFO: [ view_parse ] --START--
NOTIC: [8] Undefined variable: site /mnt/b/temp/Admin/Cache/72251130238df81779543db342ca1221.php 第 5 行.
NOTIC: [8] Use of undefined constant name - assumed 'name' /mnt/b/temp/Admin/Cache/72251130238df81779543db342ca1221.php 第 40 行.
NOTIC: [8] Use of undefined constant name - assumed 'name' /mnt/b/temp/Admin/Cache/72251130238df81779543db342ca1221.php 第 40 行.
NOTIC: [8] Use of undefined constant name - assumed 'name' /mnt/b/temp/Admin/Cache/72251130238df81779543db342ca1221.php 第 40 行.
NOTIC: [8] Use of undefined constant name - assumed 'name' /mnt/b/temp/Admin/Cache/72251130238df81779543db342ca1221.php 第 40 行.
NOTIC: [8] Use of undefined constant name - assumed 'name' /mnt/b/temp/Admin/Cache/72251130238df81779543db342ca1221.php 第 94 行.
NOTIC: [8] Use of undefined constant name - assumed 'name' /mnt/b/temp/Admin/Cache/72251130238df81779543db342ca1221.php 第 94 行.
NOTIC: [8] Use of undefined constant name - assumed 'name' /mnt/b/temp/Admin/Cache/72251130238df81779543db342ca1221.php 第 94 行.
NOTIC: [8] Use of undefined constant name - assumed 'name' /mnt/b/temp/Admin/Cache/72251130238df81779543db342ca1221.php 第 94 行.
NOTIC: [8] Use of undefined constant name - assumed 'name' /mnt/b/temp/Admin/Cache/72251130238df81779543db342ca1221.php 第 94 行.
NOTIC: [8] Use of undefined constant name - assumed 'name' /mnt/b/temp/Admin/Cache/72251130238df81779543db342ca1221.php 第 94 行.
NOTIC: [8] Undefined index: name /mnt/b/temp/Admin/Cache/72251130238df81779543db342ca1221.php 第 112 行.
NOTIC: [8] Undefined index: title /mnt/b/temp/Admin/Cache/72251130238df81779543db342ca1221.php 第 118 行.
NOTIC: [8] Undefined index: status /mnt/b/temp/Admin/Cache/72251130238df81779543db342ca1221.php 第 125 行.
NOTIC: [8] Undefined index: is_menu /mnt/b/temp/Admin/Cache/72251130238df81779543db342ca1221.php 第 137 行.
NOTIC: [8] Undefined index: is_menu /mnt/b/temp/Admin/Cache/72251130238df81779543db342ca1221.php 第 140 行.
NOTIC: [8] Undefined index: sort /mnt/b/temp/Admin/Cache/72251130238df81779543db342ca1221.php 第 159 行.
NOTIC: [8] Undefined index: remark /mnt/b/temp/Admin/Cache/72251130238df81779543db342ca1221.php 第 163 行.
NOTIC: [8] Undefined index: id /mnt/b/temp/Admin/Cache/72251130238df81779543db342ca1221.php 第 169 行.
INFO: ParseTemplate Behavior ::run [ RunTime:0.009984s ]
INFO: [ view_parse ] --END-- [ RunTime:0.010035s ]
INFO: [ view_filter ] --START--
INFO: ContentReplace Behavior ::run [ RunTime:0.000219s ]
INFO: TokenBuild Behavior ::run [ RunTime:0.000270s ]
INFO: WriteHtmlCache Behavior ::run [ RunTime:0.000127s ]
INFO: ShowRuntime Behavior ::run [ RunTime:0.000248s ]
INFO: [ view_filter ] --END-- [ RunTime:0.001004s ]
INFO: [ view_end ] --START--
INFO: ShowPageTrace Behavior ::run [ RunTime:0.000400s ]
INFO: [ view_end ] --END-- [ RunTime:0.000442s ]

[ 2015-03-10T15:03:51+08:00 ] 123.118.109.153 /manager.php/Access/addnode.html
INFO: [ route_check ] --START--
INFO: CheckRoute Behavior ::run [ RunTime:0.000478s ]
INFO: [ route_check ] --END-- [ RunTime:0.000539s ]
INFO: [ app_begin ] --START--
INFO: ReadHtmlCache Behavior ::run [ RunTime:0.000294s ]
INFO: [ app_begin ] --END-- [ RunTime:0.000335s ]
SQL: SHOW COLUMNS FROM `t_node` [ RunTime:0.000902s ]
SQL: SELECT * FROM `t_node` WHERE ( pid=1 and  status=1 and is_menu=1 ) ORDER BY sort asc  [ RunTime:0.000296s ]
SQL: SHOW COLUMNS FROM `t_node` [ RunTime:0.000484s ]
SQL: SELECT `id` FROM `t_node` WHERE ( name='Access' ) LIMIT 1   [ RunTime:0.000157s ]
SQL: SHOW COLUMNS FROM `t_node` [ RunTime:0.000465s ]
SQL: SELECT * FROM `t_node` WHERE ( pid=14 and  status=1 and is_menu=1 ) ORDER BY sort asc  [ RunTime:0.000211s ]
SQL: SHOW COLUMNS FROM `t_admin` [ RunTime:0.000497s ]
SQL: SHOW COLUMNS FROM `t_access` [ RunTime:0.000448s ]
SQL: INSERT INTO `t_node` (`name`,`title`,`status`,`is_menu`,`level`,`pid`,`sort`,`remark`,`id`) VALUES ('foreman','明星工长',1,1,3,3,0,'',0) [ RunTime:0.000246s ]
NOTIC: [8] Use of undefined constant info - assumed 'info' /mnt/b/Admin/Lib/Model/AccessModel.class.php 第 48 行.
INFO: [ view_parse ] --START--
INFO: ParseTemplate Behavior ::run [ RunTime:0.004280s ]
INFO: [ view_parse ] --END-- [ RunTime:0.004328s ]
INFO: [ view_filter ] --START--
INFO: ContentReplace Behavior ::run [ RunTime:0.000187s ]
INFO: TokenBuild Behavior ::run [ RunTime:0.000221s ]
INFO: WriteHtmlCache Behavior ::run [ RunTime:0.000128s ]
INFO: ShowRuntime Behavior ::run [ RunTime:0.000245s ]
INFO: [ view_filter ] --END-- [ RunTime:0.000894s ]
INFO: [ view_end ] --START--
INFO: ShowPageTrace Behavior ::run [ RunTime:0.000345s ]
INFO: [ view_end ] --END-- [ RunTime:0.000383s ]

[ 2015-03-10T15:03:53+08:00 ] 123.118.109.153 /manager.php/Access/addnode.html
INFO: [ route_check ] --START--
INFO: CheckRoute Behavior ::run [ RunTime:0.000447s ]
INFO: [ route_check ] --END-- [ RunTime:0.000506s ]
INFO: [ app_begin ] --START--
INFO: ReadHtmlCache Behavior ::run [ RunTime:0.000337s ]
INFO: [ app_begin ] --END-- [ RunTime:0.000379s ]
SQL: SHOW COLUMNS FROM `t_node` [ RunTime:0.000885s ]
SQL: SELECT * FROM `t_node` WHERE ( pid=1 and  status=1 and is_menu=1 ) ORDER BY sort asc  [ RunTime:0.000315s ]
SQL: SHOW COLUMNS FROM `t_node` [ RunTime:0.000457s ]
SQL: SELECT `id` FROM `t_node` WHERE ( name='Access' ) LIMIT 1   [ RunTime:0.000195s ]
SQL: SHOW COLUMNS FROM `t_node` [ RunTime:0.000446s ]
SQL: SELECT * FROM `t_node` WHERE ( pid=14 and  status=1 and is_menu=1 ) ORDER BY sort asc  [ RunTime:0.000215s ]
NOTIC: [8] Undefined index: levelOption /mnt/b/Admin/Lib/Action/AccessAction.class.php 第 332 行.
SQL: SHOW COLUMNS FROM `t_node` [ RunTime:0.000491s ]
SQL: SELECT * FROM `t_node`  [ RunTime:0.000177s ]
NOTIC: [8] Undefined index: pid /mnt/b/Admin/Lib/Action/AccessAction.class.php 第 341 行.
NOTIC: [8] Undefined index: pid /mnt/b/Admin/Lib/Action/AccessAction.class.php 第 341 行.
NOTIC: [8] Undefined index: pid /mnt/b/Admin/Lib/Action/AccessAction.class.php 第 341 行.
NOTIC: [8] Undefined index: pid /mnt/b/Admin/Lib/Action/AccessAction.class.php 第 341 行.
NOTIC: [8] Undefined index: pid /mnt/b/Admin/Lib/Action/AccessAction.class.php 第 341 行.
NOTIC: [8] Undefined index: pid /mnt/b/Admin/Lib/Action/AccessAction.class.php 第 341 行.
NOTIC: [8] Undefined index: pid /mnt/b/Admin/Lib/Action/AccessAction.class.php 第 341 行.
NOTIC: [8] Undefined index: pid /mnt/b/Admin/Lib/Action/AccessAction.class.php 第 341 行.
NOTIC: [8] Undefined index: pid /mnt/b/Admin/Lib/Action/AccessAction.class.php 第 341 行.
NOTIC: [8] Undefined index: pid /mnt/b/Admin/Lib/Action/AccessAction.class.php 第 341 行.
NOTIC: [8] Undefined index: pid /mnt/b/Admin/Lib/Action/AccessAction.class.php 第 341 行.
NOTIC: [8] Undefined index: pid /mnt/b/Admin/Lib/Action/AccessAction.class.php 第 341 行.
NOTIC: [8] Undefined index: pid /mnt/b/Admin/Lib/Action/AccessAction.class.php 第 341 行.
NOTIC: [8] Undefined index: pid /mnt/b/Admin/Lib/Action/AccessAction.class.php 第 341 行.
NOTIC: [8] Undefined index: pid /mnt/b/Admin/Lib/Action/AccessAction.class.php 第 341 行.
NOTIC: [8] Undefined index: pid /mnt/b/Admin/Lib/Action/AccessAction.class.php 第 341 行.
NOTIC: [8] Undefined index: pid /mnt/b/Admin/Lib/Action/AccessAction.class.php 第 341 行.
NOTIC: [8] Undefined index: pid /mnt/b/Admin/Lib/Action/AccessAction.class.php 第 341 行.
NOTIC: [8] Undefined index: pid /mnt/b/Admin/Lib/Action/AccessAction.class.php 第 341 行.
NOTIC: [8] Undefined index: pid /mnt/b/Admin/Lib/Action/AccessAction.class.php 第 341 行.
NOTIC: [8] Undefined index: pid /mnt/b/Admin/Lib/Action/AccessAction.class.php 第 341 行.
NOTIC: [8] Undefined index: pid /mnt/b/Admin/Lib/Action/AccessAction.class.php 第 341 行.
NOTIC: [8] Undefined index: pid /mnt/b/Admin/Lib/Action/AccessAction.class.php 第 341 行.
NOTIC: [8] Undefined index: pid /mnt/b/Admin/Lib/Action/AccessAction.class.php 第 341 行.
NOTIC: [8] Undefined index: pid /mnt/b/Admin/Lib/Action/AccessAction.class.php 第 341 行.
INFO: [ view_parse ] --START--
NOTIC: [8] Undefined variable: site /mnt/b/temp/Admin/Cache/72251130238df81779543db342ca1221.php 第 5 行.
NOTIC: [8] Use of undefined constant name - assumed 'name' /mnt/b/temp/Admin/Cache/72251130238df81779543db342ca1221.php 第 40 行.
NOTIC: [8] Use of undefined constant name - assumed 'name' /mnt/b/temp/Admin/Cache/72251130238df81779543db342ca1221.php 第 40 行.
NOTIC: [8] Use of undefined constant name - assumed 'name' /mnt/b/temp/Admin/Cache/72251130238df81779543db342ca1221.php 第 40 行.
NOTIC: [8] Use of undefined constant name - assumed 'name' /mnt/b/temp/Admin/Cache/72251130238df81779543db342ca1221.php 第 40 行.
NOTIC: [8] Use of undefined constant name - assumed 'name' /mnt/b/temp/Admin/Cache/72251130238df81779543db342ca1221.php 第 94 行.
NOTIC: [8] Use of undefined constant name - assumed 'name' /mnt/b/temp/Admin/Cache/72251130238df81779543db342ca1221.php 第 94 行.
NOTIC: [8] Use of undefined constant name - assumed 'name' /mnt/b/temp/Admin/Cache/72251130238df81779543db342ca1221.php 第 94 行.
NOTIC: [8] Use of undefined constant name - assumed 'name' /mnt/b/temp/Admin/Cache/72251130238df81779543db342ca1221.php 第 94 行.
NOTIC: [8] Use of undefined constant name - assumed 'name' /mnt/b/temp/Admin/Cache/72251130238df81779543db342ca1221.php 第 94 行.
NOTIC: [8] Use of undefined constant name - assumed 'name' /mnt/b/temp/Admin/Cache/72251130238df81779543db342ca1221.php 第 94 行.
NOTIC: [8] Undefined index: name /mnt/b/temp/Admin/Cache/72251130238df81779543db342ca1221.php 第 112 行.
NOTIC: [8] Undefined index: title /mnt/b/temp/Admin/Cache/72251130238df81779543db342ca1221.php 第 118 行.
NOTIC: [8] Undefined index: status /mnt/b/temp/Admin/Cache/72251130238df81779543db342ca1221.php 第 125 行.
NOTIC: [8] Undefined index: is_menu /mnt/b/temp/Admin/Cache/72251130238df81779543db342ca1221.php 第 137 行.
NOTIC: [8] Undefined index: is_menu /mnt/b/temp/Admin/Cache/72251130238df81779543db342ca1221.php 第 140 行.
NOTIC: [8] Undefined index: sort /mnt/b/temp/Admin/Cache/72251130238df81779543db342ca1221.php 第 159 行.
NOTIC: [8] Undefined index: remark /mnt/b/temp/Admin/Cache/72251130238df81779543db342ca1221.php 第 163 行.
NOTIC: [8] Undefined index: id /mnt/b/temp/Admin/Cache/72251130238df81779543db342ca1221.php 第 169 行.
INFO: ParseTemplate Behavior ::run [ RunTime:0.009589s ]
INFO: [ view_parse ] --END-- [ RunTime:0.009633s ]
INFO: [ view_filter ] --START--
INFO: ContentReplace Behavior ::run [ RunTime:0.000221s ]
INFO: TokenBuild Behavior ::run [ RunTime:0.000287s ]
INFO: WriteHtmlCache Behavior ::run [ RunTime:0.000129s ]
INFO: ShowRuntime Behavior ::run [ RunTime:0.000263s ]
INFO: [ view_filter ] --END-- [ RunTime:0.001019s ]
INFO: [ view_end ] --START--
INFO: ShowPageTrace Behavior ::run [ RunTime:0.000343s ]
INFO: [ view_end ] --END-- [ RunTime:0.000386s ]

[ 2015-03-10T15:03:55+08:00 ] 123.118.109.153 /manager.php/Index/index.html
INFO: [ route_check ] --START--
INFO: CheckRoute Behavior ::run [ RunTime:0.000473s ]
INFO: [ route_check ] --END-- [ RunTime:0.000534s ]
INFO: [ app_begin ] --START--
INFO: ReadHtmlCache Behavior ::run [ RunTime:0.000294s ]
INFO: [ app_begin ] --END-- [ RunTime:0.000337s ]
SQL: SHOW COLUMNS FROM `t_node` [ RunTime:0.000763s ]
SQL: SELECT * FROM `t_node` WHERE ( pid=1 and  status=1 and is_menu=1 ) ORDER BY sort asc  [ RunTime:0.000317s ]
SQL: SHOW COLUMNS FROM `t_node` [ RunTime:0.000444s ]
SQL: SELECT `id` FROM `t_node` WHERE ( name='Index' ) LIMIT 1   [ RunTime:0.000178s ]
SQL: SHOW COLUMNS FROM `t_node` [ RunTime:0.000437s ]
SQL: SELECT * FROM `t_node` WHERE ( pid=2 and  status=1 and is_menu=1 ) ORDER BY sort asc  [ RunTime:0.000194s ]
INFO: [ view_parse ] --START--
NOTIC: [8] Use of undefined constant name - assumed 'name' /mnt/b/temp/Admin/Cache/20eabf8d43f497715f3e1a7ec1a2f00f.php 第 45 行.
NOTIC: [8] Use of undefined constant name - assumed 'name' /mnt/b/temp/Admin/Cache/20eabf8d43f497715f3e1a7ec1a2f00f.php 第 45 行.
NOTIC: [8] Use of undefined constant name - assumed 'name' /mnt/b/temp/Admin/Cache/20eabf8d43f497715f3e1a7ec1a2f00f.php 第 45 行.
NOTIC: [8] Use of undefined constant name - assumed 'name' /mnt/b/temp/Admin/Cache/20eabf8d43f497715f3e1a7ec1a2f00f.php 第 45 行.
NOTIC: [8] Use of undefined constant name - assumed 'name' /mnt/b/temp/Admin/Cache/20eabf8d43f497715f3e1a7ec1a2f00f.php 第 101 行.
NOTIC: [8] Use of undefined constant name - assumed 'name' /mnt/b/temp/Admin/Cache/20eabf8d43f497715f3e1a7ec1a2f00f.php 第 101 行.
NOTIC: [8] Undefined variable: caches /mnt/b/temp/Admin/Cache/20eabf8d43f497715f3e1a7ec1a2f00f.php 第 124 行.
INFO: ParseTemplate Behavior ::run [ RunTime:0.008922s ]
INFO: [ view_parse ] --END-- [ RunTime:0.008971s ]
INFO: [ view_filter ] --START--
INFO: ContentReplace Behavior ::run [ RunTime:0.000204s ]
INFO: TokenBuild Behavior ::run [ RunTime:0.000225s ]
INFO: WriteHtmlCache Behavior ::run [ RunTime:0.000130s ]
INFO: ShowRuntime Behavior ::run [ RunTime:0.000259s ]
INFO: [ view_filter ] --END-- [ RunTime:0.000934s ]
INFO: [ view_end ] --START--
INFO: ShowPageTrace Behavior ::run [ RunTime:0.000336s ]
INFO: [ view_end ] --END-- [ RunTime:0.000377s ]

[ 2015-03-10T15:03:58+08:00 ] 123.118.109.153 /manager.php/Member/index.html
INFO: [ route_check ] --START--
INFO: CheckRoute Behavior ::run [ RunTime:0.000456s ]
INFO: [ route_check ] --END-- [ RunTime:0.000517s ]
INFO: [ app_begin ] --START--
INFO: ReadHtmlCache Behavior ::run [ RunTime:0.000312s ]
INFO: [ app_begin ] --END-- [ RunTime:0.000352s ]
SQL: SHOW COLUMNS FROM `t_node` [ RunTime:0.001250s ]
SQL: SELECT * FROM `t_node` WHERE ( pid=1 and  status=1 and is_menu=1 ) ORDER BY sort asc  [ RunTime:0.000400s ]
SQL: SHOW COLUMNS FROM `t_node` [ RunTime:0.000719s ]
SQL: SELECT `id` FROM `t_node` WHERE ( name='Member' ) LIMIT 1   [ RunTime:0.000225s ]
SQL: SHOW COLUMNS FROM `t_node` [ RunTime:0.000746s ]
SQL: SELECT * FROM `t_node` WHERE ( pid=3 and  status=1 and is_menu=1 ) ORDER BY sort asc  [ RunTime:0.000266s ]
SQL: SHOW COLUMNS FROM `t_city` [ RunTime:0.000479s ]
ERR: 1146:Table 'tangliangdbs.t_city' doesn't exist
 [ SQL语句 ] : SHOW COLUMNS FROM `t_city`
SQL: SHOW COLUMNS FROM `t_area` [ RunTime:0.000612s ]
SQL: SELECT * FROM `t_area` WHERE ( parent_id=1 )  [ RunTime:0.000301s ]
SQL: SHOW COLUMNS FROM `t_member` [ RunTime:0.000541s ]
NOTIC: [8] Undefined index: keys /mnt/b/Admin/Lib/Action/MemberAction.class.php 第 36 行.
NOTIC: [8] Undefined index: start_date /mnt/b/Admin/Lib/Action/MemberAction.class.php 第 38 行.
NOTIC: [8] Undefined index: end_date /mnt/b/Admin/Lib/Action/MemberAction.class.php 第 39 行.
NOTIC: [8] Undefined index: province /mnt/b/Admin/Lib/Action/MemberAction.class.php 第 40 行.
NOTIC: [8] Undefined index: city /mnt/b/Admin/Lib/Action/MemberAction.class.php 第 41 行.
SQL: SELECT `region_name` FROM `t_area` WHERE ( region_id= and agency_id=1 ) LIMIT 1   [ RunTime:0.000107s ]
ERR: 1064:You have an error in your SQL syntax; check the manual that corresponds to your MySQL server version for the right syntax to use near 'and agency_id=1 ) LIMIT 1' at line 1
 [ SQL语句 ] : SELECT `region_name` FROM `t_area` WHERE ( region_id= and agency_id=1 ) LIMIT 1  
SQL: SHOW COLUMNS FROM `t_putongmember` [ RunTime:0.000924s ]
SQL: SELECT COUNT(*) AS tp_count FROM `t_putongmember` WHERE ( 1  ) LIMIT 1   [ RunTime:0.000229s ]
SQL: SELECT * FROM `t_putongmember` WHERE ( 1  ) ORDER BY a_id desc  [ RunTime:0.000248s ]
NOTIC: [8] Undefined variable: vo /mnt/b/Admin/Lib/Action/MemberAction.class.php 第 83 行.
INFO: [ view_parse ] --START--
NOTIC: [8] Use of undefined constant name - assumed 'name' /mnt/b/temp/Admin/Cache/c77ddeafb610cdb50d34d5549e86fe03.php 第 85 行.
NOTIC: [8] Use of undefined constant name - assumed 'name' /mnt/b/temp/Admin/Cache/c77ddeafb610cdb50d34d5549e86fe03.php 第 85 行.
NOTIC: [8] Use of undefined constant name - assumed 'name' /mnt/b/temp/Admin/Cache/c77ddeafb610cdb50d34d5549e86fe03.php 第 85 行.
NOTIC: [8] Use of undefined constant name - assumed 'name' /mnt/b/temp/Admin/Cache/c77ddeafb610cdb50d34d5549e86fe03.php 第 85 行.
NOTIC: [8] Use of undefined constant name - assumed 'name' /mnt/b/temp/Admin/Cache/c77ddeafb610cdb50d34d5549e86fe03.php 第 141 行.
NOTIC: [8] Use of undefined constant name - assumed 'name' /mnt/b/temp/Admin/Cache/c77ddeafb610cdb50d34d5549e86fe03.php 第 141 行.
NOTIC: [8] Use of undefined constant name - assumed 'name' /mnt/b/temp/Admin/Cache/c77ddeafb610cdb50d34d5549e86fe03.php 第 141 行.
NOTIC: [8] Use of undefined constant region_id - assumed 'region_id' /mnt/b/temp/Admin/Cache/c77ddeafb610cdb50d34d5549e86fe03.php 第 168 行.
NOTIC: [8] Use of undefined constant region_id - assumed 'region_id' /mnt/b/temp/Admin/Cache/c77ddeafb610cdb50d34d5549e86fe03.php 第 168 行.
NOTIC: [8] Use of undefined constant region_id - assumed 'region_id' /mnt/b/temp/Admin/Cache/c77ddeafb610cdb50d34d5549e86fe03.php 第 168 行.
NOTIC: [8] Use of undefined constant region_id - assumed 'region_id' /mnt/b/temp/Admin/Cache/c77ddeafb610cdb50d34d5549e86fe03.php 第 168 行.
NOTIC: [8] Use of undefined constant region_id - assumed 'region_id' /mnt/b/temp/Admin/Cache/c77ddeafb610cdb50d34d5549e86fe03.php 第 168 行.
NOTIC: [8] Use of undefined constant region_id - assumed 'region_id' /mnt/b/temp/Admin/Cache/c77ddeafb610cdb50d34d5549e86fe03.php 第 168 行.
NOTIC: [8] Use of undefined constant region_id - assumed 'region_id' /mnt/b/temp/Admin/Cache/c77ddeafb610cdb50d34d5549e86fe03.php 第 168 行.
NOTIC: [8] Use of undefined constant region_id - assumed 'region_id' /mnt/b/temp/Admin/Cache/c77ddeafb610cdb50d34d5549e86fe03.php 第 168 行.
NOTIC: [8] Use of undefined constant region_id - assumed 'region_id' /mnt/b/temp/Admin/Cache/c77ddeafb610cdb50d34d5549e86fe03.php 第 168 行.
NOTIC: [8] Use of undefined constant region_id - assumed 'region_id' /mnt/b/temp/Admin/Cache/c77ddeafb610cdb50d34d5549e86fe03.php 第 168 行.
NOTIC: [8] Use of undefined constant region_id - assumed 'region_id' /mnt/b/temp/Admin/Cache/c77ddeafb610cdb50d34d5549e86fe03.php 第 168 行.
NOTIC: [8] Use of undefined constant region_id - assumed 'region_id' /mnt/b/temp/Admin/Cache/c77ddeafb610cdb50d34d5549e86fe03.php 第 168 行.
NOTIC: [8] Use of undefined constant region_id - assumed 'region_id' /mnt/b/temp/Admin/Cache/c77ddeafb610cdb50d34d5549e86fe03.php 第 168 行.
NOTIC: [8] Use of undefined constant region_id - assumed 'region_id' /mnt/b/temp/Admin/Cache/c77ddeafb610cdb50d34d5549e86fe03.php 第 168 行.
NOTIC: [8] Use of undefined constant region_id - assumed 'region_id' /mnt/b/temp/Admin/Cache/c77ddeafb610cdb50d34d5549e86fe03.php 第 168 行.
NOTIC: [8] Use of undefined constant region_id - assumed 'region_id' /mnt/b/temp/Admin/Cache/c77ddeafb610cdb50d34d5549e86fe03.php 第 168 行.
NOTIC: [8] Use of undefined constant region_id - assumed 'region_id' /mnt/b/temp/Admin/Cache/c77ddeafb610cdb50d34d5549e86fe03.php 第 168 行.
NOTIC: [8] Use of undefined constant region_id - assumed 'region_id' /mnt/b/temp/Admin/Cache/c77ddeafb610cdb50d34d5549e86fe03.php 第 168 行.
NOTIC: [8] Use of undefined constant region_id - assumed 'region_id' /mnt/b/temp/Admin/Cache/c77ddeafb610cdb50d34d5549e86fe03.php 第 168 行.
NOTIC: [8] Use of undefined constant region_id - assumed 'region_id' /mnt/b/temp/Admin/Cache/c77ddeafb610cdb50d34d5549e86fe03.php 第 168 行.
NOTIC: [8] Use of undefined constant region_id - assumed 'region_id' /mnt/b/temp/Admin/Cache/c77ddeafb610cdb50d34d5549e86fe03.php 第 168 行.
NOTIC: [8] Use of undefined constant region_id - assumed 'region_id' /mnt/b/temp/Admin/Cache/c77ddeafb610cdb50d34d5549e86fe03.php 第 168 行.
NOTIC: [8] Use of undefined constant region_id - assumed 'region_id' /mnt/b/temp/Admin/Cache/c77ddeafb610cdb50d34d5549e86fe03.php 第 168 行.
NOTIC: [8] Use of undefined constant region_id - assumed 'region_id' /mnt/b/temp/Admin/Cache/c77ddeafb610cdb50d34d5549e86fe03.php 第 168 行.
NOTIC: [8] Use of undefined constant region_id - assumed 'region_id' /mnt/b/temp/Admin/Cache/c77ddeafb610cdb50d34d5549e86fe03.php 第 168 行.
NOTIC: [8] Use of undefined constant region_id - assumed 'region_id' /mnt/b/temp/Admin/Cache/c77ddeafb610cdb50d34d5549e86fe03.php 第 168 行.
NOTIC: [8] Use of undefined constant region_id - assumed 'region_id' /mnt/b/temp/Admin/Cache/c77ddeafb610cdb50d34d5549e86fe03.php 第 168 行.
NOTIC: [8] Use of undefined constant region_id - assumed 'region_id' /mnt/b/temp/Admin/Cache/c77ddeafb610cdb50d34d5549e86fe03.php 第 168 行.
NOTIC: [8] Use of undefined constant region_id - assumed 'region_id' /mnt/b/temp/Admin/Cache/c77ddeafb610cdb50d34d5549e86fe03.php 第 168 行.
NOTIC: [8] Use of undefined constant region_id - assumed 'region_id' /mnt/b/temp/Admin/Cache/c77ddeafb610cdb50d34d5549e86fe03.php 第 168 行.
NOTIC: [8] Use of undefined constant region_id - assumed 'region_id' /mnt/b/temp/Admin/Cache/c77ddeafb610cdb50d34d5549e86fe03.php 第 168 行.
NOTIC: [8] Use of undefined constant region_id - assumed 'region_id' /mnt/b/temp/Admin/Cache/c77ddeafb610cdb50d34d5549e86fe03.php 第 168 行.
NOTIC: [8] Use of undefined constant region_id - assumed 'region_id' /mnt/b/temp/Admin/Cache/c77ddeafb610cdb50d34d5549e86fe03.php 第 168 行.
NOTIC: [8] Use of undefined constant region_id - assumed 'region_id' /mnt/b/temp/Admin/Cache/c77ddeafb610cdb50d34d5549e86fe03.php 第 168 行.
NOTIC: [8] Use of undefined constant a_id - assumed 'a_id' /mnt/b/temp/Admin/Cache/c77ddeafb610cdb50d34d5549e86fe03.php 第 205 行.
INFO: ParseTemplate Behavior ::run [ RunTime:0.020386s ]
INFO: [ view_parse ] --END-- [ RunTime:0.020429s ]
INFO: [ view_filter ] --START--
INFO: ContentReplace Behavior ::run [ RunTime:0.000347s ]
INFO: TokenBuild Behavior ::run [ RunTime:0.000300s ]
INFO: WriteHtmlCache Behavior ::run [ RunTime:0.000126s ]
INFO: ShowRuntime Behavior ::run [ RunTime:0.000281s ]
INFO: [ view_filter ] --END-- [ RunTime:0.001175s ]
INFO: [ view_end ] --START--
INFO: ShowPageTrace Behavior ::run [ RunTime:0.000413s ]
INFO: [ view_end ] --END-- [ RunTime:0.000465s ]

[ 2015-03-10T15:04:02+08:00 ] 123.118.109.153 /manager.php/Member/foreman.html
INFO: [ route_check ] --START--
INFO: CheckRoute Behavior ::run [ RunTime:0.000454s ]
INFO: [ route_check ] --END-- [ RunTime:0.000534s ]
INFO: [ app_begin ] --START--
INFO: ReadHtmlCache Behavior ::run [ RunTime:0.000294s ]
INFO: [ app_begin ] --END-- [ RunTime:0.000335s ]
ERR: 非法操作:foreman

[ 2015-03-10T15:04:34+08:00 ] 123.118.109.153 /manager.php/Member/foreman.html
INFO: [ route_check ] --START--
INFO: CheckRoute Behavior ::run [ RunTime:0.000473s ]
INFO: [ route_check ] --END-- [ RunTime:0.000532s ]
INFO: [ app_begin ] --START--
INFO: ReadHtmlCache Behavior ::run [ RunTime:0.000304s ]
INFO: [ app_begin ] --END-- [ RunTime:0.000345s ]
ERR: 模板不存在[./Admin/Tpl/Member/foreman.html]

[ 2015-03-10T15:05:21+08:00 ] 123.118.109.153 /manager.php/Member/foreman.html
INFO: [ route_check ] --START--
INFO: CheckRoute Behavior ::run [ RunTime:0.000452s ]
INFO: [ route_check ] --END-- [ RunTime:0.000535s ]
INFO: [ app_begin ] --START--
INFO: ReadHtmlCache Behavior ::run [ RunTime:0.000372s ]
INFO: [ app_begin ] --END-- [ RunTime:0.000422s ]
INFO: [ view_parse ] --START--
NOTIC: [8] Undefined variable: systemConfig /mnt/b/temp/Admin/Cache/5f361a72f4b2c4b13e851e65a6597789.php 第 9 行.
NOTIC: [8] Undefined variable: systemConfig /mnt/b/temp/Admin/Cache/5f361a72f4b2c4b13e851e65a6597789.php 第 12 行.
NOTIC: [8] Undefined variable: systemConfig /mnt/b/temp/Admin/Cache/5f361a72f4b2c4b13e851e65a6597789.php 第 13 行.
NOTIC: [8] Undefined variable: systemConfig /mnt/b/temp/Admin/Cache/5f361a72f4b2c4b13e851e65a6597789.php 第 26 行.
NOTIC: [8] Undefined variable: systemConfig /mnt/b/temp/Admin/Cache/5f361a72f4b2c4b13e851e65a6597789.php 第 27 行.
NOTIC: [8] Undefined variable: systemConfig /mnt/b/temp/Admin/Cache/5f361a72f4b2c4b13e851e65a6597789.php 第 28 行.
NOTIC: [8] Undefined variable: nodelist /mnt/b/temp/Admin/Cache/5f361a72f4b2c4b13e851e65a6597789.php 第 85 行.
NOTIC: [8] Undefined variable: nodelist2 /mnt/b/temp/Admin/Cache/5f361a72f4b2c4b13e851e65a6597789.php 第 141 行.
NOTIC: [8] Undefined variable: keys /mnt/b/temp/Admin/Cache/5f361a72f4b2c4b13e851e65a6597789.php 第 158 行.
NOTIC: [8] Undefined variable: start_date /mnt/b/temp/Admin/Cache/5f361a72f4b2c4b13e851e65a6597789.php 第 160 行.
NOTIC: [8] Undefined variable: end_date /mnt/b/temp/Admin/Cache/5f361a72f4b2c4b13e851e65a6597789.php 第 162 行.
NOTIC: [8] Undefined variable: pro_list /mnt/b/temp/Admin/Cache/5f361a72f4b2c4b13e851e65a6597789.php 第 168 行.
NOTIC: [8] Undefined variable: list /mnt/b/temp/Admin/Cache/5f361a72f4b2c4b13e851e65a6597789.php 第 197 行.
NOTIC: [8] Undefined variable: page /mnt/b/temp/Admin/Cache/5f361a72f4b2c4b13e851e65a6597789.php 第 209 行.
NOTIC: [8] Undefined variable: year /mnt/b/temp/Admin/Cache/5f361a72f4b2c4b13e851e65a6597789.php 第 271 行.
NOTIC: [8] Undefined variable: month /mnt/b/temp/Admin/Cache/5f361a72f4b2c4b13e851e65a6597789.php 第 275 行.
NOTIC: [8] Undefined variable: day /mnt/b/temp/Admin/Cache/5f361a72f4b2c4b13e851e65a6597789.php 第 278 行.
NOTIC: [8] Undefined variable: pro_list /mnt/b/temp/Admin/Cache/5f361a72f4b2c4b13e851e65a6597789.php 第 285 行.
NOTIC: [8] Undefined variable: year /mnt/b/temp/Admin/Cache/5f361a72f4b2c4b13e851e65a6597789.php 第 623 行.
NOTIC: [8] Undefined variable: month /mnt/b/temp/Admin/Cache/5f361a72f4b2c4b13e851e65a6597789.php 第 630 行.
NOTIC: [8] Undefined variable: day /mnt/b/temp/Admin/Cache/5f361a72f4b2c4b13e851e65a6597789.php 第 637 行.
NOTIC: [8] Undefined variable: pro_list /mnt/b/temp/Admin/Cache/5f361a72f4b2c4b13e851e65a6597789.php 第 645 行.
INFO: ParseTemplate Behavior ::run [ RunTime:0.021126s ]
INFO: [ view_parse ] --END-- [ RunTime:0.021201s ]
INFO: [ view_filter ] --START--
INFO: ContentReplace Behavior ::run [ RunTime:0.000308s ]
INFO: TokenBuild Behavior ::run [ RunTime:0.000283s ]
INFO: WriteHtmlCache Behavior ::run [ RunTime:0.000134s ]
INFO: ShowRuntime Behavior ::run [ RunTime:0.000283s ]
INFO: [ view_filter ] --END-- [ RunTime:0.001129s ]
INFO: [ view_end ] --START--
INFO: ShowPageTrace Behavior ::run [ RunTime:0.000362s ]
INFO: [ view_end ] --END-- [ RunTime:0.000404s ]

[ 2015-03-10T15:06:28+08:00 ] 123.118.109.153 /manager.php/Member/foreman.html
INFO: [ route_check ] --START--
INFO: CheckRoute Behavior ::run [ RunTime:0.000463s ]
INFO: [ route_check ] --END-- [ RunTime:0.000525s ]
INFO: [ app_begin ] --START--
INFO: ReadHtmlCache Behavior ::run [ RunTime:0.000294s ]
INFO: [ app_begin ] --END-- [ RunTime:0.000336s ]
SQL: SHOW COLUMNS FROM `t_node` [ RunTime:0.000870s ]
SQL: SELECT * FROM `t_node` WHERE ( pid=1 and  status=1 and is_menu=1 ) ORDER BY sort asc  [ RunTime:0.000292s ]
SQL: SHOW COLUMNS FROM `t_node` [ RunTime:0.000452s ]
SQL: SELECT `id` FROM `t_node` WHERE ( name='Member' ) LIMIT 1   [ RunTime:0.000158s ]
SQL: SHOW COLUMNS FROM `t_node` [ RunTime:0.000439s ]
SQL: SELECT * FROM `t_node` WHERE ( pid=3 and  status=1 and is_menu=1 ) ORDER BY sort asc  [ RunTime:0.000192s ]
INFO: [ view_parse ] --START--
NOTIC: [8] Use of undefined constant name - assumed 'name' /mnt/b/temp/Admin/Cache/5f361a72f4b2c4b13e851e65a6597789.php 第 85 行.
NOTIC: [8] Use of undefined constant name - assumed 'name' /mnt/b/temp/Admin/Cache/5f361a72f4b2c4b13e851e65a6597789.php 第 85 行.
NOTIC: [8] Use of undefined constant name - assumed 'name' /mnt/b/temp/Admin/Cache/5f361a72f4b2c4b13e851e65a6597789.php 第 85 行.
NOTIC: [8] Use of undefined constant name - assumed 'name' /mnt/b/temp/Admin/Cache/5f361a72f4b2c4b13e851e65a6597789.php 第 85 行.
NOTIC: [8] Use of undefined constant name - assumed 'name' /mnt/b/temp/Admin/Cache/5f361a72f4b2c4b13e851e65a6597789.php 第 141 行.
NOTIC: [8] Use of undefined constant name - assumed 'name' /mnt/b/temp/Admin/Cache/5f361a72f4b2c4b13e851e65a6597789.php 第 141 行.
NOTIC: [8] Use of undefined constant name - assumed 'name' /mnt/b/temp/Admin/Cache/5f361a72f4b2c4b13e851e65a6597789.php 第 141 行.
NOTIC: [8] Undefined variable: keys /mnt/b/temp/Admin/Cache/5f361a72f4b2c4b13e851e65a6597789.php 第 158 行.
NOTIC: [8] Undefined variable: start_date /mnt/b/temp/Admin/Cache/5f361a72f4b2c4b13e851e65a6597789.php 第 160 行.
NOTIC: [8] Undefined variable: end_date /mnt/b/temp/Admin/Cache/5f361a72f4b2c4b13e851e65a6597789.php 第 162 行.
NOTIC: [8] Undefined variable: pro_list /mnt/b/temp/Admin/Cache/5f361a72f4b2c4b13e851e65a6597789.php 第 168 行.
NOTIC: [8] Undefined variable: list /mnt/b/temp/Admin/Cache/5f361a72f4b2c4b13e851e65a6597789.php 第 197 行.
NOTIC: [8] Undefined variable: page /mnt/b/temp/Admin/Cache/5f361a72f4b2c4b13e851e65a6597789.php 第 209 行.
NOTIC: [8] Undefined variable: year /mnt/b/temp/Admin/Cache/5f361a72f4b2c4b13e851e65a6597789.php 第 271 行.
NOTIC: [8] Undefined variable: month /mnt/b/temp/Admin/Cache/5f361a72f4b2c4b13e851e65a6597789.php 第 275 行.
NOTIC: [8] Undefined variable: day /mnt/b/temp/Admin/Cache/5f361a72f4b2c4b13e851e65a6597789.php 第 278 行.
NOTIC: [8] Undefined variable: pro_list /mnt/b/temp/Admin/Cache/5f361a72f4b2c4b13e851e65a6597789.php 第 285 行.
NOTIC: [8] Undefined variable: year /mnt/b/temp/Admin/Cache/5f361a72f4b2c4b13e851e65a6597789.php 第 623 行.
NOTIC: [8] Undefined variable: month /mnt/b/temp/Admin/Cache/5f361a72f4b2c4b13e851e65a6597789.php 第 630 行.
NOTIC: [8] Undefined variable: day /mnt/b/temp/Admin/Cache/5f361a72f4b2c4b13e851e65a6597789.php 第 637 行.
NOTIC: [8] Undefined variable: pro_list /mnt/b/temp/Admin/Cache/5f361a72f4b2c4b13e851e65a6597789.php 第 645 行.
INFO: ParseTemplate Behavior ::run [ RunTime:0.020680s ]
INFO: [ view_parse ] --END-- [ RunTime:0.020735s ]
INFO: [ view_filter ] --START--
INFO: ContentReplace Behavior ::run [ RunTime:0.000327s ]
INFO: TokenBuild Behavior ::run [ RunTime:0.000279s ]
INFO: WriteHtmlCache Behavior ::run [ RunTime:0.000130s ]
INFO: ShowRuntime Behavior ::run [ RunTime:0.000260s ]
INFO: [ view_filter ] --END-- [ RunTime:0.001115s ]
INFO: [ view_end ] --START--
INFO: ShowPageTrace Behavior ::run [ RunTime:0.000350s ]
INFO: [ view_end ] --END-- [ RunTime:0.000393s ]

