[ 2015-03-17T16:39:50+08:00 ] 163.177.69.38 /manager.php
INFO: [ app_begin ] --START--
INFO: ReadHtmlCache Behavior ::run [ RunTime:0.000338s ]
INFO: [ app_begin ] --END-- [ RunTime:0.000396s ]

[ 2015-03-17T16:39:50+08:00 ] 163.177.69.38 /manager.php/Index/login.html
INFO: [ route_check ] --START--
INFO: CheckRoute Behavior ::run [ RunTime:0.000481s ]
INFO: [ route_check ] --END-- [ RunTime:0.000558s ]
INFO: [ app_begin ] --START--
INFO: ReadHtmlCache Behavior ::run [ RunTime:0.000314s ]
INFO: [ app_begin ] --END-- [ RunTime:0.000357s ]
INFO: [ view_parse ] --START--
INFO: ParseTemplate Behavior ::run [ RunTime:0.005299s ]
INFO: [ view_parse ] --END-- [ RunTime:0.005344s ]
INFO: [ view_filter ] --START--
INFO: ContentReplace Behavior ::run [ RunTime:0.000196s ]
INFO: TokenBuild Behavior ::run [ RunTime:0.000245s ]
INFO: WriteHtmlCache Behavior ::run [ RunTime:0.000129s ]
INFO: ShowRuntime Behavior ::run [ RunTime:0.000280s ]
INFO: [ view_filter ] --END-- [ RunTime:0.000989s ]
INFO: [ view_end ] --START--
INFO: ShowPageTrace Behavior ::run [ RunTime:0.000349s ]
INFO: [ view_end ] --END-- [ RunTime:0.000388s ]

