[ 2015-04-07T09:50:48+08:00 ] 119.161.140.141 /manager.php/user/index
INFO: [ route_check ] --START--
INFO: CheckRoute Behavior ::run [ RunTime:0.000487s ]
INFO: [ route_check ] --END-- [ RunTime:0.000549s ]
INFO: [ app_begin ] --START--
INFO: ReadHtmlCache Behavior ::run [ RunTime:0.000298s ]
INFO: [ app_begin ] --END-- [ RunTime:0.000339s ]
ERR: 无法加载模块:user

[ 2015-04-07T09:50:48+08:00 ] 119.161.140.141 /manager.php/user/index
INFO: [ route_check ] --START--
INFO: CheckRoute Behavior ::run [ RunTime:0.000482s ]
INFO: [ route_check ] --END-- [ RunTime:0.000543s ]
INFO: [ app_begin ] --START--
INFO: ReadHtmlCache Behavior ::run [ RunTime:0.000298s ]
INFO: [ app_begin ] --END-- [ RunTime:0.000340s ]
ERR: 无法加载模块:user

[ 2015-04-07T17:48:03+08:00 ] 119.161.140.141 /manager.php/user/index
INFO: [ route_check ] --START--
INFO: CheckRoute Behavior ::run [ RunTime:0.000451s ]
INFO: [ route_check ] --END-- [ RunTime:0.000513s ]
INFO: [ app_begin ] --START--
INFO: ReadHtmlCache Behavior ::run [ RunTime:0.000295s ]
INFO: [ app_begin ] --END-- [ RunTime:0.000338s ]
ERR: 无法加载模块:user

