[ 2015-04-10T14:43:03+08:00 ] 114.241.191.174 /manager.php/
INFO: [ route_check ] --START--
INFO: CheckRoute Behavior ::run [ RunTime:0.000475s ]
INFO: [ route_check ] --END-- [ RunTime:0.000536s ]
INFO: [ app_begin ] --START--
INFO: ReadHtmlCache Behavior ::run [ RunTime:0.000302s ]
INFO: [ app_begin ] --END-- [ RunTime:0.000346s ]

[ 2015-04-10T14:43:03+08:00 ] 114.241.191.174 /manager.php/Index/login.html
INFO: [ route_check ] --START--
INFO: CheckRoute Behavior ::run [ RunTime:0.000457s ]
INFO: [ route_check ] --END-- [ RunTime:0.000509s ]
INFO: [ app_begin ] --START--
INFO: ReadHtmlCache Behavior ::run [ RunTime:0.000279s ]
INFO: [ app_begin ] --END-- [ RunTime:0.000320s ]
INFO: [ view_parse ] --START--
INFO: ParseTemplate Behavior ::run [ RunTime:0.004850s ]
INFO: [ view_parse ] --END-- [ RunTime:0.004895s ]
INFO: [ view_filter ] --START--
INFO: ContentReplace Behavior ::run [ RunTime:0.000208s ]
INFO: TokenBuild Behavior ::run [ RunTime:0.000256s ]
INFO: WriteHtmlCache Behavior ::run [ RunTime:0.000133s ]
INFO: ShowRuntime Behavior ::run [ RunTime:0.000247s ]
INFO: [ view_filter ] --END-- [ RunTime:0.000955s ]
INFO: [ view_end ] --START--
INFO: ShowPageTrace Behavior ::run [ RunTime:0.000358s ]
INFO: [ view_end ] --END-- [ RunTime:0.000397s ]

[ 2015-04-10T14:43:04+08:00 ] 114.241.191.174 /manager.php/Index/verify_code.html
INFO: [ route_check ] --START--
INFO: CheckRoute Behavior ::run [ RunTime:0.000488s ]
INFO: [ route_check ] --END-- [ RunTime:0.000548s ]
INFO: [ app_begin ] --START--
INFO: ReadHtmlCache Behavior ::run [ RunTime:0.000322s ]
INFO: [ app_begin ] --END-- [ RunTime:0.000364s ]

[ 2015-04-10T14:43:11+08:00 ] 113.108.70.13 /manager.php/Index/login.html
INFO: [ route_check ] --START--
INFO: CheckRoute Behavior ::run [ RunTime:0.000484s ]
INFO: [ route_check ] --END-- [ RunTime:0.000543s ]
INFO: [ app_begin ] --START--
INFO: ReadHtmlCache Behavior ::run [ RunTime:0.000309s ]
INFO: [ app_begin ] --END-- [ RunTime:0.000351s ]
INFO: [ view_parse ] --START--
INFO: ParseTemplate Behavior ::run [ RunTime:0.004856s ]
INFO: [ view_parse ] --END-- [ RunTime:0.004923s ]
INFO: [ view_filter ] --START--
INFO: ContentReplace Behavior ::run [ RunTime:0.000216s ]
INFO: TokenBuild Behavior ::run [ RunTime:0.000242s ]
INFO: WriteHtmlCache Behavior ::run [ RunTime:0.000128s ]
INFO: ShowRuntime Behavior ::run [ RunTime:0.000252s ]
INFO: [ view_filter ] --END-- [ RunTime:0.000978s ]
INFO: [ view_end ] --START--
INFO: ShowPageTrace Behavior ::run [ RunTime:0.000363s ]
INFO: [ view_end ] --END-- [ RunTime:0.000403s ]

[ 2015-04-10T14:49:16+08:00 ] 114.241.191.174 /manager.php/Index/login.html
INFO: [ route_check ] --START--
INFO: CheckRoute Behavior ::run [ RunTime:0.000472s ]
INFO: [ route_check ] --END-- [ RunTime:0.000534s ]
INFO: [ app_begin ] --START--
INFO: ReadHtmlCache Behavior ::run [ RunTime:0.000303s ]
INFO: [ app_begin ] --END-- [ RunTime:0.000345s ]
INFO: [ view_parse ] --START--
INFO: ParseTemplate Behavior ::run [ RunTime:0.004834s ]
INFO: [ view_parse ] --END-- [ RunTime:0.004902s ]
INFO: [ view_filter ] --START--
INFO: ContentReplace Behavior ::run [ RunTime:0.000197s ]
INFO: TokenBuild Behavior ::run [ RunTime:0.000230s ]
INFO: WriteHtmlCache Behavior ::run [ RunTime:0.000127s ]
INFO: ShowRuntime Behavior ::run [ RunTime:0.000247s ]
INFO: [ view_filter ] --END-- [ RunTime:0.000920s ]
INFO: [ view_end ] --START--
INFO: ShowPageTrace Behavior ::run [ RunTime:0.000332s ]
INFO: [ view_end ] --END-- [ RunTime:0.000373s ]

[ 2015-04-10T14:49:17+08:00 ] 114.241.191.174 /manager.php/Index/verify_code.html
INFO: [ route_check ] --START--
INFO: CheckRoute Behavior ::run [ RunTime:0.000475s ]
INFO: [ route_check ] --END-- [ RunTime:0.000531s ]
INFO: [ app_begin ] --START--
INFO: ReadHtmlCache Behavior ::run [ RunTime:0.000299s ]
INFO: [ app_begin ] --END-- [ RunTime:0.000342s ]

[ 2015-04-10T14:49:34+08:00 ] 114.241.191.174 /manager.php/Index/check_code.html
INFO: [ route_check ] --START--
INFO: CheckRoute Behavior ::run [ RunTime:0.000483s ]
INFO: [ route_check ] --END-- [ RunTime:0.000543s ]
INFO: [ app_begin ] --START--
INFO: ReadHtmlCache Behavior ::run [ RunTime:0.000306s ]
INFO: [ app_begin ] --END-- [ RunTime:0.000345s ]

[ 2015-04-10T14:49:36+08:00 ] 114.241.191.174 /manager.php/Index/check_code.html
INFO: [ route_check ] --START--
INFO: CheckRoute Behavior ::run [ RunTime:0.000454s ]
INFO: [ route_check ] --END-- [ RunTime:0.000514s ]
INFO: [ app_begin ] --START--
INFO: ReadHtmlCache Behavior ::run [ RunTime:0.000326s ]
INFO: [ app_begin ] --END-- [ RunTime:0.000363s ]

[ 2015-04-10T14:49:38+08:00 ] 114.241.191.174 /manager.php/Index/check_code.html
INFO: [ route_check ] --START--
INFO: CheckRoute Behavior ::run [ RunTime:0.000474s ]
INFO: [ route_check ] --END-- [ RunTime:0.000535s ]
INFO: [ app_begin ] --START--
INFO: ReadHtmlCache Behavior ::run [ RunTime:0.000295s ]
INFO: [ app_begin ] --END-- [ RunTime:0.000332s ]

[ 2015-04-10T14:49:38+08:00 ] 114.241.191.174 /manager.php/Index/check_code.html
INFO: [ route_check ] --START--
INFO: CheckRoute Behavior ::run [ RunTime:0.000466s ]
INFO: [ route_check ] --END-- [ RunTime:0.000529s ]
INFO: [ app_begin ] --START--
INFO: ReadHtmlCache Behavior ::run [ RunTime:0.000295s ]
INFO: [ app_begin ] --END-- [ RunTime:0.000380s ]

[ 2015-04-10T14:49:38+08:00 ] 114.241.191.174 /manager.php/Index/check_code.html
INFO: [ route_check ] --START--
INFO: CheckRoute Behavior ::run [ RunTime:0.000480s ]
INFO: [ route_check ] --END-- [ RunTime:0.000541s ]
INFO: [ app_begin ] --START--
INFO: ReadHtmlCache Behavior ::run [ RunTime:0.000305s ]
INFO: [ app_begin ] --END-- [ RunTime:0.000342s ]

[ 2015-04-10T14:49:40+08:00 ] 114.241.191.174 /manager.php/Index/login.html
INFO: [ route_check ] --START--
INFO: CheckRoute Behavior ::run [ RunTime:0.000460s ]
INFO: [ route_check ] --END-- [ RunTime:0.000520s ]
INFO: [ app_begin ] --START--
INFO: ReadHtmlCache Behavior ::run [ RunTime:0.000313s ]
INFO: [ app_begin ] --END-- [ RunTime:0.000355s ]
SQL: SHOW COLUMNS FROM `t_public` [ RunTime:0.000515s ]
ERR: 1146:Table 'tangliangdbs.t_public' doesn't exist
 [ SQL语句 ] : SHOW COLUMNS FROM `t_public`
NOTIC: [2] Missing argument 1 for PublicModel::auth(), called in /mnt/b/Admin/Lib/Action/IndexAction.class.php on line 52 and defined /mnt/b/Admin/Lib/Model/PublicModel.class.php 第 5 行.
SQL: SHOW COLUMNS FROM `t_admin` [ RunTime:0.000604s ]
SQL: SELECT COUNT(*) AS tp_count FROM `t_admin` WHERE ( `a_name`='admin' ) LIMIT 1   [ RunTime:0.000192s ]
SQL: SELECT * FROM `t_admin` WHERE ( `a_name`='admin' ) LIMIT 1   [ RunTime:0.000166s ]
NOTIC: [8] Undefined index: op_type /mnt/b/Admin/Lib/Model/PublicModel.class.php 第 21 行.
INFO: [ view_parse ] --START--
INFO: ParseTemplate Behavior ::run [ RunTime:0.005000s ]
INFO: [ view_parse ] --END-- [ RunTime:0.005045s ]
INFO: [ view_filter ] --START--
INFO: ContentReplace Behavior ::run [ RunTime:0.000221s ]
INFO: TokenBuild Behavior ::run [ RunTime:0.000228s ]
INFO: WriteHtmlCache Behavior ::run [ RunTime:0.000127s ]
INFO: ShowRuntime Behavior ::run [ RunTime:0.000246s ]
INFO: [ view_filter ] --END-- [ RunTime:0.000938s ]
INFO: [ view_end ] --START--
INFO: ShowPageTrace Behavior ::run [ RunTime:0.000380s ]
INFO: [ view_end ] --END-- [ RunTime:0.000419s ]

[ 2015-04-10T14:49:40+08:00 ] 114.241.191.174 /manager.php/Index/verify_code.html
INFO: [ route_check ] --START--
INFO: CheckRoute Behavior ::run [ RunTime:0.000450s ]
INFO: [ route_check ] --END-- [ RunTime:0.000510s ]
INFO: [ app_begin ] --START--
INFO: ReadHtmlCache Behavior ::run [ RunTime:0.000320s ]
INFO: [ app_begin ] --END-- [ RunTime:0.000362s ]

[ 2015-04-10T14:49:48+08:00 ] 114.241.191.174 /manager.php/Index/check_code.html
INFO: [ route_check ] --START--
INFO: CheckRoute Behavior ::run [ RunTime:0.000456s ]
INFO: [ route_check ] --END-- [ RunTime:0.000516s ]
INFO: [ app_begin ] --START--
INFO: ReadHtmlCache Behavior ::run [ RunTime:0.000319s ]
INFO: [ app_begin ] --END-- [ RunTime:0.000358s ]

[ 2015-04-10T14:49:50+08:00 ] 114.241.191.174 /manager.php/Index/check_code.html
INFO: [ route_check ] --START--
INFO: CheckRoute Behavior ::run [ RunTime:0.000455s ]
INFO: [ route_check ] --END-- [ RunTime:0.000537s ]
INFO: [ app_begin ] --START--
INFO: ReadHtmlCache Behavior ::run [ RunTime:0.000312s ]
INFO: [ app_begin ] --END-- [ RunTime:0.000352s ]

[ 2015-04-10T14:49:50+08:00 ] 114.241.191.174 /manager.php/Index/check_code.html
INFO: [ route_check ] --START--
INFO: CheckRoute Behavior ::run [ RunTime:0.000472s ]
INFO: [ route_check ] --END-- [ RunTime:0.000533s ]
INFO: [ app_begin ] --START--
INFO: ReadHtmlCache Behavior ::run [ RunTime:0.000293s ]
INFO: [ app_begin ] --END-- [ RunTime:0.000332s ]

[ 2015-04-10T14:49:50+08:00 ] 114.241.191.174 /manager.php/Index/check_code.html
INFO: [ route_check ] --START--
INFO: CheckRoute Behavior ::run [ RunTime:0.000453s ]
INFO: [ route_check ] --END-- [ RunTime:0.000514s ]
INFO: [ app_begin ] --START--
INFO: ReadHtmlCache Behavior ::run [ RunTime:0.000297s ]
INFO: [ app_begin ] --END-- [ RunTime:0.000335s ]

[ 2015-04-10T14:49:51+08:00 ] 114.241.191.174 /manager.php/Index/check_code.html
INFO: [ route_check ] --START--
INFO: CheckRoute Behavior ::run [ RunTime:0.000480s ]
INFO: [ route_check ] --END-- [ RunTime:0.000556s ]
INFO: [ app_begin ] --START--
INFO: ReadHtmlCache Behavior ::run [ RunTime:0.000323s ]
INFO: [ app_begin ] --END-- [ RunTime:0.000362s ]

[ 2015-04-10T14:49:52+08:00 ] 114.241.191.174 /manager.php/Index/login.html
INFO: [ route_check ] --START--
INFO: CheckRoute Behavior ::run [ RunTime:0.000464s ]
INFO: [ route_check ] --END-- [ RunTime:0.000525s ]
INFO: [ app_begin ] --START--
INFO: ReadHtmlCache Behavior ::run [ RunTime:0.000320s ]
INFO: [ app_begin ] --END-- [ RunTime:0.000365s ]
SQL: SHOW COLUMNS FROM `t_public` [ RunTime:0.000474s ]
ERR: 1146:Table 'tangliangdbs.t_public' doesn't exist
 [ SQL语句 ] : SHOW COLUMNS FROM `t_public`
NOTIC: [2] Missing argument 1 for PublicModel::auth(), called in /mnt/b/Admin/Lib/Action/IndexAction.class.php on line 52 and defined /mnt/b/Admin/Lib/Model/PublicModel.class.php 第 5 行.
SQL: SHOW COLUMNS FROM `t_admin` [ RunTime:0.000533s ]
SQL: SELECT COUNT(*) AS tp_count FROM `t_admin` WHERE ( `a_name`='admin' ) LIMIT 1   [ RunTime:0.000183s ]
SQL: SELECT * FROM `t_admin` WHERE ( `a_name`='admin' ) LIMIT 1   [ RunTime:0.000183s ]
NOTIC: [8] Undefined index: op_type /mnt/b/Admin/Lib/Model/PublicModel.class.php 第 21 行.
INFO: [ view_parse ] --START--
INFO: ParseTemplate Behavior ::run [ RunTime:0.005023s ]
INFO: [ view_parse ] --END-- [ RunTime:0.005067s ]
INFO: [ view_filter ] --START--
INFO: ContentReplace Behavior ::run [ RunTime:0.000215s ]
INFO: TokenBuild Behavior ::run [ RunTime:0.000266s ]
INFO: WriteHtmlCache Behavior ::run [ RunTime:0.000133s ]
INFO: ShowRuntime Behavior ::run [ RunTime:0.000245s ]
INFO: [ view_filter ] --END-- [ RunTime:0.000976s ]
INFO: [ view_end ] --START--
INFO: ShowPageTrace Behavior ::run [ RunTime:0.000363s ]
INFO: [ view_end ] --END-- [ RunTime:0.000402s ]

[ 2015-04-10T14:49:52+08:00 ] 114.241.191.174 /manager.php/Index/verify_code.html
INFO: [ route_check ] --START--
INFO: CheckRoute Behavior ::run [ RunTime:0.000493s ]
INFO: [ route_check ] --END-- [ RunTime:0.000551s ]
INFO: [ app_begin ] --START--
INFO: ReadHtmlCache Behavior ::run [ RunTime:0.000293s ]
INFO: [ app_begin ] --END-- [ RunTime:0.000334s ]

[ 2015-04-10T14:49:57+08:00 ] 114.241.191.174 /manager.php/Index/check_code.html
INFO: [ route_check ] --START--
INFO: CheckRoute Behavior ::run [ RunTime:0.000504s ]
INFO: [ route_check ] --END-- [ RunTime:0.000565s ]
INFO: [ app_begin ] --START--
INFO: ReadHtmlCache Behavior ::run [ RunTime:0.000298s ]
INFO: [ app_begin ] --END-- [ RunTime:0.000336s ]

[ 2015-04-10T14:49:57+08:00 ] 114.241.191.174 /manager.php/Index/check_code.html
INFO: [ route_check ] --START--
INFO: CheckRoute Behavior ::run [ RunTime:0.000477s ]
INFO: [ route_check ] --END-- [ RunTime:0.000539s ]
INFO: [ app_begin ] --START--
INFO: ReadHtmlCache Behavior ::run [ RunTime:0.000295s ]
INFO: [ app_begin ] --END-- [ RunTime:0.000334s ]

[ 2015-04-10T14:49:57+08:00 ] 114.241.191.174 /manager.php/Index/check_code.html
INFO: [ route_check ] --START--
INFO: CheckRoute Behavior ::run [ RunTime:0.000460s ]
INFO: [ route_check ] --END-- [ RunTime:0.000520s ]
INFO: [ app_begin ] --START--
INFO: ReadHtmlCache Behavior ::run [ RunTime:0.000320s ]
INFO: [ app_begin ] --END-- [ RunTime:0.000358s ]

[ 2015-04-10T14:49:58+08:00 ] 114.241.191.174 /manager.php/Index/check_code.html
INFO: [ route_check ] --START--
INFO: CheckRoute Behavior ::run [ RunTime:0.000453s ]
INFO: [ route_check ] --END-- [ RunTime:0.000535s ]
INFO: [ app_begin ] --START--
INFO: ReadHtmlCache Behavior ::run [ RunTime:0.000306s ]
INFO: [ app_begin ] --END-- [ RunTime:0.000345s ]

[ 2015-04-10T14:49:59+08:00 ] 114.241.191.174 /manager.php/Index/login.html
INFO: [ route_check ] --START--
INFO: CheckRoute Behavior ::run [ RunTime:0.000482s ]
INFO: [ route_check ] --END-- [ RunTime:0.000543s ]
INFO: [ app_begin ] --START--
INFO: ReadHtmlCache Behavior ::run [ RunTime:0.000310s ]
INFO: [ app_begin ] --END-- [ RunTime:0.000351s ]
SQL: SHOW COLUMNS FROM `t_public` [ RunTime:0.000438s ]
ERR: 1146:Table 'tangliangdbs.t_public' doesn't exist
 [ SQL语句 ] : SHOW COLUMNS FROM `t_public`
NOTIC: [2] Missing argument 1 for PublicModel::auth(), called in /mnt/b/Admin/Lib/Action/IndexAction.class.php on line 52 and defined /mnt/b/Admin/Lib/Model/PublicModel.class.php 第 5 行.
SQL: SHOW COLUMNS FROM `t_admin` [ RunTime:0.000500s ]
SQL: SELECT COUNT(*) AS tp_count FROM `t_admin` WHERE ( `a_name`='admin' ) LIMIT 1   [ RunTime:0.000188s ]
SQL: SELECT * FROM `t_admin` WHERE ( `a_name`='admin' ) LIMIT 1   [ RunTime:0.000163s ]
NOTIC: [8] Undefined index: op_type /mnt/b/Admin/Lib/Model/PublicModel.class.php 第 21 行.
INFO: [ view_parse ] --START--
INFO: ParseTemplate Behavior ::run [ RunTime:0.004992s ]
INFO: [ view_parse ] --END-- [ RunTime:0.005038s ]
INFO: [ view_filter ] --START--
INFO: ContentReplace Behavior ::run [ RunTime:0.000230s ]
INFO: TokenBuild Behavior ::run [ RunTime:0.000228s ]
INFO: WriteHtmlCache Behavior ::run [ RunTime:0.000130s ]
INFO: ShowRuntime Behavior ::run [ RunTime:0.000249s ]
INFO: [ view_filter ] --END-- [ RunTime:0.000975s ]
INFO: [ view_end ] --START--
INFO: ShowPageTrace Behavior ::run [ RunTime:0.000350s ]
INFO: [ view_end ] --END-- [ RunTime:0.000389s ]

[ 2015-04-10T14:49:59+08:00 ] 114.241.191.174 /manager.php/Index/verify_code.html
INFO: [ route_check ] --START--
INFO: CheckRoute Behavior ::run [ RunTime:0.000469s ]
INFO: [ route_check ] --END-- [ RunTime:0.000527s ]
INFO: [ app_begin ] --START--
INFO: ReadHtmlCache Behavior ::run [ RunTime:0.000320s ]
INFO: [ app_begin ] --END-- [ RunTime:0.000360s ]

[ 2015-04-10T14:50:29+08:00 ] 114.241.191.174 /manager.php/Index/login.html
INFO: [ route_check ] --START--
INFO: CheckRoute Behavior ::run [ RunTime:0.000457s ]
INFO: [ route_check ] --END-- [ RunTime:0.000518s ]
INFO: [ app_begin ] --START--
INFO: ReadHtmlCache Behavior ::run [ RunTime:0.000302s ]
INFO: [ app_begin ] --END-- [ RunTime:0.000344s ]
SQL: SHOW COLUMNS FROM `t_public` [ RunTime:0.000462s ]
ERR: 1146:Table 'tangliangdbs.t_public' doesn't exist
 [ SQL语句 ] : SHOW COLUMNS FROM `t_public`
NOTIC: [2] Missing argument 1 for PublicModel::auth(), called in /mnt/b/Admin/Lib/Action/IndexAction.class.php on line 52 and defined /mnt/b/Admin/Lib/Model/PublicModel.class.php 第 5 行.
SQL: SHOW COLUMNS FROM `t_admin` [ RunTime:0.000516s ]
SQL: SELECT COUNT(*) AS tp_count FROM `t_admin` WHERE ( `a_name`='admin' ) LIMIT 1   [ RunTime:0.000207s ]
SQL: SELECT * FROM `t_admin` WHERE ( `a_name`='admin' ) LIMIT 1   [ RunTime:0.000168s ]
NOTIC: [8] Undefined index: op_type /mnt/b/Admin/Lib/Model/PublicModel.class.php 第 21 行.
INFO: [ view_parse ] --START--
INFO: ParseTemplate Behavior ::run [ RunTime:0.004880s ]
INFO: [ view_parse ] --END-- [ RunTime:0.004925s ]
INFO: [ view_filter ] --START--
INFO: ContentReplace Behavior ::run [ RunTime:0.000196s ]
INFO: TokenBuild Behavior ::run [ RunTime:0.000245s ]
INFO: WriteHtmlCache Behavior ::run [ RunTime:0.000135s ]
INFO: ShowRuntime Behavior ::run [ RunTime:0.000243s ]
INFO: [ view_filter ] --END-- [ RunTime:0.000939s ]
INFO: [ view_end ] --START--
INFO: ShowPageTrace Behavior ::run [ RunTime:0.000343s ]
INFO: [ view_end ] --END-- [ RunTime:0.000383s ]

[ 2015-04-10T14:50:29+08:00 ] 114.241.191.174 /manager.php/Index/verify_code.html
INFO: [ route_check ] --START--
INFO: CheckRoute Behavior ::run [ RunTime:0.000460s ]
INFO: [ route_check ] --END-- [ RunTime:0.000515s ]
INFO: [ app_begin ] --START--
INFO: ReadHtmlCache Behavior ::run [ RunTime:0.000289s ]
INFO: [ app_begin ] --END-- [ RunTime:0.000330s ]

[ 2015-04-10T14:50:43+08:00 ] 114.241.191.174 /manager.php/Index/check_code.html
INFO: [ route_check ] --START--
INFO: CheckRoute Behavior ::run [ RunTime:0.000464s ]
INFO: [ route_check ] --END-- [ RunTime:0.000526s ]
INFO: [ app_begin ] --START--
INFO: ReadHtmlCache Behavior ::run [ RunTime:0.000333s ]
INFO: [ app_begin ] --END-- [ RunTime:0.000373s ]

[ 2015-04-10T14:50:45+08:00 ] 114.241.191.174 /manager.php/Index/check_code.html
INFO: [ route_check ] --START--
INFO: CheckRoute Behavior ::run [ RunTime:0.000536s ]
INFO: [ route_check ] --END-- [ RunTime:0.000597s ]
INFO: [ app_begin ] --START--
INFO: ReadHtmlCache Behavior ::run [ RunTime:0.000298s ]
INFO: [ app_begin ] --END-- [ RunTime:0.000337s ]

[ 2015-04-10T14:50:45+08:00 ] 114.241.191.174 /manager.php/Index/check_code.html
INFO: [ route_check ] --START--
INFO: CheckRoute Behavior ::run [ RunTime:0.000478s ]
INFO: [ route_check ] --END-- [ RunTime:0.000538s ]
INFO: [ app_begin ] --START--
INFO: ReadHtmlCache Behavior ::run [ RunTime:0.000312s ]
INFO: [ app_begin ] --END-- [ RunTime:0.000351s ]

[ 2015-04-10T14:50:46+08:00 ] 114.241.191.174 /manager.php/Index/check_code.html
INFO: [ route_check ] --START--
INFO: CheckRoute Behavior ::run [ RunTime:0.000460s ]
INFO: [ route_check ] --END-- [ RunTime:0.000521s ]
INFO: [ app_begin ] --START--
INFO: ReadHtmlCache Behavior ::run [ RunTime:0.000320s ]
INFO: [ app_begin ] --END-- [ RunTime:0.000359s ]

[ 2015-04-10T14:50:46+08:00 ] 114.241.191.174 /manager.php/Index/check_code.html
INFO: [ route_check ] --START--
INFO: CheckRoute Behavior ::run [ RunTime:0.000484s ]
INFO: [ route_check ] --END-- [ RunTime:0.000546s ]
INFO: [ app_begin ] --START--
INFO: ReadHtmlCache Behavior ::run [ RunTime:0.000297s ]
INFO: [ app_begin ] --END-- [ RunTime:0.000335s ]

[ 2015-04-10T14:50:47+08:00 ] 114.241.191.174 /manager.php/Index/login.html
INFO: [ route_check ] --START--
INFO: CheckRoute Behavior ::run [ RunTime:0.000498s ]
INFO: [ route_check ] --END-- [ RunTime:0.000559s ]
INFO: [ app_begin ] --START--
INFO: ReadHtmlCache Behavior ::run [ RunTime:0.000299s ]
INFO: [ app_begin ] --END-- [ RunTime:0.000340s ]
SQL: SHOW COLUMNS FROM `t_public` [ RunTime:0.000434s ]
ERR: 1146:Table 'tangliangdbs.t_public' doesn't exist
 [ SQL语句 ] : SHOW COLUMNS FROM `t_public`
NOTIC: [2] Missing argument 1 for PublicModel::auth(), called in /mnt/b/Admin/Lib/Action/IndexAction.class.php on line 52 and defined /mnt/b/Admin/Lib/Model/PublicModel.class.php 第 5 行.
SQL: SHOW COLUMNS FROM `t_admin` [ RunTime:0.000539s ]
SQL: SELECT COUNT(*) AS tp_count FROM `t_admin` WHERE ( `a_name`='admin' ) LIMIT 1   [ RunTime:0.000181s ]
SQL: SELECT * FROM `t_admin` WHERE ( `a_name`='admin' ) LIMIT 1   [ RunTime:0.000183s ]
NOTIC: [8] Undefined index: op_type /mnt/b/Admin/Lib/Model/PublicModel.class.php 第 21 行.
SQL: UPDATE `t_admin` SET `last_login`=1428648647,`last_ip`='114.241.191.174' WHERE ( a_id=3 ) [ RunTime:0.000218s ]
NOTIC: 建议使用I方法替代_post
SQL: SELECT * FROM `t_admin` WHERE ( `a_name` = 'admin' ) LIMIT 1   [ RunTime:0.000159s ]
SQL: SHOW COLUMNS FROM `t_log` [ RunTime:0.000427s ]
SQL: INSERT INTO `t_log` (`a_id`,`l_content`) VALUES (3,'管理员[admin]于[2015-04-10 14:50:47]登录了[唐亮工长俱乐部]后台管理系统！') [ RunTime:0.000157s ]
INFO: [ view_parse ] --START--
INFO: ParseTemplate Behavior ::run [ RunTime:0.004331s ]
INFO: [ view_parse ] --END-- [ RunTime:0.004377s ]
INFO: [ view_filter ] --START--
INFO: ContentReplace Behavior ::run [ RunTime:0.000213s ]
INFO: TokenBuild Behavior ::run [ RunTime:0.000207s ]
INFO: WriteHtmlCache Behavior ::run [ RunTime:0.000129s ]
INFO: ShowRuntime Behavior ::run [ RunTime:0.000256s ]
INFO: [ view_filter ] --END-- [ RunTime:0.000921s ]
INFO: [ view_end ] --START--
INFO: ShowPageTrace Behavior ::run [ RunTime:0.000376s ]
INFO: [ view_end ] --END-- [ RunTime:0.000416s ]

[ 2015-04-10T14:50:48+08:00 ] 114.241.191.174 /manager.php/Index/index.html
INFO: [ route_check ] --START--
INFO: CheckRoute Behavior ::run [ RunTime:0.000468s ]
INFO: [ route_check ] --END-- [ RunTime:0.000532s ]
INFO: [ app_begin ] --START--
INFO: ReadHtmlCache Behavior ::run [ RunTime:0.000298s ]
INFO: [ app_begin ] --END-- [ RunTime:0.000345s ]
SQL: SHOW COLUMNS FROM `t_node` [ RunTime:0.000803s ]
SQL: SELECT * FROM `t_node` WHERE ( pid=1 and  status=1 and is_menu=1 ) ORDER BY sort asc  [ RunTime:0.000300s ]
SQL: SHOW COLUMNS FROM `t_node` [ RunTime:0.000475s ]
SQL: SELECT `id` FROM `t_node` WHERE ( name='Index' ) LIMIT 1   [ RunTime:0.000163s ]
SQL: SHOW COLUMNS FROM `t_node` [ RunTime:0.000432s ]
SQL: SELECT * FROM `t_node` WHERE ( pid=2 and  status=1 and is_menu=1 ) ORDER BY sort asc  [ RunTime:0.000192s ]
INFO: [ view_parse ] --START--
NOTIC: [8] Use of undefined constant name - assumed 'name' /mnt/b/temp/Admin/Cache/20eabf8d43f497715f3e1a7ec1a2f00f.php 第 45 行.
NOTIC: [8] Use of undefined constant name - assumed 'name' /mnt/b/temp/Admin/Cache/20eabf8d43f497715f3e1a7ec1a2f00f.php 第 45 行.
NOTIC: [8] Use of undefined constant name - assumed 'name' /mnt/b/temp/Admin/Cache/20eabf8d43f497715f3e1a7ec1a2f00f.php 第 45 行.
NOTIC: [8] Use of undefined constant name - assumed 'name' /mnt/b/temp/Admin/Cache/20eabf8d43f497715f3e1a7ec1a2f00f.php 第 45 行.
NOTIC: [8] Use of undefined constant name - assumed 'name' /mnt/b/temp/Admin/Cache/20eabf8d43f497715f3e1a7ec1a2f00f.php 第 101 行.
NOTIC: [8] Use of undefined constant name - assumed 'name' /mnt/b/temp/Admin/Cache/20eabf8d43f497715f3e1a7ec1a2f00f.php 第 101 行.
NOTIC: [8] Undefined variable: caches /mnt/b/temp/Admin/Cache/20eabf8d43f497715f3e1a7ec1a2f00f.php 第 124 行.
INFO: ParseTemplate Behavior ::run [ RunTime:0.009009s ]
INFO: [ view_parse ] --END-- [ RunTime:0.009060s ]
INFO: [ view_filter ] --START--
INFO: ContentReplace Behavior ::run [ RunTime:0.000316s ]
INFO: TokenBuild Behavior ::run [ RunTime:0.000232s ]
INFO: WriteHtmlCache Behavior ::run [ RunTime:0.000131s ]
INFO: ShowRuntime Behavior ::run [ RunTime:0.000299s ]
INFO: [ view_filter ] --END-- [ RunTime:0.001098s ]
INFO: [ view_end ] --START--
INFO: ShowPageTrace Behavior ::run [ RunTime:0.000363s ]
INFO: [ view_end ] --END-- [ RunTime:0.000407s ]

[ 2015-04-10T14:51:23+08:00 ] 114.241.191.174 /manager.php/Index/login.html
INFO: [ route_check ] --START--
INFO: CheckRoute Behavior ::run [ RunTime:0.000495s ]
INFO: [ route_check ] --END-- [ RunTime:0.000557s ]
INFO: [ app_begin ] --START--
INFO: ReadHtmlCache Behavior ::run [ RunTime:0.000297s ]
INFO: [ app_begin ] --END-- [ RunTime:0.000338s ]
SQL: SHOW COLUMNS FROM `t_public` [ RunTime:0.000546s ]
ERR: 1146:Table 'tangliangdbs.t_public' doesn't exist
 [ SQL语句 ] : SHOW COLUMNS FROM `t_public`
NOTIC: [2] Missing argument 1 for PublicModel::auth(), called in /mnt/b/Admin/Lib/Action/IndexAction.class.php on line 52 and defined /mnt/b/Admin/Lib/Model/PublicModel.class.php 第 5 行.
SQL: SHOW COLUMNS FROM `t_admin` [ RunTime:0.000542s ]
SQL: SELECT COUNT(*) AS tp_count FROM `t_admin` WHERE ( `a_name`='admin' ) LIMIT 1   [ RunTime:0.000203s ]
SQL: SELECT * FROM `t_admin` WHERE ( `a_name`='admin' ) LIMIT 1   [ RunTime:0.000174s ]
NOTIC: [8] Undefined index: op_type /mnt/b/Admin/Lib/Model/PublicModel.class.php 第 21 行.
SQL: UPDATE `t_admin` SET `last_login`=1428648683,`last_ip`='114.241.191.174' WHERE ( a_id=3 ) [ RunTime:0.000206s ]
NOTIC: 建议使用I方法替代_post
SQL: SELECT * FROM `t_admin` WHERE ( `a_name` = 'admin' ) LIMIT 1   [ RunTime:0.000161s ]
SQL: SHOW COLUMNS FROM `t_log` [ RunTime:0.000346s ]
SQL: INSERT INTO `t_log` (`a_id`,`l_content`) VALUES (3,'管理员[admin]于[2015-04-10 14:51:23]登录了[唐亮工长俱乐部]后台管理系统！') [ RunTime:0.000154s ]
INFO: [ view_parse ] --START--
INFO: ParseTemplate Behavior ::run [ RunTime:0.004452s ]
INFO: [ view_parse ] --END-- [ RunTime:0.004505s ]
INFO: [ view_filter ] --START--
INFO: ContentReplace Behavior ::run [ RunTime:0.000195s ]
INFO: TokenBuild Behavior ::run [ RunTime:0.000206s ]
INFO: WriteHtmlCache Behavior ::run [ RunTime:0.000166s ]
INFO: ShowRuntime Behavior ::run [ RunTime:0.000257s ]
INFO: [ view_filter ] --END-- [ RunTime:0.000946s ]
INFO: [ view_end ] --START--
INFO: ShowPageTrace Behavior ::run [ RunTime:0.000360s ]
INFO: [ view_end ] --END-- [ RunTime:0.000400s ]

[ 2015-04-10T14:51:24+08:00 ] 114.241.191.174 /manager.php/Index/index.html
INFO: [ route_check ] --START--
INFO: CheckRoute Behavior ::run [ RunTime:0.000447s ]
INFO: [ route_check ] --END-- [ RunTime:0.000509s ]
INFO: [ app_begin ] --START--
INFO: ReadHtmlCache Behavior ::run [ RunTime:0.000319s ]
INFO: [ app_begin ] --END-- [ RunTime:0.000361s ]
SQL: SHOW COLUMNS FROM `t_node` [ RunTime:0.000715s ]
SQL: SELECT * FROM `t_node` WHERE ( pid=1 and  status=1 and is_menu=1 ) ORDER BY sort asc  [ RunTime:0.000311s ]
SQL: SHOW COLUMNS FROM `t_node` [ RunTime:0.000415s ]
SQL: SELECT `id` FROM `t_node` WHERE ( name='Index' ) LIMIT 1   [ RunTime:0.000163s ]
SQL: SHOW COLUMNS FROM `t_node` [ RunTime:0.000403s ]
SQL: SELECT * FROM `t_node` WHERE ( pid=2 and  status=1 and is_menu=1 ) ORDER BY sort asc  [ RunTime:0.000212s ]
INFO: [ view_parse ] --START--
NOTIC: [8] Use of undefined constant name - assumed 'name' /mnt/b/temp/Admin/Cache/20eabf8d43f497715f3e1a7ec1a2f00f.php 第 45 行.
NOTIC: [8] Use of undefined constant name - assumed 'name' /mnt/b/temp/Admin/Cache/20eabf8d43f497715f3e1a7ec1a2f00f.php 第 45 行.
NOTIC: [8] Use of undefined constant name - assumed 'name' /mnt/b/temp/Admin/Cache/20eabf8d43f497715f3e1a7ec1a2f00f.php 第 45 行.
NOTIC: [8] Use of undefined constant name - assumed 'name' /mnt/b/temp/Admin/Cache/20eabf8d43f497715f3e1a7ec1a2f00f.php 第 45 行.
NOTIC: [8] Use of undefined constant name - assumed 'name' /mnt/b/temp/Admin/Cache/20eabf8d43f497715f3e1a7ec1a2f00f.php 第 101 行.
NOTIC: [8] Use of undefined constant name - assumed 'name' /mnt/b/temp/Admin/Cache/20eabf8d43f497715f3e1a7ec1a2f00f.php 第 101 行.
NOTIC: [8] Undefined variable: caches /mnt/b/temp/Admin/Cache/20eabf8d43f497715f3e1a7ec1a2f00f.php 第 124 行.
INFO: ParseTemplate Behavior ::run [ RunTime:0.008613s ]
INFO: [ view_parse ] --END-- [ RunTime:0.008653s ]
INFO: [ view_filter ] --START--
INFO: ContentReplace Behavior ::run [ RunTime:0.000227s ]
INFO: TokenBuild Behavior ::run [ RunTime:0.000225s ]
INFO: WriteHtmlCache Behavior ::run [ RunTime:0.000125s ]
INFO: ShowRuntime Behavior ::run [ RunTime:0.000238s ]
INFO: [ view_filter ] --END-- [ RunTime:0.000928s ]
INFO: [ view_end ] --START--
INFO: ShowPageTrace Behavior ::run [ RunTime:0.000352s ]
INFO: [ view_end ] --END-- [ RunTime:0.000395s ]

[ 2015-04-10T14:51:50+08:00 ] 114.241.191.174 /manager.php/Zxgl/index.html
INFO: [ route_check ] --START--
INFO: CheckRoute Behavior ::run [ RunTime:0.000504s ]
INFO: [ route_check ] --END-- [ RunTime:0.000565s ]
INFO: [ app_begin ] --START--
INFO: ReadHtmlCache Behavior ::run [ RunTime:0.000295s ]
INFO: [ app_begin ] --END-- [ RunTime:0.000336s ]
SQL: SHOW COLUMNS FROM `t_node` [ RunTime:0.000667s ]
SQL: SELECT * FROM `t_node` WHERE ( pid=1 and  status=1 and is_menu=1 ) ORDER BY sort asc  [ RunTime:0.000300s ]
SQL: SHOW COLUMNS FROM `t_node` [ RunTime:0.000413s ]
SQL: SELECT `id` FROM `t_node` WHERE ( name='Zxgl' ) LIMIT 1   [ RunTime:0.000162s ]
SQL: SHOW COLUMNS FROM `t_node` [ RunTime:0.000431s ]
SQL: SELECT * FROM `t_node` WHERE ( pid=53 and  status=1 and is_menu=1 ) ORDER BY sort asc  [ RunTime:0.000187s ]
SQL: SHOW COLUMNS FROM `t_zxrj` [ RunTime:0.000609s ]
NOTIC: [8] Undefined variable: map /mnt/b/Admin/Lib/Action/ZxglAction.class.php 第 14 行.
SQL: SELECT COUNT(*) AS tp_count FROM `t_zxrj` LIMIT 1   [ RunTime:0.000193s ]
NOTIC: [8] Undefined variable: map /mnt/b/Admin/Lib/Action/ZxglAction.class.php 第 18 行.
SQL: SELECT * FROM `t_zxrj` ORDER BY id desc  [ RunTime:0.000161s ]
INFO: [ view_parse ] --START--
NOTIC: [8] Use of undefined constant name - assumed 'name' /mnt/b/temp/Admin/Cache/924ce0e70375d9cf19bb9e1f783095fb.php 第 85 行.
NOTIC: [8] Use of undefined constant name - assumed 'name' /mnt/b/temp/Admin/Cache/924ce0e70375d9cf19bb9e1f783095fb.php 第 85 行.
NOTIC: [8] Use of undefined constant name - assumed 'name' /mnt/b/temp/Admin/Cache/924ce0e70375d9cf19bb9e1f783095fb.php 第 85 行.
NOTIC: [8] Use of undefined constant name - assumed 'name' /mnt/b/temp/Admin/Cache/924ce0e70375d9cf19bb9e1f783095fb.php 第 85 行.
NOTIC: [8] Use of undefined constant name - assumed 'name' /mnt/b/temp/Admin/Cache/924ce0e70375d9cf19bb9e1f783095fb.php 第 141 行.
NOTIC: [8] Undefined index: truename /mnt/b/temp/Admin/Cache/924ce0e70375d9cf19bb9e1f783095fb.php 第 192 行.
NOTIC: [8] Use of undefined constant a_id - assumed 'a_id' /mnt/b/temp/Admin/Cache/924ce0e70375d9cf19bb9e1f783095fb.php 第 192 行.
NOTIC: [8] Undefined index: a_id /mnt/b/temp/Admin/Cache/924ce0e70375d9cf19bb9e1f783095fb.php 第 192 行.
NOTIC: [8] Undefined index: truename /mnt/b/temp/Admin/Cache/924ce0e70375d9cf19bb9e1f783095fb.php 第 192 行.
NOTIC: [8] Use of undefined constant a_id - assumed 'a_id' /mnt/b/temp/Admin/Cache/924ce0e70375d9cf19bb9e1f783095fb.php 第 192 行.
NOTIC: [8] Undefined index: a_id /mnt/b/temp/Admin/Cache/924ce0e70375d9cf19bb9e1f783095fb.php 第 192 行.
NOTIC: [8] Undefined variable: year /mnt/b/temp/Admin/Cache/924ce0e70375d9cf19bb9e1f783095fb.php 第 258 行.
NOTIC: [8] Undefined variable: month /mnt/b/temp/Admin/Cache/924ce0e70375d9cf19bb9e1f783095fb.php 第 262 行.
NOTIC: [8] Undefined variable: day /mnt/b/temp/Admin/Cache/924ce0e70375d9cf19bb9e1f783095fb.php 第 265 行.
NOTIC: [8] Undefined variable: pro_list /mnt/b/temp/Admin/Cache/924ce0e70375d9cf19bb9e1f783095fb.php 第 272 行.
NOTIC: [8] Undefined variable: month /mnt/b/temp/Admin/Cache/924ce0e70375d9cf19bb9e1f783095fb.php 第 370 行.
NOTIC: [8] Undefined variable: day /mnt/b/temp/Admin/Cache/924ce0e70375d9cf19bb9e1f783095fb.php 第 373 行.
NOTIC: [8] Undefined variable: pro_list /mnt/b/temp/Admin/Cache/924ce0e70375d9cf19bb9e1f783095fb.php 第 380 行.
NOTIC: [8] Undefined variable: year /mnt/b/temp/Admin/Cache/924ce0e70375d9cf19bb9e1f783095fb.php 第 572 行.
INFO: ParseTemplate Behavior ::run [ RunTime:0.016997s ]
INFO: [ view_parse ] --END-- [ RunTime:0.017037s ]
INFO: [ view_filter ] --START--
INFO: ContentReplace Behavior ::run [ RunTime:0.000273s ]
INFO: TokenBuild Behavior ::run [ RunTime:0.000287s ]
INFO: WriteHtmlCache Behavior ::run [ RunTime:0.000126s ]
INFO: ShowRuntime Behavior ::run [ RunTime:0.000250s ]
INFO: [ view_filter ] --END-- [ RunTime:0.001052s ]
INFO: [ view_end ] --START--
INFO: ShowPageTrace Behavior ::run [ RunTime:0.000337s ]
INFO: [ view_end ] --END-- [ RunTime:0.000381s ]

[ 2015-04-10T14:51:56+08:00 ] 114.241.191.174 /manager.php/Zxgl/index.html
INFO: [ route_check ] --START--
INFO: CheckRoute Behavior ::run [ RunTime:0.000475s ]
INFO: [ route_check ] --END-- [ RunTime:0.000537s ]
INFO: [ app_begin ] --START--
INFO: ReadHtmlCache Behavior ::run [ RunTime:0.000294s ]
INFO: [ app_begin ] --END-- [ RunTime:0.000336s ]
SQL: SHOW COLUMNS FROM `t_node` [ RunTime:0.000664s ]
SQL: SELECT * FROM `t_node` WHERE ( pid=1 and  status=1 and is_menu=1 ) ORDER BY sort asc  [ RunTime:0.000293s ]
SQL: SHOW COLUMNS FROM `t_node` [ RunTime:0.000441s ]
SQL: SELECT `id` FROM `t_node` WHERE ( name='Zxgl' ) LIMIT 1   [ RunTime:0.000168s ]
SQL: SHOW COLUMNS FROM `t_node` [ RunTime:0.000425s ]
SQL: SELECT * FROM `t_node` WHERE ( pid=53 and  status=1 and is_menu=1 ) ORDER BY sort asc  [ RunTime:0.000187s ]
SQL: SHOW COLUMNS FROM `t_zxrj` [ RunTime:0.000554s ]
NOTIC: [8] Undefined variable: map /mnt/b/Admin/Lib/Action/ZxglAction.class.php 第 14 行.
SQL: SELECT COUNT(*) AS tp_count FROM `t_zxrj` LIMIT 1   [ RunTime:0.000183s ]
NOTIC: [8] Undefined variable: map /mnt/b/Admin/Lib/Action/ZxglAction.class.php 第 18 行.
SQL: SELECT * FROM `t_zxrj` ORDER BY id desc  [ RunTime:0.000167s ]
INFO: [ view_parse ] --START--
NOTIC: [8] Use of undefined constant name - assumed 'name' /mnt/b/temp/Admin/Cache/924ce0e70375d9cf19bb9e1f783095fb.php 第 85 行.
NOTIC: [8] Use of undefined constant name - assumed 'name' /mnt/b/temp/Admin/Cache/924ce0e70375d9cf19bb9e1f783095fb.php 第 85 行.
NOTIC: [8] Use of undefined constant name - assumed 'name' /mnt/b/temp/Admin/Cache/924ce0e70375d9cf19bb9e1f783095fb.php 第 85 行.
NOTIC: [8] Use of undefined constant name - assumed 'name' /mnt/b/temp/Admin/Cache/924ce0e70375d9cf19bb9e1f783095fb.php 第 85 行.
NOTIC: [8] Use of undefined constant name - assumed 'name' /mnt/b/temp/Admin/Cache/924ce0e70375d9cf19bb9e1f783095fb.php 第 141 行.
NOTIC: [8] Undefined index: truename /mnt/b/temp/Admin/Cache/924ce0e70375d9cf19bb9e1f783095fb.php 第 192 行.
NOTIC: [8] Use of undefined constant a_id - assumed 'a_id' /mnt/b/temp/Admin/Cache/924ce0e70375d9cf19bb9e1f783095fb.php 第 192 行.
NOTIC: [8] Undefined index: a_id /mnt/b/temp/Admin/Cache/924ce0e70375d9cf19bb9e1f783095fb.php 第 192 行.
NOTIC: [8] Undefined index: truename /mnt/b/temp/Admin/Cache/924ce0e70375d9cf19bb9e1f783095fb.php 第 192 行.
NOTIC: [8] Use of undefined constant a_id - assumed 'a_id' /mnt/b/temp/Admin/Cache/924ce0e70375d9cf19bb9e1f783095fb.php 第 192 行.
NOTIC: [8] Undefined index: a_id /mnt/b/temp/Admin/Cache/924ce0e70375d9cf19bb9e1f783095fb.php 第 192 行.
NOTIC: [8] Undefined variable: year /mnt/b/temp/Admin/Cache/924ce0e70375d9cf19bb9e1f783095fb.php 第 258 行.
NOTIC: [8] Undefined variable: month /mnt/b/temp/Admin/Cache/924ce0e70375d9cf19bb9e1f783095fb.php 第 262 行.
NOTIC: [8] Undefined variable: day /mnt/b/temp/Admin/Cache/924ce0e70375d9cf19bb9e1f783095fb.php 第 265 行.
NOTIC: [8] Undefined variable: pro_list /mnt/b/temp/Admin/Cache/924ce0e70375d9cf19bb9e1f783095fb.php 第 272 行.
NOTIC: [8] Undefined variable: month /mnt/b/temp/Admin/Cache/924ce0e70375d9cf19bb9e1f783095fb.php 第 370 行.
NOTIC: [8] Undefined variable: day /mnt/b/temp/Admin/Cache/924ce0e70375d9cf19bb9e1f783095fb.php 第 373 行.
NOTIC: [8] Undefined variable: pro_list /mnt/b/temp/Admin/Cache/924ce0e70375d9cf19bb9e1f783095fb.php 第 380 行.
NOTIC: [8] Undefined variable: year /mnt/b/temp/Admin/Cache/924ce0e70375d9cf19bb9e1f783095fb.php 第 572 行.
INFO: ParseTemplate Behavior ::run [ RunTime:0.016814s ]
INFO: [ view_parse ] --END-- [ RunTime:0.016854s ]
INFO: [ view_filter ] --START--
INFO: ContentReplace Behavior ::run [ RunTime:0.000246s ]
INFO: TokenBuild Behavior ::run [ RunTime:0.000278s ]
INFO: WriteHtmlCache Behavior ::run [ RunTime:0.000147s ]
INFO: ShowRuntime Behavior ::run [ RunTime:0.000256s ]
INFO: [ view_filter ] --END-- [ RunTime:0.001049s ]
INFO: [ view_end ] --START--
INFO: ShowPageTrace Behavior ::run [ RunTime:0.000351s ]
INFO: [ view_end ] --END-- [ RunTime:0.000396s ]

[ 2015-04-10T14:51:57+08:00 ] 114.241.191.174 /manager.php/Index/index.html
INFO: [ route_check ] --START--
INFO: CheckRoute Behavior ::run [ RunTime:0.000490s ]
INFO: [ route_check ] --END-- [ RunTime:0.000637s ]
INFO: [ app_begin ] --START--
INFO: ReadHtmlCache Behavior ::run [ RunTime:0.000296s ]
INFO: [ app_begin ] --END-- [ RunTime:0.000336s ]
SQL: SHOW COLUMNS FROM `t_node` [ RunTime:0.000697s ]
SQL: SELECT * FROM `t_node` WHERE ( pid=1 and  status=1 and is_menu=1 ) ORDER BY sort asc  [ RunTime:0.000321s ]
SQL: SHOW COLUMNS FROM `t_node` [ RunTime:0.000414s ]
SQL: SELECT `id` FROM `t_node` WHERE ( name='Index' ) LIMIT 1   [ RunTime:0.000184s ]
SQL: SHOW COLUMNS FROM `t_node` [ RunTime:0.000403s ]
SQL: SELECT * FROM `t_node` WHERE ( pid=2 and  status=1 and is_menu=1 ) ORDER BY sort asc  [ RunTime:0.000225s ]
INFO: [ view_parse ] --START--
NOTIC: [8] Use of undefined constant name - assumed 'name' /mnt/b/temp/Admin/Cache/20eabf8d43f497715f3e1a7ec1a2f00f.php 第 45 行.
NOTIC: [8] Use of undefined constant name - assumed 'name' /mnt/b/temp/Admin/Cache/20eabf8d43f497715f3e1a7ec1a2f00f.php 第 45 行.
NOTIC: [8] Use of undefined constant name - assumed 'name' /mnt/b/temp/Admin/Cache/20eabf8d43f497715f3e1a7ec1a2f00f.php 第 45 行.
NOTIC: [8] Use of undefined constant name - assumed 'name' /mnt/b/temp/Admin/Cache/20eabf8d43f497715f3e1a7ec1a2f00f.php 第 45 行.
NOTIC: [8] Use of undefined constant name - assumed 'name' /mnt/b/temp/Admin/Cache/20eabf8d43f497715f3e1a7ec1a2f00f.php 第 101 行.
NOTIC: [8] Use of undefined constant name - assumed 'name' /mnt/b/temp/Admin/Cache/20eabf8d43f497715f3e1a7ec1a2f00f.php 第 101 行.
NOTIC: [8] Undefined variable: caches /mnt/b/temp/Admin/Cache/20eabf8d43f497715f3e1a7ec1a2f00f.php 第 124 行.
INFO: ParseTemplate Behavior ::run [ RunTime:0.008868s ]
INFO: [ view_parse ] --END-- [ RunTime:0.008910s ]
INFO: [ view_filter ] --START--
INFO: ContentReplace Behavior ::run [ RunTime:0.000207s ]
INFO: TokenBuild Behavior ::run [ RunTime:0.000227s ]
INFO: WriteHtmlCache Behavior ::run [ RunTime:0.000135s ]
INFO: ShowRuntime Behavior ::run [ RunTime:0.000262s ]
INFO: [ view_filter ] --END-- [ RunTime:0.000954s ]
INFO: [ view_end ] --START--
INFO: ShowPageTrace Behavior ::run [ RunTime:0.000346s ]
INFO: [ view_end ] --END-- [ RunTime:0.000388s ]

[ 2015-04-10T14:51:59+08:00 ] 114.241.191.174 /manager.php/Access/index.html
INFO: [ route_check ] --START--
INFO: CheckRoute Behavior ::run [ RunTime:0.000452s ]
INFO: [ route_check ] --END-- [ RunTime:0.000524s ]
INFO: [ app_begin ] --START--
INFO: ReadHtmlCache Behavior ::run [ RunTime:0.000326s ]
INFO: [ app_begin ] --END-- [ RunTime:0.000369s ]
SQL: SHOW COLUMNS FROM `t_node` [ RunTime:0.000676s ]
SQL: SELECT * FROM `t_node` WHERE ( pid=1 and  status=1 and is_menu=1 ) ORDER BY sort asc  [ RunTime:0.000327s ]
SQL: SHOW COLUMNS FROM `t_node` [ RunTime:0.000416s ]
SQL: SELECT `id` FROM `t_node` WHERE ( name='Access' ) LIMIT 1   [ RunTime:0.000155s ]
SQL: SHOW COLUMNS FROM `t_node` [ RunTime:0.000405s ]
SQL: SELECT * FROM `t_node` WHERE ( pid=14 and  status=1 and is_menu=1 ) ORDER BY sort asc  [ RunTime:0.000209s ]
SQL: SHOW COLUMNS FROM `t_access` [ RunTime:0.000448s ]
SQL: SHOW COLUMNS FROM `t_admin` [ RunTime:0.000431s ]
SQL: SELECT * FROM `t_admin`  [ RunTime:0.000181s ]
INFO: [ view_parse ] --START--
NOTIC: [8] Use of undefined constant name - assumed 'name' /mnt/b/temp/Admin/Cache/e4cb68fd27fba17230f88efa6a7f1013.php 第 45 行.
NOTIC: [8] Use of undefined constant name - assumed 'name' /mnt/b/temp/Admin/Cache/e4cb68fd27fba17230f88efa6a7f1013.php 第 45 行.
NOTIC: [8] Use of undefined constant name - assumed 'name' /mnt/b/temp/Admin/Cache/e4cb68fd27fba17230f88efa6a7f1013.php 第 45 行.
NOTIC: [8] Use of undefined constant name - assumed 'name' /mnt/b/temp/Admin/Cache/e4cb68fd27fba17230f88efa6a7f1013.php 第 45 行.
NOTIC: [8] Use of undefined constant name - assumed 'name' /mnt/b/temp/Admin/Cache/e4cb68fd27fba17230f88efa6a7f1013.php 第 101 行.
NOTIC: [8] Use of undefined constant name - assumed 'name' /mnt/b/temp/Admin/Cache/e4cb68fd27fba17230f88efa6a7f1013.php 第 101 行.
NOTIC: [8] Use of undefined constant name - assumed 'name' /mnt/b/temp/Admin/Cache/e4cb68fd27fba17230f88efa6a7f1013.php 第 101 行.
NOTIC: [8] Use of undefined constant name - assumed 'name' /mnt/b/temp/Admin/Cache/e4cb68fd27fba17230f88efa6a7f1013.php 第 101 行.
NOTIC: [8] Use of undefined constant name - assumed 'name' /mnt/b/temp/Admin/Cache/e4cb68fd27fba17230f88efa6a7f1013.php 第 101 行.
NOTIC: [8] Use of undefined constant name - assumed 'name' /mnt/b/temp/Admin/Cache/e4cb68fd27fba17230f88efa6a7f1013.php 第 101 行.
NOTIC: [8] Use of undefined constant a_id - assumed 'a_id' /mnt/b/temp/Admin/Cache/e4cb68fd27fba17230f88efa6a7f1013.php 第 137 行.
NOTIC: [8] Use of undefined constant a_id - assumed 'a_id' /mnt/b/temp/Admin/Cache/e4cb68fd27fba17230f88efa6a7f1013.php 第 137 行.
NOTIC: [8] Use of undefined constant a_id - assumed 'a_id' /mnt/b/temp/Admin/Cache/e4cb68fd27fba17230f88efa6a7f1013.php 第 137 行.
INFO: ParseTemplate Behavior ::run [ RunTime:0.010119s ]
INFO: [ view_parse ] --END-- [ RunTime:0.010169s ]
INFO: [ view_filter ] --START--
INFO: ContentReplace Behavior ::run [ RunTime:0.000226s ]
INFO: TokenBuild Behavior ::run [ RunTime:0.000229s ]
INFO: WriteHtmlCache Behavior ::run [ RunTime:0.000147s ]
INFO: ShowRuntime Behavior ::run [ RunTime:0.000249s ]
INFO: [ view_filter ] --END-- [ RunTime:0.000968s ]
INFO: [ view_end ] --START--
INFO: ShowPageTrace Behavior ::run [ RunTime:0.000361s ]
INFO: [ view_end ] --END-- [ RunTime:0.000403s ]

[ 2015-04-10T14:52:07+08:00 ] 114.241.191.174 /manager.php/Access/ins/aid/3.html
INFO: [ route_check ] --START--
INFO: CheckRoute Behavior ::run [ RunTime:0.000457s ]
INFO: [ route_check ] --END-- [ RunTime:0.000518s ]
INFO: [ app_begin ] --START--
INFO: ReadHtmlCache Behavior ::run [ RunTime:0.000321s ]
INFO: [ app_begin ] --END-- [ RunTime:0.000363s ]
SQL: SHOW COLUMNS FROM `t_node` [ RunTime:0.000705s ]
SQL: SELECT * FROM `t_node` WHERE ( pid=1 and  status=1 and is_menu=1 ) ORDER BY sort asc  [ RunTime:0.000292s ]
SQL: SHOW COLUMNS FROM `t_node` [ RunTime:0.000450s ]
SQL: SELECT `id` FROM `t_node` WHERE ( name='Access' ) LIMIT 1   [ RunTime:0.000158s ]
SQL: SHOW COLUMNS FROM `t_node` [ RunTime:0.000431s ]
SQL: SELECT * FROM `t_node` WHERE ( pid=14 and  status=1 and is_menu=1 ) ORDER BY sort asc  [ RunTime:0.000211s ]
SQL: SHOW COLUMNS FROM `t_admininfo1` [ RunTime:0.000301s ]
ERR: 1146:Table 'tangliangdbs.t_admininfo1' doesn't exist
 [ SQL语句 ] : SHOW COLUMNS FROM `t_admininfo1`
SQL: SHOW COLUMNS FROM `t_admininfoview` [ RunTime:0.013827s ]
SQL: SELECT * FROM `t_admininfoview` WHERE ( a_id=3 ) LIMIT 1   [ RunTime:0.027684s ]
INFO: [ view_parse ] --START--
NOTIC: [8] Use of undefined constant name - assumed 'name' /mnt/b/temp/Admin/Cache/3eac9347d2622ff8a40d6887ab549114.php 第 40 行.
NOTIC: [8] Use of undefined constant name - assumed 'name' /mnt/b/temp/Admin/Cache/3eac9347d2622ff8a40d6887ab549114.php 第 40 行.
NOTIC: [8] Use of undefined constant name - assumed 'name' /mnt/b/temp/Admin/Cache/3eac9347d2622ff8a40d6887ab549114.php 第 40 行.
NOTIC: [8] Use of undefined constant name - assumed 'name' /mnt/b/temp/Admin/Cache/3eac9347d2622ff8a40d6887ab549114.php 第 40 行.
NOTIC: [8] Use of undefined constant name - assumed 'name' /mnt/b/temp/Admin/Cache/3eac9347d2622ff8a40d6887ab549114.php 第 96 行.
NOTIC: [8] Use of undefined constant name - assumed 'name' /mnt/b/temp/Admin/Cache/3eac9347d2622ff8a40d6887ab549114.php 第 96 行.
NOTIC: [8] Use of undefined constant name - assumed 'name' /mnt/b/temp/Admin/Cache/3eac9347d2622ff8a40d6887ab549114.php 第 96 行.
NOTIC: [8] Use of undefined constant name - assumed 'name' /mnt/b/temp/Admin/Cache/3eac9347d2622ff8a40d6887ab549114.php 第 96 行.
NOTIC: [8] Use of undefined constant name - assumed 'name' /mnt/b/temp/Admin/Cache/3eac9347d2622ff8a40d6887ab549114.php 第 96 行.
NOTIC: [8] Use of undefined constant name - assumed 'name' /mnt/b/temp/Admin/Cache/3eac9347d2622ff8a40d6887ab549114.php 第 96 行.
NOTIC: [8] Use of undefined constant a_telphone - assumed 'a_telphone' /mnt/b/temp/Admin/Cache/3eac9347d2622ff8a40d6887ab549114.php 第 146 行.
NOTIC: [8] Use of undefined constant a_address - assumed 'a_address' /mnt/b/temp/Admin/Cache/3eac9347d2622ff8a40d6887ab549114.php 第 150 行.
NOTIC: [8] Use of undefined constant a_qq - assumed 'a_qq' /mnt/b/temp/Admin/Cache/3eac9347d2622ff8a40d6887ab549114.php 第 154 行.
NOTIC: [8] Use of undefined constant a_zhiwei - assumed 'a_zhiwei' /mnt/b/temp/Admin/Cache/3eac9347d2622ff8a40d6887ab549114.php 第 158 行.
NOTIC: [8] Use of undefined constant a_email - assumed 'a_email' /mnt/b/temp/Admin/Cache/3eac9347d2622ff8a40d6887ab549114.php 第 162 行.
INFO: ParseTemplate Behavior ::run [ RunTime:0.029614s ]
INFO: [ view_parse ] --END-- [ RunTime:0.029657s ]
INFO: [ view_filter ] --START--
INFO: ContentReplace Behavior ::run [ RunTime:0.000204s ]
INFO: TokenBuild Behavior ::run [ RunTime:0.000258s ]
INFO: WriteHtmlCache Behavior ::run [ RunTime:0.000127s ]
INFO: ShowRuntime Behavior ::run [ RunTime:0.000263s ]
INFO: [ view_filter ] --END-- [ RunTime:0.000968s ]
INFO: [ view_end ] --START--
INFO: ShowPageTrace Behavior ::run [ RunTime:0.000350s ]
INFO: [ view_end ] --END-- [ RunTime:0.000393s ]

[ 2015-04-10T14:52:17+08:00 ] 114.241.191.174 /manager.php/Access/nodelist.html
INFO: [ route_check ] --START--
INFO: CheckRoute Behavior ::run [ RunTime:0.000488s ]
INFO: [ route_check ] --END-- [ RunTime:0.000551s ]
INFO: [ app_begin ] --START--
INFO: ReadHtmlCache Behavior ::run [ RunTime:0.000320s ]
INFO: [ app_begin ] --END-- [ RunTime:0.000361s ]
SQL: SHOW COLUMNS FROM `t_node` [ RunTime:0.000656s ]
SQL: SELECT * FROM `t_node` WHERE ( pid=1 and  status=1 and is_menu=1 ) ORDER BY sort asc  [ RunTime:0.000309s ]
SQL: SHOW COLUMNS FROM `t_node` [ RunTime:0.000444s ]
SQL: SELECT `id` FROM `t_node` WHERE ( name='Access' ) LIMIT 1   [ RunTime:0.000164s ]
SQL: SHOW COLUMNS FROM `t_node` [ RunTime:0.000433s ]
SQL: SELECT * FROM `t_node` WHERE ( pid=14 and  status=1 and is_menu=1 ) ORDER BY sort asc  [ RunTime:0.000224s ]
SQL: SHOW COLUMNS FROM `t_access` [ RunTime:0.000423s ]
SQL: SHOW COLUMNS FROM `t_node` [ RunTime:0.000418s ]
SQL: SELECT * FROM `t_node`  [ RunTime:0.000199s ]
INFO: [ view_parse ] --START--
NOTIC: [8] Use of undefined constant name - assumed 'name' /mnt/b/temp/Admin/Cache/dbf44f2091c4ffebd2e1103c11fe3e3b.php 第 42 行.
NOTIC: [8] Use of undefined constant name - assumed 'name' /mnt/b/temp/Admin/Cache/dbf44f2091c4ffebd2e1103c11fe3e3b.php 第 42 行.
NOTIC: [8] Use of undefined constant name - assumed 'name' /mnt/b/temp/Admin/Cache/dbf44f2091c4ffebd2e1103c11fe3e3b.php 第 42 行.
NOTIC: [8] Use of undefined constant name - assumed 'name' /mnt/b/temp/Admin/Cache/dbf44f2091c4ffebd2e1103c11fe3e3b.php 第 42 行.
NOTIC: [8] Use of undefined constant name - assumed 'name' /mnt/b/temp/Admin/Cache/dbf44f2091c4ffebd2e1103c11fe3e3b.php 第 96 行.
NOTIC: [8] Use of undefined constant name - assumed 'name' /mnt/b/temp/Admin/Cache/dbf44f2091c4ffebd2e1103c11fe3e3b.php 第 96 行.
NOTIC: [8] Use of undefined constant name - assumed 'name' /mnt/b/temp/Admin/Cache/dbf44f2091c4ffebd2e1103c11fe3e3b.php 第 96 行.
NOTIC: [8] Use of undefined constant name - assumed 'name' /mnt/b/temp/Admin/Cache/dbf44f2091c4ffebd2e1103c11fe3e3b.php 第 96 行.
NOTIC: [8] Use of undefined constant name - assumed 'name' /mnt/b/temp/Admin/Cache/dbf44f2091c4ffebd2e1103c11fe3e3b.php 第 96 行.
NOTIC: [8] Use of undefined constant name - assumed 'name' /mnt/b/temp/Admin/Cache/dbf44f2091c4ffebd2e1103c11fe3e3b.php 第 96 行.
INFO: ParseTemplate Behavior ::run [ RunTime:0.021122s ]
INFO: [ view_parse ] --END-- [ RunTime:0.021168s ]
INFO: [ view_filter ] --START--
INFO: ContentReplace Behavior ::run [ RunTime:0.000296s ]
INFO: TokenBuild Behavior ::run [ RunTime:0.000353s ]
INFO: WriteHtmlCache Behavior ::run [ RunTime:0.000136s ]
INFO: ShowRuntime Behavior ::run [ RunTime:0.000279s ]
INFO: [ view_filter ] --END-- [ RunTime:0.001196s ]
INFO: [ view_end ] --START--
INFO: ShowPageTrace Behavior ::run [ RunTime:0.000351s ]
INFO: [ view_end ] --END-- [ RunTime:0.000394s ]

[ 2015-04-10T14:52:33+08:00 ] 114.241.191.174 /manager.php/Access/addnode.html
INFO: [ route_check ] --START--
INFO: CheckRoute Behavior ::run [ RunTime:0.000493s ]
INFO: [ route_check ] --END-- [ RunTime:0.000555s ]
INFO: [ app_begin ] --START--
INFO: ReadHtmlCache Behavior ::run [ RunTime:0.000318s ]
INFO: [ app_begin ] --END-- [ RunTime:0.000361s ]
SQL: SHOW COLUMNS FROM `t_node` [ RunTime:0.000508s ]
SQL: SELECT * FROM `t_node` WHERE ( pid=1 and  status=1 and is_menu=1 ) ORDER BY sort asc  [ RunTime:0.000281s ]
SQL: SHOW COLUMNS FROM `t_node` [ RunTime:0.000418s ]
SQL: SELECT `id` FROM `t_node` WHERE ( name='Access' ) LIMIT 1   [ RunTime:0.000175s ]
SQL: SHOW COLUMNS FROM `t_node` [ RunTime:0.000402s ]
SQL: SELECT * FROM `t_node` WHERE ( pid=14 and  status=1 and is_menu=1 ) ORDER BY sort asc  [ RunTime:0.000230s ]
NOTIC: [8] Undefined index: levelOption /mnt/b/Admin/Lib/Action/AccessAction.class.php 第 332 行.
SQL: SHOW COLUMNS FROM `t_node` [ RunTime:0.000443s ]
SQL: SELECT * FROM `t_node`  [ RunTime:0.000171s ]
NOTIC: [8] Undefined index: pid /mnt/b/Admin/Lib/Action/AccessAction.class.php 第 341 行.
NOTIC: [8] Undefined index: pid /mnt/b/Admin/Lib/Action/AccessAction.class.php 第 341 行.
NOTIC: [8] Undefined index: pid /mnt/b/Admin/Lib/Action/AccessAction.class.php 第 341 行.
NOTIC: [8] Undefined index: pid /mnt/b/Admin/Lib/Action/AccessAction.class.php 第 341 行.
NOTIC: [8] Undefined index: pid /mnt/b/Admin/Lib/Action/AccessAction.class.php 第 341 行.
NOTIC: [8] Undefined index: pid /mnt/b/Admin/Lib/Action/AccessAction.class.php 第 341 行.
NOTIC: [8] Undefined index: pid /mnt/b/Admin/Lib/Action/AccessAction.class.php 第 341 行.
NOTIC: [8] Undefined index: pid /mnt/b/Admin/Lib/Action/AccessAction.class.php 第 341 行.
NOTIC: [8] Undefined index: pid /mnt/b/Admin/Lib/Action/AccessAction.class.php 第 341 行.
NOTIC: [8] Undefined index: pid /mnt/b/Admin/Lib/Action/AccessAction.class.php 第 341 行.
NOTIC: [8] Undefined index: pid /mnt/b/Admin/Lib/Action/AccessAction.class.php 第 341 行.
NOTIC: [8] Undefined index: pid /mnt/b/Admin/Lib/Action/AccessAction.class.php 第 341 行.
NOTIC: [8] Undefined index: pid /mnt/b/Admin/Lib/Action/AccessAction.class.php 第 341 行.
NOTIC: [8] Undefined index: pid /mnt/b/Admin/Lib/Action/AccessAction.class.php 第 341 行.
NOTIC: [8] Undefined index: pid /mnt/b/Admin/Lib/Action/AccessAction.class.php 第 341 行.
NOTIC: [8] Undefined index: pid /mnt/b/Admin/Lib/Action/AccessAction.class.php 第 341 行.
NOTIC: [8] Undefined index: pid /mnt/b/Admin/Lib/Action/AccessAction.class.php 第 341 行.
NOTIC: [8] Undefined index: pid /mnt/b/Admin/Lib/Action/AccessAction.class.php 第 341 行.
NOTIC: [8] Undefined index: pid /mnt/b/Admin/Lib/Action/AccessAction.class.php 第 341 行.
NOTIC: [8] Undefined index: pid /mnt/b/Admin/Lib/Action/AccessAction.class.php 第 341 行.
NOTIC: [8] Undefined index: pid /mnt/b/Admin/Lib/Action/AccessAction.class.php 第 341 行.
NOTIC: [8] Undefined index: pid /mnt/b/Admin/Lib/Action/AccessAction.class.php 第 341 行.
NOTIC: [8] Undefined index: pid /mnt/b/Admin/Lib/Action/AccessAction.class.php 第 341 行.
NOTIC: [8] Undefined index: pid /mnt/b/Admin/Lib/Action/AccessAction.class.php 第 341 行.
NOTIC: [8] Undefined index: pid /mnt/b/Admin/Lib/Action/AccessAction.class.php 第 341 行.
INFO: [ view_parse ] --START--
NOTIC: [8] Undefined variable: site /mnt/b/temp/Admin/Cache/72251130238df81779543db342ca1221.php 第 5 行.
NOTIC: [8] Use of undefined constant name - assumed 'name' /mnt/b/temp/Admin/Cache/72251130238df81779543db342ca1221.php 第 40 行.
NOTIC: [8] Use of undefined constant name - assumed 'name' /mnt/b/temp/Admin/Cache/72251130238df81779543db342ca1221.php 第 40 行.
NOTIC: [8] Use of undefined constant name - assumed 'name' /mnt/b/temp/Admin/Cache/72251130238df81779543db342ca1221.php 第 40 行.
NOTIC: [8] Use of undefined constant name - assumed 'name' /mnt/b/temp/Admin/Cache/72251130238df81779543db342ca1221.php 第 40 行.
NOTIC: [8] Use of undefined constant name - assumed 'name' /mnt/b/temp/Admin/Cache/72251130238df81779543db342ca1221.php 第 94 行.
NOTIC: [8] Use of undefined constant name - assumed 'name' /mnt/b/temp/Admin/Cache/72251130238df81779543db342ca1221.php 第 94 行.
NOTIC: [8] Use of undefined constant name - assumed 'name' /mnt/b/temp/Admin/Cache/72251130238df81779543db342ca1221.php 第 94 行.
NOTIC: [8] Use of undefined constant name - assumed 'name' /mnt/b/temp/Admin/Cache/72251130238df81779543db342ca1221.php 第 94 行.
NOTIC: [8] Use of undefined constant name - assumed 'name' /mnt/b/temp/Admin/Cache/72251130238df81779543db342ca1221.php 第 94 行.
NOTIC: [8] Use of undefined constant name - assumed 'name' /mnt/b/temp/Admin/Cache/72251130238df81779543db342ca1221.php 第 94 行.
NOTIC: [8] Undefined index: name /mnt/b/temp/Admin/Cache/72251130238df81779543db342ca1221.php 第 112 行.
NOTIC: [8] Undefined index: title /mnt/b/temp/Admin/Cache/72251130238df81779543db342ca1221.php 第 118 行.
NOTIC: [8] Undefined index: status /mnt/b/temp/Admin/Cache/72251130238df81779543db342ca1221.php 第 125 行.
NOTIC: [8] Undefined index: is_menu /mnt/b/temp/Admin/Cache/72251130238df81779543db342ca1221.php 第 137 行.
NOTIC: [8] Undefined index: is_menu /mnt/b/temp/Admin/Cache/72251130238df81779543db342ca1221.php 第 140 行.
NOTIC: [8] Undefined index: sort /mnt/b/temp/Admin/Cache/72251130238df81779543db342ca1221.php 第 159 行.
NOTIC: [8] Undefined index: remark /mnt/b/temp/Admin/Cache/72251130238df81779543db342ca1221.php 第 163 行.
NOTIC: [8] Undefined index: id /mnt/b/temp/Admin/Cache/72251130238df81779543db342ca1221.php 第 169 行.
INFO: ParseTemplate Behavior ::run [ RunTime:0.015884s ]
INFO: [ view_parse ] --END-- [ RunTime:0.015925s ]
INFO: [ view_filter ] --START--
INFO: ContentReplace Behavior ::run [ RunTime:0.000215s ]
INFO: TokenBuild Behavior ::run [ RunTime:0.000270s ]
INFO: WriteHtmlCache Behavior ::run [ RunTime:0.000150s ]
INFO: ShowRuntime Behavior ::run [ RunTime:0.000268s ]
INFO: [ view_filter ] --END-- [ RunTime:0.001021s ]
INFO: [ view_end ] --START--
INFO: ShowPageTrace Behavior ::run [ RunTime:0.000355s ]
INFO: [ view_end ] --END-- [ RunTime:0.000398s ]

[ 2015-04-10T14:52:42+08:00 ] 114.241.191.174 /manager.php/Zxgl/index.html
INFO: [ route_check ] --START--
INFO: CheckRoute Behavior ::run [ RunTime:0.000453s ]
INFO: [ route_check ] --END-- [ RunTime:0.000514s ]
INFO: [ app_begin ] --START--
INFO: ReadHtmlCache Behavior ::run [ RunTime:0.000344s ]
INFO: [ app_begin ] --END-- [ RunTime:0.000386s ]
SQL: SHOW COLUMNS FROM `t_node` [ RunTime:0.000655s ]
SQL: SELECT * FROM `t_node` WHERE ( pid=1 and  status=1 and is_menu=1 ) ORDER BY sort asc  [ RunTime:0.000311s ]
SQL: SHOW COLUMNS FROM `t_node` [ RunTime:0.000416s ]
SQL: SELECT `id` FROM `t_node` WHERE ( name='Zxgl' ) LIMIT 1   [ RunTime:0.000180s ]
SQL: SHOW COLUMNS FROM `t_node` [ RunTime:0.000438s ]
SQL: SELECT * FROM `t_node` WHERE ( pid=53 and  status=1 and is_menu=1 ) ORDER BY sort asc  [ RunTime:0.000190s ]
SQL: SHOW COLUMNS FROM `t_zxrj` [ RunTime:0.000594s ]
NOTIC: [8] Undefined variable: map /mnt/b/Admin/Lib/Action/ZxglAction.class.php 第 14 行.
SQL: SELECT COUNT(*) AS tp_count FROM `t_zxrj` LIMIT 1   [ RunTime:0.000188s ]
NOTIC: [8] Undefined variable: map /mnt/b/Admin/Lib/Action/ZxglAction.class.php 第 18 行.
SQL: SELECT * FROM `t_zxrj` ORDER BY id desc  [ RunTime:0.000162s ]
INFO: [ view_parse ] --START--
NOTIC: [8] Use of undefined constant name - assumed 'name' /mnt/b/temp/Admin/Cache/924ce0e70375d9cf19bb9e1f783095fb.php 第 85 行.
NOTIC: [8] Use of undefined constant name - assumed 'name' /mnt/b/temp/Admin/Cache/924ce0e70375d9cf19bb9e1f783095fb.php 第 85 行.
NOTIC: [8] Use of undefined constant name - assumed 'name' /mnt/b/temp/Admin/Cache/924ce0e70375d9cf19bb9e1f783095fb.php 第 85 行.
NOTIC: [8] Use of undefined constant name - assumed 'name' /mnt/b/temp/Admin/Cache/924ce0e70375d9cf19bb9e1f783095fb.php 第 85 行.
NOTIC: [8] Use of undefined constant name - assumed 'name' /mnt/b/temp/Admin/Cache/924ce0e70375d9cf19bb9e1f783095fb.php 第 141 行.
NOTIC: [8] Undefined index: truename /mnt/b/temp/Admin/Cache/924ce0e70375d9cf19bb9e1f783095fb.php 第 192 行.
NOTIC: [8] Use of undefined constant a_id - assumed 'a_id' /mnt/b/temp/Admin/Cache/924ce0e70375d9cf19bb9e1f783095fb.php 第 192 行.
NOTIC: [8] Undefined index: a_id /mnt/b/temp/Admin/Cache/924ce0e70375d9cf19bb9e1f783095fb.php 第 192 行.
NOTIC: [8] Undefined index: truename /mnt/b/temp/Admin/Cache/924ce0e70375d9cf19bb9e1f783095fb.php 第 192 行.
NOTIC: [8] Use of undefined constant a_id - assumed 'a_id' /mnt/b/temp/Admin/Cache/924ce0e70375d9cf19bb9e1f783095fb.php 第 192 行.
NOTIC: [8] Undefined index: a_id /mnt/b/temp/Admin/Cache/924ce0e70375d9cf19bb9e1f783095fb.php 第 192 行.
NOTIC: [8] Undefined variable: year /mnt/b/temp/Admin/Cache/924ce0e70375d9cf19bb9e1f783095fb.php 第 258 行.
NOTIC: [8] Undefined variable: month /mnt/b/temp/Admin/Cache/924ce0e70375d9cf19bb9e1f783095fb.php 第 262 行.
NOTIC: [8] Undefined variable: day /mnt/b/temp/Admin/Cache/924ce0e70375d9cf19bb9e1f783095fb.php 第 265 行.
NOTIC: [8] Undefined variable: pro_list /mnt/b/temp/Admin/Cache/924ce0e70375d9cf19bb9e1f783095fb.php 第 272 行.
NOTIC: [8] Undefined variable: month /mnt/b/temp/Admin/Cache/924ce0e70375d9cf19bb9e1f783095fb.php 第 370 行.
NOTIC: [8] Undefined variable: day /mnt/b/temp/Admin/Cache/924ce0e70375d9cf19bb9e1f783095fb.php 第 373 行.
NOTIC: [8] Undefined variable: pro_list /mnt/b/temp/Admin/Cache/924ce0e70375d9cf19bb9e1f783095fb.php 第 380 行.
NOTIC: [8] Undefined variable: year /mnt/b/temp/Admin/Cache/924ce0e70375d9cf19bb9e1f783095fb.php 第 572 行.
INFO: ParseTemplate Behavior ::run [ RunTime:0.016779s ]
INFO: [ view_parse ] --END-- [ RunTime:0.016826s ]
INFO: [ view_filter ] --START--
INFO: ContentReplace Behavior ::run [ RunTime:0.000283s ]
INFO: TokenBuild Behavior ::run [ RunTime:0.000287s ]
INFO: WriteHtmlCache Behavior ::run [ RunTime:0.000132s ]
INFO: ShowRuntime Behavior ::run [ RunTime:0.000258s ]
INFO: [ view_filter ] --END-- [ RunTime:0.001077s ]
INFO: [ view_end ] --START--
INFO: ShowPageTrace Behavior ::run [ RunTime:0.000364s ]
INFO: [ view_end ] --END-- [ RunTime:0.000407s ]

[ 2015-04-10T14:52:45+08:00 ] 114.241.191.174 /manager.php/Index/index.html
INFO: [ route_check ] --START--
INFO: CheckRoute Behavior ::run [ RunTime:0.000455s ]
INFO: [ route_check ] --END-- [ RunTime:0.000516s ]
INFO: [ app_begin ] --START--
INFO: ReadHtmlCache Behavior ::run [ RunTime:0.000318s ]
INFO: [ app_begin ] --END-- [ RunTime:0.000361s ]
SQL: SHOW COLUMNS FROM `t_node` [ RunTime:0.000692s ]
SQL: SELECT * FROM `t_node` WHERE ( pid=1 and  status=1 and is_menu=1 ) ORDER BY sort asc  [ RunTime:0.000304s ]
SQL: SHOW COLUMNS FROM `t_node` [ RunTime:0.000446s ]
SQL: SELECT `id` FROM `t_node` WHERE ( name='Index' ) LIMIT 1   [ RunTime:0.000159s ]
SQL: SHOW COLUMNS FROM `t_node` [ RunTime:0.000407s ]
SQL: SELECT * FROM `t_node` WHERE ( pid=2 and  status=1 and is_menu=1 ) ORDER BY sort asc  [ RunTime:0.000192s ]
INFO: [ view_parse ] --START--
NOTIC: [8] Use of undefined constant name - assumed 'name' /mnt/b/temp/Admin/Cache/20eabf8d43f497715f3e1a7ec1a2f00f.php 第 45 行.
NOTIC: [8] Use of undefined constant name - assumed 'name' /mnt/b/temp/Admin/Cache/20eabf8d43f497715f3e1a7ec1a2f00f.php 第 45 行.
NOTIC: [8] Use of undefined constant name - assumed 'name' /mnt/b/temp/Admin/Cache/20eabf8d43f497715f3e1a7ec1a2f00f.php 第 45 行.
NOTIC: [8] Use of undefined constant name - assumed 'name' /mnt/b/temp/Admin/Cache/20eabf8d43f497715f3e1a7ec1a2f00f.php 第 45 行.
NOTIC: [8] Use of undefined constant name - assumed 'name' /mnt/b/temp/Admin/Cache/20eabf8d43f497715f3e1a7ec1a2f00f.php 第 101 行.
NOTIC: [8] Use of undefined constant name - assumed 'name' /mnt/b/temp/Admin/Cache/20eabf8d43f497715f3e1a7ec1a2f00f.php 第 101 行.
NOTIC: [8] Undefined variable: caches /mnt/b/temp/Admin/Cache/20eabf8d43f497715f3e1a7ec1a2f00f.php 第 124 行.
INFO: ParseTemplate Behavior ::run [ RunTime:0.008819s ]
INFO: [ view_parse ] --END-- [ RunTime:0.008864s ]
INFO: [ view_filter ] --START--
INFO: ContentReplace Behavior ::run [ RunTime:0.000210s ]
INFO: TokenBuild Behavior ::run [ RunTime:0.000228s ]
INFO: WriteHtmlCache Behavior ::run [ RunTime:0.000132s ]
INFO: ShowRuntime Behavior ::run [ RunTime:0.000246s ]
INFO: [ view_filter ] --END-- [ RunTime:0.000955s ]
INFO: [ view_end ] --START--
INFO: ShowPageTrace Behavior ::run [ RunTime:0.000344s ]
INFO: [ view_end ] --END-- [ RunTime:0.000388s ]

[ 2015-04-10T14:52:46+08:00 ] 114.241.191.174 /manager.php/Access/index.html
INFO: [ route_check ] --START--
INFO: CheckRoute Behavior ::run [ RunTime:0.001339s ]
INFO: [ route_check ] --END-- [ RunTime:0.001401s ]
INFO: [ app_begin ] --START--
INFO: ReadHtmlCache Behavior ::run [ RunTime:0.000303s ]
INFO: [ app_begin ] --END-- [ RunTime:0.000346s ]
SQL: SHOW COLUMNS FROM `t_node` [ RunTime:0.000628s ]
SQL: SELECT * FROM `t_node` WHERE ( pid=1 and  status=1 and is_menu=1 ) ORDER BY sort asc  [ RunTime:0.000311s ]
SQL: SHOW COLUMNS FROM `t_node` [ RunTime:0.000409s ]
SQL: SELECT `id` FROM `t_node` WHERE ( name='Access' ) LIMIT 1   [ RunTime:0.000156s ]
SQL: SHOW COLUMNS FROM `t_node` [ RunTime:0.000397s ]
SQL: SELECT * FROM `t_node` WHERE ( pid=14 and  status=1 and is_menu=1 ) ORDER BY sort asc  [ RunTime:0.000230s ]
SQL: SHOW COLUMNS FROM `t_access` [ RunTime:0.000412s ]
SQL: SHOW COLUMNS FROM `t_admin` [ RunTime:0.000426s ]
SQL: SELECT * FROM `t_admin`  [ RunTime:0.000181s ]
INFO: [ view_parse ] --START--
NOTIC: [8] Use of undefined constant name - assumed 'name' /mnt/b/temp/Admin/Cache/e4cb68fd27fba17230f88efa6a7f1013.php 第 45 行.
NOTIC: [8] Use of undefined constant name - assumed 'name' /mnt/b/temp/Admin/Cache/e4cb68fd27fba17230f88efa6a7f1013.php 第 45 行.
NOTIC: [8] Use of undefined constant name - assumed 'name' /mnt/b/temp/Admin/Cache/e4cb68fd27fba17230f88efa6a7f1013.php 第 45 行.
NOTIC: [8] Use of undefined constant name - assumed 'name' /mnt/b/temp/Admin/Cache/e4cb68fd27fba17230f88efa6a7f1013.php 第 45 行.
NOTIC: [8] Use of undefined constant name - assumed 'name' /mnt/b/temp/Admin/Cache/e4cb68fd27fba17230f88efa6a7f1013.php 第 101 行.
NOTIC: [8] Use of undefined constant name - assumed 'name' /mnt/b/temp/Admin/Cache/e4cb68fd27fba17230f88efa6a7f1013.php 第 101 行.
NOTIC: [8] Use of undefined constant name - assumed 'name' /mnt/b/temp/Admin/Cache/e4cb68fd27fba17230f88efa6a7f1013.php 第 101 行.
NOTIC: [8] Use of undefined constant name - assumed 'name' /mnt/b/temp/Admin/Cache/e4cb68fd27fba17230f88efa6a7f1013.php 第 101 行.
NOTIC: [8] Use of undefined constant name - assumed 'name' /mnt/b/temp/Admin/Cache/e4cb68fd27fba17230f88efa6a7f1013.php 第 101 行.
NOTIC: [8] Use of undefined constant name - assumed 'name' /mnt/b/temp/Admin/Cache/e4cb68fd27fba17230f88efa6a7f1013.php 第 101 行.
NOTIC: [8] Use of undefined constant a_id - assumed 'a_id' /mnt/b/temp/Admin/Cache/e4cb68fd27fba17230f88efa6a7f1013.php 第 137 行.
NOTIC: [8] Use of undefined constant a_id - assumed 'a_id' /mnt/b/temp/Admin/Cache/e4cb68fd27fba17230f88efa6a7f1013.php 第 137 行.
NOTIC: [8] Use of undefined constant a_id - assumed 'a_id' /mnt/b/temp/Admin/Cache/e4cb68fd27fba17230f88efa6a7f1013.php 第 137 行.
INFO: ParseTemplate Behavior ::run [ RunTime:0.009377s ]
INFO: [ view_parse ] --END-- [ RunTime:0.009417s ]
INFO: [ view_filter ] --START--
INFO: ContentReplace Behavior ::run [ RunTime:0.000207s ]
INFO: TokenBuild Behavior ::run [ RunTime:0.000247s ]
INFO: WriteHtmlCache Behavior ::run [ RunTime:0.000126s ]
INFO: ShowRuntime Behavior ::run [ RunTime:0.000239s ]
INFO: [ view_filter ] --END-- [ RunTime:0.000934s ]
INFO: [ view_end ] --START--
INFO: ShowPageTrace Behavior ::run [ RunTime:0.000360s ]
INFO: [ view_end ] --END-- [ RunTime:0.000403s ]

[ 2015-04-10T14:52:51+08:00 ] 114.241.191.174 /manager.php/Access/ins/aid/8.html
INFO: [ route_check ] --START--
INFO: CheckRoute Behavior ::run [ RunTime:0.000489s ]
INFO: [ route_check ] --END-- [ RunTime:0.000550s ]
INFO: [ app_begin ] --START--
INFO: ReadHtmlCache Behavior ::run [ RunTime:0.000297s ]
INFO: [ app_begin ] --END-- [ RunTime:0.000339s ]
SQL: SHOW COLUMNS FROM `t_node` [ RunTime:0.000814s ]
SQL: SELECT * FROM `t_node` WHERE ( pid=1 and  status=1 and is_menu=1 ) ORDER BY sort asc  [ RunTime:0.000333s ]
SQL: SHOW COLUMNS FROM `t_node` [ RunTime:0.000458s ]
SQL: SELECT `id` FROM `t_node` WHERE ( name='Access' ) LIMIT 1   [ RunTime:0.000161s ]
SQL: SHOW COLUMNS FROM `t_node` [ RunTime:0.000425s ]
SQL: SELECT * FROM `t_node` WHERE ( pid=14 and  status=1 and is_menu=1 ) ORDER BY sort asc  [ RunTime:0.000212s ]
SQL: SHOW COLUMNS FROM `t_admininfo1` [ RunTime:0.000301s ]
ERR: 1146:Table 'tangliangdbs.t_admininfo1' doesn't exist
 [ SQL语句 ] : SHOW COLUMNS FROM `t_admininfo1`
SQL: SHOW COLUMNS FROM `t_admininfoview` [ RunTime:0.000889s ]
SQL: SELECT * FROM `t_admininfoview` WHERE ( a_id=8 ) LIMIT 1   [ RunTime:0.000347s ]
INFO: [ view_parse ] --START--
NOTIC: [8] Use of undefined constant name - assumed 'name' /mnt/b/temp/Admin/Cache/3eac9347d2622ff8a40d6887ab549114.php 第 40 行.
NOTIC: [8] Use of undefined constant name - assumed 'name' /mnt/b/temp/Admin/Cache/3eac9347d2622ff8a40d6887ab549114.php 第 40 行.
NOTIC: [8] Use of undefined constant name - assumed 'name' /mnt/b/temp/Admin/Cache/3eac9347d2622ff8a40d6887ab549114.php 第 40 行.
NOTIC: [8] Use of undefined constant name - assumed 'name' /mnt/b/temp/Admin/Cache/3eac9347d2622ff8a40d6887ab549114.php 第 40 行.
NOTIC: [8] Use of undefined constant name - assumed 'name' /mnt/b/temp/Admin/Cache/3eac9347d2622ff8a40d6887ab549114.php 第 96 行.
NOTIC: [8] Use of undefined constant name - assumed 'name' /mnt/b/temp/Admin/Cache/3eac9347d2622ff8a40d6887ab549114.php 第 96 行.
NOTIC: [8] Use of undefined constant name - assumed 'name' /mnt/b/temp/Admin/Cache/3eac9347d2622ff8a40d6887ab549114.php 第 96 行.
NOTIC: [8] Use of undefined constant name - assumed 'name' /mnt/b/temp/Admin/Cache/3eac9347d2622ff8a40d6887ab549114.php 第 96 行.
NOTIC: [8] Use of undefined constant name - assumed 'name' /mnt/b/temp/Admin/Cache/3eac9347d2622ff8a40d6887ab549114.php 第 96 行.
NOTIC: [8] Use of undefined constant name - assumed 'name' /mnt/b/temp/Admin/Cache/3eac9347d2622ff8a40d6887ab549114.php 第 96 行.
NOTIC: [8] Use of undefined constant a_telphone - assumed 'a_telphone' /mnt/b/temp/Admin/Cache/3eac9347d2622ff8a40d6887ab549114.php 第 146 行.
NOTIC: [8] Use of undefined constant a_address - assumed 'a_address' /mnt/b/temp/Admin/Cache/3eac9347d2622ff8a40d6887ab549114.php 第 150 行.
NOTIC: [8] Use of undefined constant a_qq - assumed 'a_qq' /mnt/b/temp/Admin/Cache/3eac9347d2622ff8a40d6887ab549114.php 第 154 行.
NOTIC: [8] Use of undefined constant a_zhiwei - assumed 'a_zhiwei' /mnt/b/temp/Admin/Cache/3eac9347d2622ff8a40d6887ab549114.php 第 158 行.
NOTIC: [8] Use of undefined constant a_email - assumed 'a_email' /mnt/b/temp/Admin/Cache/3eac9347d2622ff8a40d6887ab549114.php 第 162 行.
INFO: ParseTemplate Behavior ::run [ RunTime:0.009184s ]
INFO: [ view_parse ] --END-- [ RunTime:0.009226s ]
INFO: [ view_filter ] --START--
INFO: ContentReplace Behavior ::run [ RunTime:0.000216s ]
INFO: TokenBuild Behavior ::run [ RunTime:0.000257s ]
INFO: WriteHtmlCache Behavior ::run [ RunTime:0.000127s ]
INFO: ShowRuntime Behavior ::run [ RunTime:0.000261s ]
INFO: [ view_filter ] --END-- [ RunTime:0.000974s ]
INFO: [ view_end ] --START--
INFO: ShowPageTrace Behavior ::run [ RunTime:0.000368s ]
INFO: [ view_end ] --END-- [ RunTime:0.000411s ]

[ 2015-04-10T14:53:07+08:00 ] 114.241.191.174 /manager.php/Index/index.html
INFO: [ route_check ] --START--
INFO: CheckRoute Behavior ::run [ RunTime:0.000475s ]
INFO: [ route_check ] --END-- [ RunTime:0.000536s ]
INFO: [ app_begin ] --START--
INFO: ReadHtmlCache Behavior ::run [ RunTime:0.000314s ]
INFO: [ app_begin ] --END-- [ RunTime:0.000356s ]
SQL: SHOW COLUMNS FROM `t_node` [ RunTime:0.000689s ]
SQL: SELECT * FROM `t_node` WHERE ( pid=1 and  status=1 and is_menu=1 ) ORDER BY sort asc  [ RunTime:0.000312s ]
SQL: SHOW COLUMNS FROM `t_node` [ RunTime:0.000412s ]
SQL: SELECT `id` FROM `t_node` WHERE ( name='Index' ) LIMIT 1   [ RunTime:0.000179s ]
SQL: SHOW COLUMNS FROM `t_node` [ RunTime:0.000401s ]
SQL: SELECT * FROM `t_node` WHERE ( pid=2 and  status=1 and is_menu=1 ) ORDER BY sort asc  [ RunTime:0.000218s ]
INFO: [ view_parse ] --START--
NOTIC: [8] Use of undefined constant name - assumed 'name' /mnt/b/temp/Admin/Cache/20eabf8d43f497715f3e1a7ec1a2f00f.php 第 45 行.
NOTIC: [8] Use of undefined constant name - assumed 'name' /mnt/b/temp/Admin/Cache/20eabf8d43f497715f3e1a7ec1a2f00f.php 第 45 行.
NOTIC: [8] Use of undefined constant name - assumed 'name' /mnt/b/temp/Admin/Cache/20eabf8d43f497715f3e1a7ec1a2f00f.php 第 45 行.
NOTIC: [8] Use of undefined constant name - assumed 'name' /mnt/b/temp/Admin/Cache/20eabf8d43f497715f3e1a7ec1a2f00f.php 第 45 行.
NOTIC: [8] Use of undefined constant name - assumed 'name' /mnt/b/temp/Admin/Cache/20eabf8d43f497715f3e1a7ec1a2f00f.php 第 101 行.
NOTIC: [8] Use of undefined constant name - assumed 'name' /mnt/b/temp/Admin/Cache/20eabf8d43f497715f3e1a7ec1a2f00f.php 第 101 行.
NOTIC: [8] Undefined variable: caches /mnt/b/temp/Admin/Cache/20eabf8d43f497715f3e1a7ec1a2f00f.php 第 124 行.
INFO: ParseTemplate Behavior ::run [ RunTime:0.008630s ]
INFO: [ view_parse ] --END-- [ RunTime:0.008672s ]
INFO: [ view_filter ] --START--
INFO: ContentReplace Behavior ::run [ RunTime:0.000205s ]
INFO: TokenBuild Behavior ::run [ RunTime:0.000226s ]
INFO: WriteHtmlCache Behavior ::run [ RunTime:0.000126s ]
INFO: ShowRuntime Behavior ::run [ RunTime:0.000239s ]
INFO: [ view_filter ] --END-- [ RunTime:0.000913s ]
INFO: [ view_end ] --START--
INFO: ShowPageTrace Behavior ::run [ RunTime:0.000342s ]
INFO: [ view_end ] --END-- [ RunTime:0.000384s ]

[ 2015-04-10T14:53:08+08:00 ] 114.241.191.174 /manager.php/Member/index.html
INFO: [ route_check ] --START--
INFO: CheckRoute Behavior ::run [ RunTime:0.000454s ]
INFO: [ route_check ] --END-- [ RunTime:0.000525s ]
INFO: [ app_begin ] --START--
INFO: ReadHtmlCache Behavior ::run [ RunTime:0.000322s ]
INFO: [ app_begin ] --END-- [ RunTime:0.000372s ]
SQL: SHOW COLUMNS FROM `t_node` [ RunTime:0.000655s ]
SQL: SELECT * FROM `t_node` WHERE ( pid=1 and  status=1 and is_menu=1 ) ORDER BY sort asc  [ RunTime:0.000292s ]
SQL: SHOW COLUMNS FROM `t_node` [ RunTime:0.000445s ]
SQL: SELECT `id` FROM `t_node` WHERE ( name='Member' ) LIMIT 1   [ RunTime:0.000160s ]
SQL: SHOW COLUMNS FROM `t_node` [ RunTime:0.000398s ]
SQL: SELECT * FROM `t_node` WHERE ( pid=3 and  status=1 and is_menu=1 ) ORDER BY sort asc  [ RunTime:0.000197s ]
SQL: SHOW COLUMNS FROM `t_city` [ RunTime:0.000305s ]
ERR: 1146:Table 'tangliangdbs.t_city' doesn't exist
 [ SQL语句 ] : SHOW COLUMNS FROM `t_city`
SQL: SHOW COLUMNS FROM `t_area` [ RunTime:0.000412s ]
SQL: SELECT * FROM `t_area` WHERE ( parent_id=1 )  [ RunTime:0.000263s ]
SQL: SHOW COLUMNS FROM `t_member` [ RunTime:0.000518s ]
NOTIC: [8] Undefined index: keys /mnt/b/Admin/Lib/Action/MemberAction.class.php 第 36 行.
NOTIC: [8] Undefined index: start_date /mnt/b/Admin/Lib/Action/MemberAction.class.php 第 38 行.
NOTIC: [8] Undefined index: end_date /mnt/b/Admin/Lib/Action/MemberAction.class.php 第 39 行.
NOTIC: [8] Undefined index: province /mnt/b/Admin/Lib/Action/MemberAction.class.php 第 40 行.
NOTIC: [8] Undefined index: city /mnt/b/Admin/Lib/Action/MemberAction.class.php 第 41 行.
SQL: SELECT `region_name` FROM `t_area` WHERE ( region_id= and agency_id=1 ) LIMIT 1   [ RunTime:0.000084s ]
ERR: 1064:You have an error in your SQL syntax; check the manual that corresponds to your MySQL server version for the right syntax to use near 'and agency_id=1 ) LIMIT 1' at line 1
 [ SQL语句 ] : SELECT `region_name` FROM `t_area` WHERE ( region_id= and agency_id=1 ) LIMIT 1  
SQL: SHOW COLUMNS FROM `t_putongmember` [ RunTime:0.000922s ]
SQL: SELECT COUNT(*) AS tp_count FROM `t_putongmember` WHERE ( 1  ) LIMIT 1   [ RunTime:0.000239s ]
SQL: SELECT * FROM `t_putongmember` WHERE ( 1  ) ORDER BY a_id desc  [ RunTime:0.000255s ]
NOTIC: [8] Undefined variable: vo /mnt/b/Admin/Lib/Action/MemberAction.class.php 第 83 行.
INFO: [ view_parse ] --START--
NOTIC: [8] Use of undefined constant name - assumed 'name' /mnt/b/temp/Admin/Cache/c77ddeafb610cdb50d34d5549e86fe03.php 第 85 行.
NOTIC: [8] Use of undefined constant name - assumed 'name' /mnt/b/temp/Admin/Cache/c77ddeafb610cdb50d34d5549e86fe03.php 第 85 行.
NOTIC: [8] Use of undefined constant name - assumed 'name' /mnt/b/temp/Admin/Cache/c77ddeafb610cdb50d34d5549e86fe03.php 第 85 行.
NOTIC: [8] Use of undefined constant name - assumed 'name' /mnt/b/temp/Admin/Cache/c77ddeafb610cdb50d34d5549e86fe03.php 第 85 行.
NOTIC: [8] Use of undefined constant name - assumed 'name' /mnt/b/temp/Admin/Cache/c77ddeafb610cdb50d34d5549e86fe03.php 第 141 行.
NOTIC: [8] Use of undefined constant name - assumed 'name' /mnt/b/temp/Admin/Cache/c77ddeafb610cdb50d34d5549e86fe03.php 第 141 行.
NOTIC: [8] Use of undefined constant name - assumed 'name' /mnt/b/temp/Admin/Cache/c77ddeafb610cdb50d34d5549e86fe03.php 第 141 行.
NOTIC: [8] Use of undefined constant region_id - assumed 'region_id' /mnt/b/temp/Admin/Cache/c77ddeafb610cdb50d34d5549e86fe03.php 第 168 行.
NOTIC: [8] Use of undefined constant region_id - assumed 'region_id' /mnt/b/temp/Admin/Cache/c77ddeafb610cdb50d34d5549e86fe03.php 第 168 行.
NOTIC: [8] Use of undefined constant region_id - assumed 'region_id' /mnt/b/temp/Admin/Cache/c77ddeafb610cdb50d34d5549e86fe03.php 第 168 行.
NOTIC: [8] Use of undefined constant region_id - assumed 'region_id' /mnt/b/temp/Admin/Cache/c77ddeafb610cdb50d34d5549e86fe03.php 第 168 行.
NOTIC: [8] Use of undefined constant region_id - assumed 'region_id' /mnt/b/temp/Admin/Cache/c77ddeafb610cdb50d34d5549e86fe03.php 第 168 行.
NOTIC: [8] Use of undefined constant region_id - assumed 'region_id' /mnt/b/temp/Admin/Cache/c77ddeafb610cdb50d34d5549e86fe03.php 第 168 行.
NOTIC: [8] Use of undefined constant region_id - assumed 'region_id' /mnt/b/temp/Admin/Cache/c77ddeafb610cdb50d34d5549e86fe03.php 第 168 行.
NOTIC: [8] Use of undefined constant region_id - assumed 'region_id' /mnt/b/temp/Admin/Cache/c77ddeafb610cdb50d34d5549e86fe03.php 第 168 行.
NOTIC: [8] Use of undefined constant region_id - assumed 'region_id' /mnt/b/temp/Admin/Cache/c77ddeafb610cdb50d34d5549e86fe03.php 第 168 行.
NOTIC: [8] Use of undefined constant region_id - assumed 'region_id' /mnt/b/temp/Admin/Cache/c77ddeafb610cdb50d34d5549e86fe03.php 第 168 行.
NOTIC: [8] Use of undefined constant region_id - assumed 'region_id' /mnt/b/temp/Admin/Cache/c77ddeafb610cdb50d34d5549e86fe03.php 第 168 行.
NOTIC: [8] Use of undefined constant region_id - assumed 'region_id' /mnt/b/temp/Admin/Cache/c77ddeafb610cdb50d34d5549e86fe03.php 第 168 行.
NOTIC: [8] Use of undefined constant region_id - assumed 'region_id' /mnt/b/temp/Admin/Cache/c77ddeafb610cdb50d34d5549e86fe03.php 第 168 行.
NOTIC: [8] Use of undefined constant region_id - assumed 'region_id' /mnt/b/temp/Admin/Cache/c77ddeafb610cdb50d34d5549e86fe03.php 第 168 行.
NOTIC: [8] Use of undefined constant region_id - assumed 'region_id' /mnt/b/temp/Admin/Cache/c77ddeafb610cdb50d34d5549e86fe03.php 第 168 行.
NOTIC: [8] Use of undefined constant region_id - assumed 'region_id' /mnt/b/temp/Admin/Cache/c77ddeafb610cdb50d34d5549e86fe03.php 第 168 行.
NOTIC: [8] Use of undefined constant region_id - assumed 'region_id' /mnt/b/temp/Admin/Cache/c77ddeafb610cdb50d34d5549e86fe03.php 第 168 行.
NOTIC: [8] Use of undefined constant region_id - assumed 'region_id' /mnt/b/temp/Admin/Cache/c77ddeafb610cdb50d34d5549e86fe03.php 第 168 行.
NOTIC: [8] Use of undefined constant region_id - assumed 'region_id' /mnt/b/temp/Admin/Cache/c77ddeafb610cdb50d34d5549e86fe03.php 第 168 行.
NOTIC: [8] Use of undefined constant region_id - assumed 'region_id' /mnt/b/temp/Admin/Cache/c77ddeafb610cdb50d34d5549e86fe03.php 第 168 行.
NOTIC: [8] Use of undefined constant region_id - assumed 'region_id' /mnt/b/temp/Admin/Cache/c77ddeafb610cdb50d34d5549e86fe03.php 第 168 行.
NOTIC: [8] Use of undefined constant region_id - assumed 'region_id' /mnt/b/temp/Admin/Cache/c77ddeafb610cdb50d34d5549e86fe03.php 第 168 行.
NOTIC: [8] Use of undefined constant region_id - assumed 'region_id' /mnt/b/temp/Admin/Cache/c77ddeafb610cdb50d34d5549e86fe03.php 第 168 行.
NOTIC: [8] Use of undefined constant region_id - assumed 'region_id' /mnt/b/temp/Admin/Cache/c77ddeafb610cdb50d34d5549e86fe03.php 第 168 行.
NOTIC: [8] Use of undefined constant region_id - assumed 'region_id' /mnt/b/temp/Admin/Cache/c77ddeafb610cdb50d34d5549e86fe03.php 第 168 行.
NOTIC: [8] Use of undefined constant region_id - assumed 'region_id' /mnt/b/temp/Admin/Cache/c77ddeafb610cdb50d34d5549e86fe03.php 第 168 行.
NOTIC: [8] Use of undefined constant region_id - assumed 'region_id' /mnt/b/temp/Admin/Cache/c77ddeafb610cdb50d34d5549e86fe03.php 第 168 行.
NOTIC: [8] Use of undefined constant region_id - assumed 'region_id' /mnt/b/temp/Admin/Cache/c77ddeafb610cdb50d34d5549e86fe03.php 第 168 行.
NOTIC: [8] Use of undefined constant region_id - assumed 'region_id' /mnt/b/temp/Admin/Cache/c77ddeafb610cdb50d34d5549e86fe03.php 第 168 行.
NOTIC: [8] Use of undefined constant region_id - assumed 'region_id' /mnt/b/temp/Admin/Cache/c77ddeafb610cdb50d34d5549e86fe03.php 第 168 行.
NOTIC: [8] Use of undefined constant region_id - assumed 'region_id' /mnt/b/temp/Admin/Cache/c77ddeafb610cdb50d34d5549e86fe03.php 第 168 行.
NOTIC: [8] Use of undefined constant region_id - assumed 'region_id' /mnt/b/temp/Admin/Cache/c77ddeafb610cdb50d34d5549e86fe03.php 第 168 行.
NOTIC: [8] Use of undefined constant region_id - assumed 'region_id' /mnt/b/temp/Admin/Cache/c77ddeafb610cdb50d34d5549e86fe03.php 第 168 行.
NOTIC: [8] Use of undefined constant region_id - assumed 'region_id' /mnt/b/temp/Admin/Cache/c77ddeafb610cdb50d34d5549e86fe03.php 第 168 行.
NOTIC: [8] Use of undefined constant a_id - assumed 'a_id' /mnt/b/temp/Admin/Cache/c77ddeafb610cdb50d34d5549e86fe03.php 第 205 行.
INFO: ParseTemplate Behavior ::run [ RunTime:0.021673s ]
INFO: [ view_parse ] --END-- [ RunTime:0.021758s ]
INFO: [ view_filter ] --START--
INFO: ContentReplace Behavior ::run [ RunTime:0.000384s ]
INFO: TokenBuild Behavior ::run [ RunTime:0.000317s ]
INFO: WriteHtmlCache Behavior ::run [ RunTime:0.000132s ]
INFO: ShowRuntime Behavior ::run [ RunTime:0.000265s ]
INFO: [ view_filter ] --END-- [ RunTime:0.001217s ]
INFO: [ view_end ] --START--
INFO: ShowPageTrace Behavior ::run [ RunTime:0.000342s ]
INFO: [ view_end ] --END-- [ RunTime:0.000419s ]

[ 2015-04-10T14:54:12+08:00 ] 114.241.191.174 /manager.php/Member/index.html?keys=%E8%AF%B7%E8%BE%93%E5%85%A5%E5%85%B3%E9%94%AE%E5%AD%97&start_date=&end_date=&province=&city=&sub=%E6%9F%A5%E8%AF%A2&__hash__=3d5709575c71062edaf2e25111dc52f2_fefa57d3cfdb9679ac9c241f09b09f8a
INFO: [ route_check ] --START--
INFO: CheckRoute Behavior ::run [ RunTime:0.000480s ]
INFO: [ route_check ] --END-- [ RunTime:0.000540s ]
INFO: [ app_begin ] --START--
INFO: ReadHtmlCache Behavior ::run [ RunTime:0.000308s ]
INFO: [ app_begin ] --END-- [ RunTime:0.000350s ]
SQL: SHOW COLUMNS FROM `t_node` [ RunTime:0.000660s ]
SQL: SELECT * FROM `t_node` WHERE ( pid=1 and  status=1 and is_menu=1 ) ORDER BY sort asc  [ RunTime:0.000297s ]
SQL: SHOW COLUMNS FROM `t_node` [ RunTime:0.000447s ]
SQL: SELECT `id` FROM `t_node` WHERE ( name='Member' ) LIMIT 1   [ RunTime:0.000167s ]
SQL: SHOW COLUMNS FROM `t_node` [ RunTime:0.000463s ]
SQL: SELECT * FROM `t_node` WHERE ( pid=3 and  status=1 and is_menu=1 ) ORDER BY sort asc  [ RunTime:0.000235s ]
SQL: SHOW COLUMNS FROM `t_city` [ RunTime:0.000283s ]
ERR: 1146:Table 'tangliangdbs.t_city' doesn't exist
 [ SQL语句 ] : SHOW COLUMNS FROM `t_city`
SQL: SHOW COLUMNS FROM `t_area` [ RunTime:0.000362s ]
SQL: SELECT * FROM `t_area` WHERE ( parent_id=1 )  [ RunTime:0.000245s ]
SQL: SHOW COLUMNS FROM `t_member` [ RunTime:0.000452s ]
SQL: SELECT `region_name` FROM `t_area` WHERE ( region_id= and agency_id=1 ) LIMIT 1   [ RunTime:0.000086s ]
ERR: 1064:You have an error in your SQL syntax; check the manual that corresponds to your MySQL server version for the right syntax to use near 'and agency_id=1 ) LIMIT 1' at line 1
 [ SQL语句 ] : SELECT `region_name` FROM `t_area` WHERE ( region_id= and agency_id=1 ) LIMIT 1  
SQL: SHOW COLUMNS FROM `t_putongmember` [ RunTime:0.000850s ]
SQL: SELECT COUNT(*) AS tp_count FROM `t_putongmember` WHERE ( 1  ) LIMIT 1   [ RunTime:0.000238s ]
SQL: SELECT * FROM `t_putongmember` WHERE ( 1  ) ORDER BY a_id desc  [ RunTime:0.000251s ]
NOTIC: [8] Undefined variable: vo /mnt/b/Admin/Lib/Action/MemberAction.class.php 第 83 行.
INFO: [ view_parse ] --START--
NOTIC: [8] Use of undefined constant name - assumed 'name' /mnt/b/temp/Admin/Cache/c77ddeafb610cdb50d34d5549e86fe03.php 第 85 行.
NOTIC: [8] Use of undefined constant name - assumed 'name' /mnt/b/temp/Admin/Cache/c77ddeafb610cdb50d34d5549e86fe03.php 第 85 行.
NOTIC: [8] Use of undefined constant name - assumed 'name' /mnt/b/temp/Admin/Cache/c77ddeafb610cdb50d34d5549e86fe03.php 第 85 行.
NOTIC: [8] Use of undefined constant name - assumed 'name' /mnt/b/temp/Admin/Cache/c77ddeafb610cdb50d34d5549e86fe03.php 第 85 行.
NOTIC: [8] Use of undefined constant name - assumed 'name' /mnt/b/temp/Admin/Cache/c77ddeafb610cdb50d34d5549e86fe03.php 第 141 行.
NOTIC: [8] Use of undefined constant name - assumed 'name' /mnt/b/temp/Admin/Cache/c77ddeafb610cdb50d34d5549e86fe03.php 第 141 行.
NOTIC: [8] Use of undefined constant name - assumed 'name' /mnt/b/temp/Admin/Cache/c77ddeafb610cdb50d34d5549e86fe03.php 第 141 行.
NOTIC: [8] Use of undefined constant region_id - assumed 'region_id' /mnt/b/temp/Admin/Cache/c77ddeafb610cdb50d34d5549e86fe03.php 第 168 行.
NOTIC: [8] Use of undefined constant region_id - assumed 'region_id' /mnt/b/temp/Admin/Cache/c77ddeafb610cdb50d34d5549e86fe03.php 第 168 行.
NOTIC: [8] Use of undefined constant region_id - assumed 'region_id' /mnt/b/temp/Admin/Cache/c77ddeafb610cdb50d34d5549e86fe03.php 第 168 行.
NOTIC: [8] Use of undefined constant region_id - assumed 'region_id' /mnt/b/temp/Admin/Cache/c77ddeafb610cdb50d34d5549e86fe03.php 第 168 行.
NOTIC: [8] Use of undefined constant region_id - assumed 'region_id' /mnt/b/temp/Admin/Cache/c77ddeafb610cdb50d34d5549e86fe03.php 第 168 行.
NOTIC: [8] Use of undefined constant region_id - assumed 'region_id' /mnt/b/temp/Admin/Cache/c77ddeafb610cdb50d34d5549e86fe03.php 第 168 行.
NOTIC: [8] Use of undefined constant region_id - assumed 'region_id' /mnt/b/temp/Admin/Cache/c77ddeafb610cdb50d34d5549e86fe03.php 第 168 行.
NOTIC: [8] Use of undefined constant region_id - assumed 'region_id' /mnt/b/temp/Admin/Cache/c77ddeafb610cdb50d34d5549e86fe03.php 第 168 行.
NOTIC: [8] Use of undefined constant region_id - assumed 'region_id' /mnt/b/temp/Admin/Cache/c77ddeafb610cdb50d34d5549e86fe03.php 第 168 行.
NOTIC: [8] Use of undefined constant region_id - assumed 'region_id' /mnt/b/temp/Admin/Cache/c77ddeafb610cdb50d34d5549e86fe03.php 第 168 行.
NOTIC: [8] Use of undefined constant region_id - assumed 'region_id' /mnt/b/temp/Admin/Cache/c77ddeafb610cdb50d34d5549e86fe03.php 第 168 行.
NOTIC: [8] Use of undefined constant region_id - assumed 'region_id' /mnt/b/temp/Admin/Cache/c77ddeafb610cdb50d34d5549e86fe03.php 第 168 行.
NOTIC: [8] Use of undefined constant region_id - assumed 'region_id' /mnt/b/temp/Admin/Cache/c77ddeafb610cdb50d34d5549e86fe03.php 第 168 行.
NOTIC: [8] Use of undefined constant region_id - assumed 'region_id' /mnt/b/temp/Admin/Cache/c77ddeafb610cdb50d34d5549e86fe03.php 第 168 行.
NOTIC: [8] Use of undefined constant region_id - assumed 'region_id' /mnt/b/temp/Admin/Cache/c77ddeafb610cdb50d34d5549e86fe03.php 第 168 行.
NOTIC: [8] Use of undefined constant region_id - assumed 'region_id' /mnt/b/temp/Admin/Cache/c77ddeafb610cdb50d34d5549e86fe03.php 第 168 行.
NOTIC: [8] Use of undefined constant region_id - assumed 'region_id' /mnt/b/temp/Admin/Cache/c77ddeafb610cdb50d34d5549e86fe03.php 第 168 行.
NOTIC: [8] Use of undefined constant region_id - assumed 'region_id' /mnt/b/temp/Admin/Cache/c77ddeafb610cdb50d34d5549e86fe03.php 第 168 行.
NOTIC: [8] Use of undefined constant region_id - assumed 'region_id' /mnt/b/temp/Admin/Cache/c77ddeafb610cdb50d34d5549e86fe03.php 第 168 行.
NOTIC: [8] Use of undefined constant region_id - assumed 'region_id' /mnt/b/temp/Admin/Cache/c77ddeafb610cdb50d34d5549e86fe03.php 第 168 行.
NOTIC: [8] Use of undefined constant region_id - assumed 'region_id' /mnt/b/temp/Admin/Cache/c77ddeafb610cdb50d34d5549e86fe03.php 第 168 行.
NOTIC: [8] Use of undefined constant region_id - assumed 'region_id' /mnt/b/temp/Admin/Cache/c77ddeafb610cdb50d34d5549e86fe03.php 第 168 行.
NOTIC: [8] Use of undefined constant region_id - assumed 'region_id' /mnt/b/temp/Admin/Cache/c77ddeafb610cdb50d34d5549e86fe03.php 第 168 行.
NOTIC: [8] Use of undefined constant region_id - assumed 'region_id' /mnt/b/temp/Admin/Cache/c77ddeafb610cdb50d34d5549e86fe03.php 第 168 行.
NOTIC: [8] Use of undefined constant region_id - assumed 'region_id' /mnt/b/temp/Admin/Cache/c77ddeafb610cdb50d34d5549e86fe03.php 第 168 行.
NOTIC: [8] Use of undefined constant region_id - assumed 'region_id' /mnt/b/temp/Admin/Cache/c77ddeafb610cdb50d34d5549e86fe03.php 第 168 行.
NOTIC: [8] Use of undefined constant region_id - assumed 'region_id' /mnt/b/temp/Admin/Cache/c77ddeafb610cdb50d34d5549e86fe03.php 第 168 行.
NOTIC: [8] Use of undefined constant region_id - assumed 'region_id' /mnt/b/temp/Admin/Cache/c77ddeafb610cdb50d34d5549e86fe03.php 第 168 行.
NOTIC: [8] Use of undefined constant region_id - assumed 'region_id' /mnt/b/temp/Admin/Cache/c77ddeafb610cdb50d34d5549e86fe03.php 第 168 行.
NOTIC: [8] Use of undefined constant region_id - assumed 'region_id' /mnt/b/temp/Admin/Cache/c77ddeafb610cdb50d34d5549e86fe03.php 第 168 行.
NOTIC: [8] Use of undefined constant region_id - assumed 'region_id' /mnt/b/temp/Admin/Cache/c77ddeafb610cdb50d34d5549e86fe03.php 第 168 行.
NOTIC: [8] Use of undefined constant region_id - assumed 'region_id' /mnt/b/temp/Admin/Cache/c77ddeafb610cdb50d34d5549e86fe03.php 第 168 行.
NOTIC: [8] Use of undefined constant region_id - assumed 'region_id' /mnt/b/temp/Admin/Cache/c77ddeafb610cdb50d34d5549e86fe03.php 第 168 行.
NOTIC: [8] Use of undefined constant region_id - assumed 'region_id' /mnt/b/temp/Admin/Cache/c77ddeafb610cdb50d34d5549e86fe03.php 第 168 行.
NOTIC: [8] Use of undefined constant a_id - assumed 'a_id' /mnt/b/temp/Admin/Cache/c77ddeafb610cdb50d34d5549e86fe03.php 第 205 行.
INFO: ParseTemplate Behavior ::run [ RunTime:0.021243s ]
INFO: [ view_parse ] --END-- [ RunTime:0.021290s ]
INFO: [ view_filter ] --START--
INFO: ContentReplace Behavior ::run [ RunTime:0.000341s ]
INFO: TokenBuild Behavior ::run [ RunTime:0.000334s ]
INFO: WriteHtmlCache Behavior ::run [ RunTime:0.000133s ]
INFO: ShowRuntime Behavior ::run [ RunTime:0.000278s ]
INFO: [ view_filter ] --END-- [ RunTime:0.001208s ]
INFO: [ view_end ] --START--
INFO: ShowPageTrace Behavior ::run [ RunTime:0.000380s ]
INFO: [ view_end ] --END-- [ RunTime:0.000423s ]

[ 2015-04-10T14:54:16+08:00 ] 114.241.191.174 /manager.php/Member/getcity.html
INFO: [ route_check ] --START--
INFO: CheckRoute Behavior ::run [ RunTime:0.000450s ]
INFO: [ route_check ] --END-- [ RunTime:0.000511s ]
INFO: [ app_begin ] --START--
INFO: ReadHtmlCache Behavior ::run [ RunTime:0.000316s ]
INFO: [ app_begin ] --END-- [ RunTime:0.000357s ]
SQL: SHOW COLUMNS FROM `t_city` [ RunTime:0.000475s ]
ERR: 1146:Table 'tangliangdbs.t_city' doesn't exist
 [ SQL语句 ] : SHOW COLUMNS FROM `t_city`
SQL: SHOW COLUMNS FROM `t_area` [ RunTime:0.000415s ]
SQL: SELECT * FROM `t_area` WHERE ( parent_id=2 )  [ RunTime:0.000228s ]

[ 2015-04-10T14:54:30+08:00 ] 114.241.191.174 /manager.php/Member/addmember.html
INFO: [ route_check ] --START--
INFO: CheckRoute Behavior ::run [ RunTime:0.000480s ]
INFO: [ route_check ] --END-- [ RunTime:0.000541s ]
INFO: [ app_begin ] --START--
INFO: ReadHtmlCache Behavior ::run [ RunTime:0.000299s ]
INFO: [ app_begin ] --END-- [ RunTime:0.000336s ]

[ 2015-04-10T14:54:37+08:00 ] 114.241.191.174 /manager.php/Member/foreman.html
INFO: [ route_check ] --START--
INFO: CheckRoute Behavior ::run [ RunTime:0.000463s ]
INFO: [ route_check ] --END-- [ RunTime:0.000525s ]
INFO: [ app_begin ] --START--
INFO: ReadHtmlCache Behavior ::run [ RunTime:0.000323s ]
INFO: [ app_begin ] --END-- [ RunTime:0.000366s ]
SQL: SHOW COLUMNS FROM `t_node` [ RunTime:0.000639s ]
SQL: SELECT * FROM `t_node` WHERE ( pid=1 and  status=1 and is_menu=1 ) ORDER BY sort asc  [ RunTime:0.000298s ]
SQL: SHOW COLUMNS FROM `t_node` [ RunTime:0.000438s ]
SQL: SELECT `id` FROM `t_node` WHERE ( name='Member' ) LIMIT 1   [ RunTime:0.000161s ]
SQL: SHOW COLUMNS FROM `t_node` [ RunTime:0.000402s ]
SQL: SELECT * FROM `t_node` WHERE ( pid=3 and  status=1 and is_menu=1 ) ORDER BY sort asc  [ RunTime:0.000196s ]
SQL: SHOW COLUMNS FROM `t_foremanview` [ RunTime:0.000938s ]
NOTIC: [8] Undefined index: keys /mnt/b/Admin/Lib/Action/MemberAction.class.php 第 347 行.
NOTIC: [8] Undefined index: start_date /mnt/b/Admin/Lib/Action/MemberAction.class.php 第 351 行.
NOTIC: [8] Undefined index: end_date /mnt/b/Admin/Lib/Action/MemberAction.class.php 第 353 行.
NOTIC: [8] Undefined index: province /mnt/b/Admin/Lib/Action/MemberAction.class.php 第 364 行.
NOTIC: [8] Undefined index: city /mnt/b/Admin/Lib/Action/MemberAction.class.php 第 366 行.
SQL: SELECT COUNT(*) AS tp_count FROM `t_foremanview` WHERE ( 1 ) ORDER BY a_id desc LIMIT 1   [ RunTime:0.000572s ]
SQL: SELECT * FROM `t_foremanview` WHERE ( 1 ) ORDER BY a_id desc  [ RunTime:0.000281s ]
SQL: SHOW COLUMNS FROM `t_member` [ RunTime:0.000551s ]
SQL: SHOW COLUMNS FROM `t_city` [ RunTime:0.000280s ]
ERR: 1146:Table 'tangliangdbs.t_city' doesn't exist
 [ SQL语句 ] : SHOW COLUMNS FROM `t_city`
SQL: SHOW COLUMNS FROM `t_area` [ RunTime:0.000366s ]
SQL: SELECT * FROM `t_area` WHERE ( parent_id=1 )  [ RunTime:0.000229s ]
SQL: SELECT `region_name` FROM `t_area` WHERE ( region_id= and agency_id=1 ) LIMIT 1   [ RunTime:0.000081s ]
ERR: 1064:You have an error in your SQL syntax; check the manual that corresponds to your MySQL server version for the right syntax to use near 'and agency_id=1 ) LIMIT 1' at line 1
 [ SQL语句 ] : SELECT `region_name` FROM `t_area` WHERE ( region_id= and agency_id=1 ) LIMIT 1  
INFO: [ view_parse ] --START--
NOTIC: [8] Use of undefined constant name - assumed 'name' /mnt/b/temp/Admin/Cache/5f361a72f4b2c4b13e851e65a6597789.php 第 85 行.
NOTIC: [8] Use of undefined constant name - assumed 'name' /mnt/b/temp/Admin/Cache/5f361a72f4b2c4b13e851e65a6597789.php 第 85 行.
NOTIC: [8] Use of undefined constant name - assumed 'name' /mnt/b/temp/Admin/Cache/5f361a72f4b2c4b13e851e65a6597789.php 第 85 行.
NOTIC: [8] Use of undefined constant name - assumed 'name' /mnt/b/temp/Admin/Cache/5f361a72f4b2c4b13e851e65a6597789.php 第 85 行.
NOTIC: [8] Use of undefined constant name - assumed 'name' /mnt/b/temp/Admin/Cache/5f361a72f4b2c4b13e851e65a6597789.php 第 141 行.
NOTIC: [8] Use of undefined constant name - assumed 'name' /mnt/b/temp/Admin/Cache/5f361a72f4b2c4b13e851e65a6597789.php 第 141 行.
NOTIC: [8] Use of undefined constant name - assumed 'name' /mnt/b/temp/Admin/Cache/5f361a72f4b2c4b13e851e65a6597789.php 第 141 行.
NOTIC: [8] Use of undefined constant region_id - assumed 'region_id' /mnt/b/temp/Admin/Cache/5f361a72f4b2c4b13e851e65a6597789.php 第 168 行.
NOTIC: [8] Use of undefined constant region_id - assumed 'region_id' /mnt/b/temp/Admin/Cache/5f361a72f4b2c4b13e851e65a6597789.php 第 168 行.
NOTIC: [8] Use of undefined constant region_id - assumed 'region_id' /mnt/b/temp/Admin/Cache/5f361a72f4b2c4b13e851e65a6597789.php 第 168 行.
NOTIC: [8] Use of undefined constant region_id - assumed 'region_id' /mnt/b/temp/Admin/Cache/5f361a72f4b2c4b13e851e65a6597789.php 第 168 行.
NOTIC: [8] Use of undefined constant region_id - assumed 'region_id' /mnt/b/temp/Admin/Cache/5f361a72f4b2c4b13e851e65a6597789.php 第 168 行.
NOTIC: [8] Use of undefined constant region_id - assumed 'region_id' /mnt/b/temp/Admin/Cache/5f361a72f4b2c4b13e851e65a6597789.php 第 168 行.
NOTIC: [8] Use of undefined constant region_id - assumed 'region_id' /mnt/b/temp/Admin/Cache/5f361a72f4b2c4b13e851e65a6597789.php 第 168 行.
NOTIC: [8] Use of undefined constant region_id - assumed 'region_id' /mnt/b/temp/Admin/Cache/5f361a72f4b2c4b13e851e65a6597789.php 第 168 行.
NOTIC: [8] Use of undefined constant region_id - assumed 'region_id' /mnt/b/temp/Admin/Cache/5f361a72f4b2c4b13e851e65a6597789.php 第 168 行.
NOTIC: [8] Use of undefined constant region_id - assumed 'region_id' /mnt/b/temp/Admin/Cache/5f361a72f4b2c4b13e851e65a6597789.php 第 168 行.
NOTIC: [8] Use of undefined constant region_id - assumed 'region_id' /mnt/b/temp/Admin/Cache/5f361a72f4b2c4b13e851e65a6597789.php 第 168 行.
NOTIC: [8] Use of undefined constant region_id - assumed 'region_id' /mnt/b/temp/Admin/Cache/5f361a72f4b2c4b13e851e65a6597789.php 第 168 行.
NOTIC: [8] Use of undefined constant region_id - assumed 'region_id' /mnt/b/temp/Admin/Cache/5f361a72f4b2c4b13e851e65a6597789.php 第 168 行.
NOTIC: [8] Use of undefined constant region_id - assumed 'region_id' /mnt/b/temp/Admin/Cache/5f361a72f4b2c4b13e851e65a6597789.php 第 168 行.
NOTIC: [8] Use of undefined constant region_id - assumed 'region_id' /mnt/b/temp/Admin/Cache/5f361a72f4b2c4b13e851e65a6597789.php 第 168 行.
NOTIC: [8] Use of undefined constant region_id - assumed 'region_id' /mnt/b/temp/Admin/Cache/5f361a72f4b2c4b13e851e65a6597789.php 第 168 行.
NOTIC: [8] Use of undefined constant region_id - assumed 'region_id' /mnt/b/temp/Admin/Cache/5f361a72f4b2c4b13e851e65a6597789.php 第 168 行.
NOTIC: [8] Use of undefined constant region_id - assumed 'region_id' /mnt/b/temp/Admin/Cache/5f361a72f4b2c4b13e851e65a6597789.php 第 168 行.
NOTIC: [8] Use of undefined constant region_id - assumed 'region_id' /mnt/b/temp/Admin/Cache/5f361a72f4b2c4b13e851e65a6597789.php 第 168 行.
NOTIC: [8] Use of undefined constant region_id - assumed 'region_id' /mnt/b/temp/Admin/Cache/5f361a72f4b2c4b13e851e65a6597789.php 第 168 行.
NOTIC: [8] Use of undefined constant region_id - assumed 'region_id' /mnt/b/temp/Admin/Cache/5f361a72f4b2c4b13e851e65a6597789.php 第 168 行.
NOTIC: [8] Use of undefined constant region_id - assumed 'region_id' /mnt/b/temp/Admin/Cache/5f361a72f4b2c4b13e851e65a6597789.php 第 168 行.
NOTIC: [8] Use of undefined constant region_id - assumed 'region_id' /mnt/b/temp/Admin/Cache/5f361a72f4b2c4b13e851e65a6597789.php 第 168 行.
NOTIC: [8] Use of undefined constant region_id - assumed 'region_id' /mnt/b/temp/Admin/Cache/5f361a72f4b2c4b13e851e65a6597789.php 第 168 行.
NOTIC: [8] Use of undefined constant region_id - assumed 'region_id' /mnt/b/temp/Admin/Cache/5f361a72f4b2c4b13e851e65a6597789.php 第 168 行.
NOTIC: [8] Use of undefined constant region_id - assumed 'region_id' /mnt/b/temp/Admin/Cache/5f361a72f4b2c4b13e851e65a6597789.php 第 168 行.
NOTIC: [8] Use of undefined constant region_id - assumed 'region_id' /mnt/b/temp/Admin/Cache/5f361a72f4b2c4b13e851e65a6597789.php 第 168 行.
NOTIC: [8] Use of undefined constant region_id - assumed 'region_id' /mnt/b/temp/Admin/Cache/5f361a72f4b2c4b13e851e65a6597789.php 第 168 行.
NOTIC: [8] Use of undefined constant region_id - assumed 'region_id' /mnt/b/temp/Admin/Cache/5f361a72f4b2c4b13e851e65a6597789.php 第 168 行.
NOTIC: [8] Use of undefined constant region_id - assumed 'region_id' /mnt/b/temp/Admin/Cache/5f361a72f4b2c4b13e851e65a6597789.php 第 168 行.
NOTIC: [8] Use of undefined constant region_id - assumed 'region_id' /mnt/b/temp/Admin/Cache/5f361a72f4b2c4b13e851e65a6597789.php 第 168 行.
NOTIC: [8] Use of undefined constant region_id - assumed 'region_id' /mnt/b/temp/Admin/Cache/5f361a72f4b2c4b13e851e65a6597789.php 第 168 行.
NOTIC: [8] Use of undefined constant region_id - assumed 'region_id' /mnt/b/temp/Admin/Cache/5f361a72f4b2c4b13e851e65a6597789.php 第 168 行.
NOTIC: [8] Use of undefined constant region_id - assumed 'region_id' /mnt/b/temp/Admin/Cache/5f361a72f4b2c4b13e851e65a6597789.php 第 168 行.
NOTIC: [8] Use of undefined constant a_id - assumed 'a_id' /mnt/b/temp/Admin/Cache/5f361a72f4b2c4b13e851e65a6597789.php 第 205 行.
INFO: ParseTemplate Behavior ::run [ RunTime:0.024201s ]
INFO: [ view_parse ] --END-- [ RunTime:0.024265s ]
INFO: [ view_filter ] --START--
INFO: ContentReplace Behavior ::run [ RunTime:0.000406s ]
INFO: TokenBuild Behavior ::run [ RunTime:0.000323s ]
INFO: WriteHtmlCache Behavior ::run [ RunTime:0.000135s ]
INFO: ShowRuntime Behavior ::run [ RunTime:0.000340s ]
INFO: [ view_filter ] --END-- [ RunTime:0.001332s ]
INFO: [ view_end ] --START--
INFO: ShowPageTrace Behavior ::run [ RunTime:0.000373s ]
INFO: [ view_end ] --END-- [ RunTime:0.000417s ]

[ 2015-04-10T14:54:40+08:00 ] 114.241.191.174 /manager.php/Member/getforeman.html
INFO: [ route_check ] --START--
INFO: CheckRoute Behavior ::run [ RunTime:0.000518s ]
INFO: [ route_check ] --END-- [ RunTime:0.000579s ]
INFO: [ app_begin ] --START--
INFO: ReadHtmlCache Behavior ::run [ RunTime:0.000298s ]
INFO: [ app_begin ] --END-- [ RunTime:0.000337s ]
NOTIC: [8] Undefined index: is_cl /mnt/b/Admin/Lib/Action/MemberAction.class.php 第 506 行.
SQL: SHOW COLUMNS FROM `t_foremanview` [ RunTime:0.001034s ]
SQL: SELECT * FROM `t_foremanview` WHERE ( a_id=12 ) LIMIT 1   [ RunTime:0.000328s ]
NOTIC: [8] Undefined index: sex /mnt/b/Admin/Lib/Action/MemberAction.class.php 第 512 行.

